2026-04-18 00:24:54,366 INFO __main__: ============================================================
2026-04-18 00:24:54,366 INFO __main__:   Deforestation Detection Pipeline
2026-04-18 00:24:54,366 INFO __main__: ============================================================
2026-04-18 00:24:54,401 INFO __main__: Train tiles: 16 | Test tiles: 5
2026-04-18 00:24:54,401 INFO __main__: 
── Step 2: Feature Engineering & Label Fusion ──
2026-04-18 00:24:54,401 INFO __main__: [1/16] Processing 18NWG_6_6
/Users/luisdehlwes/Documents/osapiens/makeathon-challenge-2026/solution/run_pipeline.py:214: RuntimeWarning: Mean of empty slice
  pooled = np.nanmean(aef_base_reproj[g*group_size:(g+1)*group_size], axis=0)
/Users/luisdehlwes/Documents/osapiens/makeathon-challenge-2026/solution/run_pipeline.py:260: RuntimeWarning: All-NaN slice encountered
  feature_layers.append(np.nan_to_num(np.nanmax(yoy_stack, axis=0), nan=0.0))
/Users/luisdehlwes/Documents/osapiens/makeathon-challenge-2026/.venv/lib/python3.11/site-packages/numpy/lib/nanfunctions.py:1879: RuntimeWarning: Degrees of freedom <= 0 for slice.
  var = nanvar(a, axis=axis, dtype=dtype, out=out, ddof=ddof,
2026-04-18 00:25:21,671 INFO __main__:   18NWG_6_6: 79 features, shape (1002, 1002)
2026-04-18 00:25:21,785 INFO __main__:   18NWG_6_6: fused label — 269764/1004004 positive (26.87%)
2026-04-18 00:25:21,817 INFO __main__:   Sampled 100400 pixels (26951 positive)
2026-04-18 00:25:21,833 INFO __main__: [2/16] Processing 18NWH_1_4
/Users/luisdehlwes/Documents/osapiens/makeathon-challenge-2026/solution/src/features/temporal.py:19: RuntimeWarning: Mean of empty slice
  "mean": np.nanmean(time_series, axis=0),
/Users/luisdehlwes/Documents/osapiens/makeathon-challenge-2026/.venv/lib/python3.11/site-packages/numpy/lib/nanfunctions.py:1879: RuntimeWarning: Degrees of freedom <= 0 for slice.
  var = nanvar(a, axis=axis, dtype=dtype, out=out, ddof=ddof,
/Users/luisdehlwes/Documents/osapiens/makeathon-challenge-2026/solution/src/features/temporal.py:21: RuntimeWarning: All-NaN slice encountered
  "min": np.nanmin(time_series, axis=0),
/Users/luisdehlwes/Documents/osapiens/makeathon-challenge-2026/solution/src/features/temporal.py:22: RuntimeWarning: All-NaN slice encountered
  "max": np.nanmax(time_series, axis=0),
/Users/luisdehlwes/Documents/osapiens/makeathon-challenge-2026/solution/src/features/temporal.py:23: RuntimeWarning: All-NaN slice encountered
  "median": np.nanmedian(time_series, axis=0),
/Users/luisdehlwes/Documents/osapiens/makeathon-challenge-2026/solution/src/features/temporal.py:24: RuntimeWarning: All-NaN slice encountered
  "range": np.nanmax(time_series, axis=0) - np.nanmin(time_series, axis=0),
/Users/luisdehlwes/Documents/osapiens/makeathon-challenge-2026/solution/src/features/temporal.py:43: RuntimeWarning: Mean of empty slice
  y_mean = np.nanmean(flat, axis=0)
/Users/luisdehlwes/Documents/osapiens/makeathon-challenge-2026/solution/src/features/temporal.py:44: RuntimeWarning: Mean of empty slice
  cov = np.nanmean((x[:, None] - x_mean) * (flat - y_mean[None, :]), axis=0)
/Users/luisdehlwes/Documents/osapiens/makeathon-challenge-2026/solution/src/features/temporal.py:64: RuntimeWarning: Mean of empty slice
  base_mean = np.nanmean(baseline, axis=0)
/Users/luisdehlwes/Documents/osapiens/makeathon-challenge-2026/solution/src/features/temporal.py:65: RuntimeWarning: Mean of empty slice
  post_mean = np.nanmean(post, axis=0)
/Users/luisdehlwes/Documents/osapiens/makeathon-challenge-2026/solution/src/features/temporal.py:70: RuntimeWarning: All-NaN slice encountered
  "delta_min": np.nanmin(post, axis=0) - np.nanmin(baseline, axis=0),
/Users/luisdehlwes/Documents/osapiens/makeathon-challenge-2026/solution/src/features/temporal.py:71: RuntimeWarning: All-NaN slice encountered
  "delta_max": np.nanmax(post, axis=0) - np.nanmax(baseline, axis=0),
/Users/luisdehlwes/Documents/osapiens/makeathon-challenge-2026/solution/run_pipeline.py:214: RuntimeWarning: Mean of empty slice
  pooled = np.nanmean(aef_base_reproj[g*group_size:(g+1)*group_size], axis=0)
/Users/luisdehlwes/Documents/osapiens/makeathon-challenge-2026/solution/run_pipeline.py:260: RuntimeWarning: All-NaN slice encountered
  feature_layers.append(np.nan_to_num(np.nanmax(yoy_stack, axis=0), nan=0.0))
/Users/luisdehlwes/Documents/osapiens/makeathon-challenge-2026/.venv/lib/python3.11/site-packages/numpy/lib/nanfunctions.py:1879: RuntimeWarning: Degrees of freedom <= 0 for slice.
  var = nanvar(a, axis=axis, dtype=dtype, out=out, ddof=ddof,
2026-04-18 00:25:48,503 INFO __main__:   18NWH_1_4: 79 features, shape (1002, 1002)
2026-04-18 00:25:48,624 INFO __main__:   18NWH_1_4: fused label — 13673/1004004 positive (1.36%)
2026-04-18 00:25:48,658 INFO __main__:   Sampled 100400 pixels (1357 positive)
2026-04-18 00:25:48,673 INFO __main__: [3/16] Processing 18NWJ_8_9
/Users/luisdehlwes/Documents/osapiens/makeathon-challenge-2026/solution/run_pipeline.py:214: RuntimeWarning: Mean of empty slice
  pooled = np.nanmean(aef_base_reproj[g*group_size:(g+1)*group_size], axis=0)
/Users/luisdehlwes/Documents/osapiens/makeathon-challenge-2026/solution/run_pipeline.py:260: RuntimeWarning: All-NaN slice encountered
  feature_layers.append(np.nan_to_num(np.nanmax(yoy_stack, axis=0), nan=0.0))
/Users/luisdehlwes/Documents/osapiens/makeathon-challenge-2026/.venv/lib/python3.11/site-packages/numpy/lib/nanfunctions.py:1879: RuntimeWarning: Degrees of freedom <= 0 for slice.
  var = nanvar(a, axis=axis, dtype=dtype, out=out, ddof=ddof,
2026-04-18 00:26:15,751 INFO __main__:   18NWJ_8_9: 79 features, shape (1002, 1002)
2026-04-18 00:26:15,874 INFO __main__:   18NWJ_8_9: fused label — 37560/1004004 positive (3.74%)
2026-04-18 00:26:15,907 INFO __main__:   Sampled 100400 pixels (3754 positive)
2026-04-18 00:26:15,922 INFO __main__: [4/16] Processing 18NWM_9_4
/Users/luisdehlwes/Documents/osapiens/makeathon-challenge-2026/solution/src/features/temporal.py:19: RuntimeWarning: Mean of empty slice
  "mean": np.nanmean(time_series, axis=0),
/Users/luisdehlwes/Documents/osapiens/makeathon-challenge-2026/.venv/lib/python3.11/site-packages/numpy/lib/nanfunctions.py:1879: RuntimeWarning: Degrees of freedom <= 0 for slice.
  var = nanvar(a, axis=axis, dtype=dtype, out=out, ddof=ddof,
/Users/luisdehlwes/Documents/osapiens/makeathon-challenge-2026/solution/src/features/temporal.py:21: RuntimeWarning: All-NaN slice encountered
  "min": np.nanmin(time_series, axis=0),
/Users/luisdehlwes/Documents/osapiens/makeathon-challenge-2026/solution/src/features/temporal.py:22: RuntimeWarning: All-NaN slice encountered
  "max": np.nanmax(time_series, axis=0),
/Users/luisdehlwes/Documents/osapiens/makeathon-challenge-2026/solution/src/features/temporal.py:23: RuntimeWarning: All-NaN slice encountered
  "median": np.nanmedian(time_series, axis=0),
/Users/luisdehlwes/Documents/osapiens/makeathon-challenge-2026/solution/src/features/temporal.py:24: RuntimeWarning: All-NaN slice encountered
  "range": np.nanmax(time_series, axis=0) - np.nanmin(time_series, axis=0),
/Users/luisdehlwes/Documents/osapiens/makeathon-challenge-2026/solution/src/features/temporal.py:43: RuntimeWarning: Mean of empty slice
  y_mean = np.nanmean(flat, axis=0)
/Users/luisdehlwes/Documents/osapiens/makeathon-challenge-2026/solution/src/features/temporal.py:44: RuntimeWarning: Mean of empty slice
  cov = np.nanmean((x[:, None] - x_mean) * (flat - y_mean[None, :]), axis=0)
/Users/luisdehlwes/Documents/osapiens/makeathon-challenge-2026/solution/src/features/temporal.py:64: RuntimeWarning: Mean of empty slice
  base_mean = np.nanmean(baseline, axis=0)
/Users/luisdehlwes/Documents/osapiens/makeathon-challenge-2026/solution/src/features/temporal.py:65: RuntimeWarning: Mean of empty slice
  post_mean = np.nanmean(post, axis=0)
/Users/luisdehlwes/Documents/osapiens/makeathon-challenge-2026/solution/src/features/temporal.py:70: RuntimeWarning: All-NaN slice encountered
  "delta_min": np.nanmin(post, axis=0) - np.nanmin(baseline, axis=0),
/Users/luisdehlwes/Documents/osapiens/makeathon-challenge-2026/solution/src/features/temporal.py:71: RuntimeWarning: All-NaN slice encountered
  "delta_max": np.nanmax(post, axis=0) - np.nanmax(baseline, axis=0),
/Users/luisdehlwes/Documents/osapiens/makeathon-challenge-2026/solution/run_pipeline.py:214: RuntimeWarning: Mean of empty slice
  pooled = np.nanmean(aef_base_reproj[g*group_size:(g+1)*group_size], axis=0)
/Users/luisdehlwes/Documents/osapiens/makeathon-challenge-2026/solution/run_pipeline.py:260: RuntimeWarning: All-NaN slice encountered
  feature_layers.append(np.nan_to_num(np.nanmax(yoy_stack, axis=0), nan=0.0))
/Users/luisdehlwes/Documents/osapiens/makeathon-challenge-2026/.venv/lib/python3.11/site-packages/numpy/lib/nanfunctions.py:1879: RuntimeWarning: Degrees of freedom <= 0 for slice.
  var = nanvar(a, axis=axis, dtype=dtype, out=out, ddof=ddof,
2026-04-18 00:26:18,274 INFO __main__:   18NWM_9_4: 79 features, shape (1004, 2)
2026-04-18 00:26:18,292 INFO __main__:   18NWM_9_4: fused label — 0/2008 positive (0.00%)
2026-04-18 00:26:18,292 INFO __main__:   Sampled 200 pixels (0 positive)
2026-04-18 00:26:18,329 INFO __main__: [5/16] Processing 18NXH_6_8
/Users/luisdehlwes/Documents/osapiens/makeathon-challenge-2026/solution/run_pipeline.py:214: RuntimeWarning: Mean of empty slice
  pooled = np.nanmean(aef_base_reproj[g*group_size:(g+1)*group_size], axis=0)
/Users/luisdehlwes/Documents/osapiens/makeathon-challenge-2026/solution/run_pipeline.py:260: RuntimeWarning: All-NaN slice encountered
  feature_layers.append(np.nan_to_num(np.nanmax(yoy_stack, axis=0), nan=0.0))
/Users/luisdehlwes/Documents/osapiens/makeathon-challenge-2026/.venv/lib/python3.11/site-packages/numpy/lib/nanfunctions.py:1879: RuntimeWarning: Degrees of freedom <= 0 for slice.
  var = nanvar(a, axis=axis, dtype=dtype, out=out, ddof=ddof,
2026-04-18 00:26:44,687 INFO __main__:   18NXH_6_8: 79 features, shape (1002, 1002)
2026-04-18 00:26:44,803 INFO __main__:   18NXH_6_8: fused label — 228456/1004004 positive (22.75%)
2026-04-18 00:26:44,837 INFO __main__:   Sampled 100400 pixels (22937 positive)
2026-04-18 00:26:44,852 INFO __main__: [6/16] Processing 18NXJ_7_6
/Users/luisdehlwes/Documents/osapiens/makeathon-challenge-2026/solution/src/features/temporal.py:19: RuntimeWarning: Mean of empty slice
  "mean": np.nanmean(time_series, axis=0),
/Users/luisdehlwes/Documents/osapiens/makeathon-challenge-2026/.venv/lib/python3.11/site-packages/numpy/lib/nanfunctions.py:1879: RuntimeWarning: Degrees of freedom <= 0 for slice.
  var = nanvar(a, axis=axis, dtype=dtype, out=out, ddof=ddof,
/Users/luisdehlwes/Documents/osapiens/makeathon-challenge-2026/solution/src/features/temporal.py:21: RuntimeWarning: All-NaN slice encountered
  "min": np.nanmin(time_series, axis=0),
/Users/luisdehlwes/Documents/osapiens/makeathon-challenge-2026/solution/src/features/temporal.py:22: RuntimeWarning: All-NaN slice encountered
  "max": np.nanmax(time_series, axis=0),
/Users/luisdehlwes/Documents/osapiens/makeathon-challenge-2026/solution/src/features/temporal.py:23: RuntimeWarning: All-NaN slice encountered
  "median": np.nanmedian(time_series, axis=0),
/Users/luisdehlwes/Documents/osapiens/makeathon-challenge-2026/solution/src/features/temporal.py:24: RuntimeWarning: All-NaN slice encountered
  "range": np.nanmax(time_series, axis=0) - np.nanmin(time_series, axis=0),
/Users/luisdehlwes/Documents/osapiens/makeathon-challenge-2026/solution/src/features/temporal.py:43: RuntimeWarning: Mean of empty slice
  y_mean = np.nanmean(flat, axis=0)
/Users/luisdehlwes/Documents/osapiens/makeathon-challenge-2026/solution/src/features/temporal.py:44: RuntimeWarning: Mean of empty slice
  cov = np.nanmean((x[:, None] - x_mean) * (flat - y_mean[None, :]), axis=0)
/Users/luisdehlwes/Documents/osapiens/makeathon-challenge-2026/solution/src/features/temporal.py:64: RuntimeWarning: Mean of empty slice
  base_mean = np.nanmean(baseline, axis=0)
/Users/luisdehlwes/Documents/osapiens/makeathon-challenge-2026/solution/src/features/temporal.py:65: RuntimeWarning: Mean of empty slice
  post_mean = np.nanmean(post, axis=0)
/Users/luisdehlwes/Documents/osapiens/makeathon-challenge-2026/solution/src/features/temporal.py:70: RuntimeWarning: All-NaN slice encountered
  "delta_min": np.nanmin(post, axis=0) - np.nanmin(baseline, axis=0),
/Users/luisdehlwes/Documents/osapiens/makeathon-challenge-2026/solution/src/features/temporal.py:71: RuntimeWarning: All-NaN slice encountered
  "delta_max": np.nanmax(post, axis=0) - np.nanmax(baseline, axis=0),
/Users/luisdehlwes/Documents/osapiens/makeathon-challenge-2026/solution/run_pipeline.py:214: RuntimeWarning: Mean of empty slice
  pooled = np.nanmean(aef_base_reproj[g*group_size:(g+1)*group_size], axis=0)
/Users/luisdehlwes/Documents/osapiens/makeathon-challenge-2026/solution/run_pipeline.py:260: RuntimeWarning: All-NaN slice encountered
  feature_layers.append(np.nan_to_num(np.nanmax(yoy_stack, axis=0), nan=0.0))
/Users/luisdehlwes/Documents/osapiens/makeathon-challenge-2026/.venv/lib/python3.11/site-packages/numpy/lib/nanfunctions.py:1879: RuntimeWarning: Degrees of freedom <= 0 for slice.
  var = nanvar(a, axis=axis, dtype=dtype, out=out, ddof=ddof,
2026-04-18 00:27:10,482 INFO __main__:   18NXJ_7_6: 79 features, shape (1004, 1004)
2026-04-18 00:27:10,611 INFO __main__:   18NXJ_7_6: fused label — 10984/1008016 positive (1.09%)
2026-04-18 00:27:10,644 INFO __main__:   Sampled 100801 pixels (1010 positive)
2026-04-18 00:27:10,660 INFO __main__: [7/16] Processing 18NYH_9_9
/Users/luisdehlwes/Documents/osapiens/makeathon-challenge-2026/solution/src/features/temporal.py:64: RuntimeWarning: Mean of empty slice
  base_mean = np.nanmean(baseline, axis=0)
/Users/luisdehlwes/Documents/osapiens/makeathon-challenge-2026/solution/src/features/temporal.py:70: RuntimeWarning: All-NaN slice encountered
  "delta_min": np.nanmin(post, axis=0) - np.nanmin(baseline, axis=0),
/Users/luisdehlwes/Documents/osapiens/makeathon-challenge-2026/solution/src/features/temporal.py:71: RuntimeWarning: All-NaN slice encountered
  "delta_max": np.nanmax(post, axis=0) - np.nanmax(baseline, axis=0),
/Users/luisdehlwes/Documents/osapiens/makeathon-challenge-2026/solution/run_pipeline.py:214: RuntimeWarning: Mean of empty slice
  pooled = np.nanmean(aef_base_reproj[g*group_size:(g+1)*group_size], axis=0)
/Users/luisdehlwes/Documents/osapiens/makeathon-challenge-2026/solution/run_pipeline.py:260: RuntimeWarning: All-NaN slice encountered
  feature_layers.append(np.nan_to_num(np.nanmax(yoy_stack, axis=0), nan=0.0))
/Users/luisdehlwes/Documents/osapiens/makeathon-challenge-2026/.venv/lib/python3.11/site-packages/numpy/lib/nanfunctions.py:1879: RuntimeWarning: Degrees of freedom <= 0 for slice.
  var = nanvar(a, axis=axis, dtype=dtype, out=out, ddof=ddof,
2026-04-18 00:27:12,897 INFO __main__:   18NYH_9_9: 79 features, shape (6, 4)
2026-04-18 00:27:12,913 INFO __main__:   18NYH_9_9: fused label — 0/24 positive (0.00%)
2026-04-18 00:27:12,914 INFO __main__:   Sampled 2 pixels (0 positive)
2026-04-18 00:27:12,928 INFO __main__: [8/16] Processing 19NBD_4_4
/Users/luisdehlwes/Documents/osapiens/makeathon-challenge-2026/solution/src/features/temporal.py:19: RuntimeWarning: Mean of empty slice
  "mean": np.nanmean(time_series, axis=0),
/Users/luisdehlwes/Documents/osapiens/makeathon-challenge-2026/.venv/lib/python3.11/site-packages/numpy/lib/nanfunctions.py:1879: RuntimeWarning: Degrees of freedom <= 0 for slice.
  var = nanvar(a, axis=axis, dtype=dtype, out=out, ddof=ddof,
/Users/luisdehlwes/Documents/osapiens/makeathon-challenge-2026/solution/src/features/temporal.py:21: RuntimeWarning: All-NaN slice encountered
  "min": np.nanmin(time_series, axis=0),
/Users/luisdehlwes/Documents/osapiens/makeathon-challenge-2026/solution/src/features/temporal.py:22: RuntimeWarning: All-NaN slice encountered
  "max": np.nanmax(time_series, axis=0),
/Users/luisdehlwes/Documents/osapiens/makeathon-challenge-2026/solution/src/features/temporal.py:23: RuntimeWarning: All-NaN slice encountered
  "median": np.nanmedian(time_series, axis=0),
/Users/luisdehlwes/Documents/osapiens/makeathon-challenge-2026/solution/src/features/temporal.py:24: RuntimeWarning: All-NaN slice encountered
  "range": np.nanmax(time_series, axis=0) - np.nanmin(time_series, axis=0),
/Users/luisdehlwes/Documents/osapiens/makeathon-challenge-2026/solution/src/features/temporal.py:43: RuntimeWarning: Mean of empty slice
  y_mean = np.nanmean(flat, axis=0)
/Users/luisdehlwes/Documents/osapiens/makeathon-challenge-2026/solution/src/features/temporal.py:44: RuntimeWarning: Mean of empty slice
  cov = np.nanmean((x[:, None] - x_mean) * (flat - y_mean[None, :]), axis=0)
/Users/luisdehlwes/Documents/osapiens/makeathon-challenge-2026/solution/src/features/temporal.py:64: RuntimeWarning: Mean of empty slice
  base_mean = np.nanmean(baseline, axis=0)
/Users/luisdehlwes/Documents/osapiens/makeathon-challenge-2026/solution/src/features/temporal.py:65: RuntimeWarning: Mean of empty slice
  post_mean = np.nanmean(post, axis=0)
/Users/luisdehlwes/Documents/osapiens/makeathon-challenge-2026/solution/src/features/temporal.py:70: RuntimeWarning: All-NaN slice encountered
  "delta_min": np.nanmin(post, axis=0) - np.nanmin(baseline, axis=0),
/Users/luisdehlwes/Documents/osapiens/makeathon-challenge-2026/solution/src/features/temporal.py:71: RuntimeWarning: All-NaN slice encountered
  "delta_max": np.nanmax(post, axis=0) - np.nanmax(baseline, axis=0),
/Users/luisdehlwes/Documents/osapiens/makeathon-challenge-2026/solution/run_pipeline.py:214: RuntimeWarning: Mean of empty slice
  pooled = np.nanmean(aef_base_reproj[g*group_size:(g+1)*group_size], axis=0)
/Users/luisdehlwes/Documents/osapiens/makeathon-challenge-2026/solution/run_pipeline.py:260: RuntimeWarning: All-NaN slice encountered
  feature_layers.append(np.nan_to_num(np.nanmax(yoy_stack, axis=0), nan=0.0))
/Users/luisdehlwes/Documents/osapiens/makeathon-challenge-2026/.venv/lib/python3.11/site-packages/numpy/lib/nanfunctions.py:1879: RuntimeWarning: Degrees of freedom <= 0 for slice.
  var = nanvar(a, axis=axis, dtype=dtype, out=out, ddof=ddof,
2026-04-18 00:27:34,404 INFO __main__:   19NBD_4_4: 79 features, shape (1006, 1006)
2026-04-18 00:27:34,523 INFO __main__:   19NBD_4_4: fused label — 52776/1012036 positive (5.21%)
2026-04-18 00:27:34,556 INFO __main__:   Sampled 101203 pixels (5153 positive)
2026-04-18 00:27:34,571 INFO __main__: [9/16] Processing 47QMB_0_8
/Users/luisdehlwes/Documents/osapiens/makeathon-challenge-2026/solution/src/features/temporal.py:19: RuntimeWarning: Mean of empty slice
  "mean": np.nanmean(time_series, axis=0),
/Users/luisdehlwes/Documents/osapiens/makeathon-challenge-2026/.venv/lib/python3.11/site-packages/numpy/lib/nanfunctions.py:1879: RuntimeWarning: Degrees of freedom <= 0 for slice.
  var = nanvar(a, axis=axis, dtype=dtype, out=out, ddof=ddof,
/Users/luisdehlwes/Documents/osapiens/makeathon-challenge-2026/solution/src/features/temporal.py:21: RuntimeWarning: All-NaN slice encountered
  "min": np.nanmin(time_series, axis=0),
/Users/luisdehlwes/Documents/osapiens/makeathon-challenge-2026/solution/src/features/temporal.py:22: RuntimeWarning: All-NaN slice encountered
  "max": np.nanmax(time_series, axis=0),
/Users/luisdehlwes/Documents/osapiens/makeathon-challenge-2026/solution/src/features/temporal.py:23: RuntimeWarning: All-NaN slice encountered
  "median": np.nanmedian(time_series, axis=0),
/Users/luisdehlwes/Documents/osapiens/makeathon-challenge-2026/solution/src/features/temporal.py:24: RuntimeWarning: All-NaN slice encountered
  "range": np.nanmax(time_series, axis=0) - np.nanmin(time_series, axis=0),
/Users/luisdehlwes/Documents/osapiens/makeathon-challenge-2026/solution/src/features/temporal.py:43: RuntimeWarning: Mean of empty slice
  y_mean = np.nanmean(flat, axis=0)
/Users/luisdehlwes/Documents/osapiens/makeathon-challenge-2026/solution/src/features/temporal.py:44: RuntimeWarning: Mean of empty slice
  cov = np.nanmean((x[:, None] - x_mean) * (flat - y_mean[None, :]), axis=0)
/Users/luisdehlwes/Documents/osapiens/makeathon-challenge-2026/solution/src/features/temporal.py:64: RuntimeWarning: Mean of empty slice
  base_mean = np.nanmean(baseline, axis=0)
/Users/luisdehlwes/Documents/osapiens/makeathon-challenge-2026/solution/src/features/temporal.py:65: RuntimeWarning: Mean of empty slice
  post_mean = np.nanmean(post, axis=0)
/Users/luisdehlwes/Documents/osapiens/makeathon-challenge-2026/solution/src/features/temporal.py:70: RuntimeWarning: All-NaN slice encountered
  "delta_min": np.nanmin(post, axis=0) - np.nanmin(baseline, axis=0),
/Users/luisdehlwes/Documents/osapiens/makeathon-challenge-2026/solution/src/features/temporal.py:71: RuntimeWarning: All-NaN slice encountered
  "delta_max": np.nanmax(post, axis=0) - np.nanmax(baseline, axis=0),
/Users/luisdehlwes/Documents/osapiens/makeathon-challenge-2026/solution/run_pipeline.py:214: RuntimeWarning: Mean of empty slice
  pooled = np.nanmean(aef_base_reproj[g*group_size:(g+1)*group_size], axis=0)
/Users/luisdehlwes/Documents/osapiens/makeathon-challenge-2026/solution/run_pipeline.py:260: RuntimeWarning: All-NaN slice encountered
  feature_layers.append(np.nan_to_num(np.nanmax(yoy_stack, axis=0), nan=0.0))
/Users/luisdehlwes/Documents/osapiens/makeathon-challenge-2026/.venv/lib/python3.11/site-packages/numpy/lib/nanfunctions.py:1879: RuntimeWarning: Degrees of freedom <= 0 for slice.
  var = nanvar(a, axis=axis, dtype=dtype, out=out, ddof=ddof,
2026-04-18 00:28:05,365 INFO __main__:   47QMB_0_8: 79 features, shape (1012, 986)
2026-04-18 00:28:05,447 INFO rasterio._env: GDAL signalled an error: err_no=4, msg='/Users/luisdehlwes/Documents/osapiens/makeathon-challenge-2026/data/makeathon-challenge/labels/train/glads2/glads2_47QMB_0_8_alert.tif: No such file or directory'
2026-04-18 00:28:05,484 INFO __main__:   47QMB_0_8: fused label — 514/997832 positive (0.05%)
2026-04-18 00:28:05,518 INFO __main__:   Sampled 99783 pixels (61 positive)
2026-04-18 00:28:05,534 INFO __main__: [10/16] Processing 47QQV_2_4
/Users/luisdehlwes/Documents/osapiens/makeathon-challenge-2026/solution/src/features/temporal.py:19: RuntimeWarning: Mean of empty slice
  "mean": np.nanmean(time_series, axis=0),
/Users/luisdehlwes/Documents/osapiens/makeathon-challenge-2026/.venv/lib/python3.11/site-packages/numpy/lib/nanfunctions.py:1879: RuntimeWarning: Degrees of freedom <= 0 for slice.
  var = nanvar(a, axis=axis, dtype=dtype, out=out, ddof=ddof,
/Users/luisdehlwes/Documents/osapiens/makeathon-challenge-2026/solution/src/features/temporal.py:21: RuntimeWarning: All-NaN slice encountered
  "min": np.nanmin(time_series, axis=0),
/Users/luisdehlwes/Documents/osapiens/makeathon-challenge-2026/solution/src/features/temporal.py:22: RuntimeWarning: All-NaN slice encountered
  "max": np.nanmax(time_series, axis=0),
/Users/luisdehlwes/Documents/osapiens/makeathon-challenge-2026/solution/src/features/temporal.py:23: RuntimeWarning: All-NaN slice encountered
  "median": np.nanmedian(time_series, axis=0),
/Users/luisdehlwes/Documents/osapiens/makeathon-challenge-2026/solution/src/features/temporal.py:24: RuntimeWarning: All-NaN slice encountered
  "range": np.nanmax(time_series, axis=0) - np.nanmin(time_series, axis=0),
/Users/luisdehlwes/Documents/osapiens/makeathon-challenge-2026/solution/src/features/temporal.py:43: RuntimeWarning: Mean of empty slice
  y_mean = np.nanmean(flat, axis=0)
/Users/luisdehlwes/Documents/osapiens/makeathon-challenge-2026/solution/src/features/temporal.py:44: RuntimeWarning: Mean of empty slice
  cov = np.nanmean((x[:, None] - x_mean) * (flat - y_mean[None, :]), axis=0)
/Users/luisdehlwes/Documents/osapiens/makeathon-challenge-2026/solution/src/features/temporal.py:64: RuntimeWarning: Mean of empty slice
  base_mean = np.nanmean(baseline, axis=0)
/Users/luisdehlwes/Documents/osapiens/makeathon-challenge-2026/solution/src/features/temporal.py:65: RuntimeWarning: Mean of empty slice
  post_mean = np.nanmean(post, axis=0)
/Users/luisdehlwes/Documents/osapiens/makeathon-challenge-2026/solution/src/features/temporal.py:70: RuntimeWarning: All-NaN slice encountered
  "delta_min": np.nanmin(post, axis=0) - np.nanmin(baseline, axis=0),
/Users/luisdehlwes/Documents/osapiens/makeathon-challenge-2026/solution/src/features/temporal.py:71: RuntimeWarning: All-NaN slice encountered
  "delta_max": np.nanmax(post, axis=0) - np.nanmax(baseline, axis=0),
/Users/luisdehlwes/Documents/osapiens/makeathon-challenge-2026/solution/run_pipeline.py:214: RuntimeWarning: Mean of empty slice
  pooled = np.nanmean(aef_base_reproj[g*group_size:(g+1)*group_size], axis=0)
/Users/luisdehlwes/Documents/osapiens/makeathon-challenge-2026/solution/run_pipeline.py:260: RuntimeWarning: All-NaN slice encountered
  feature_layers.append(np.nan_to_num(np.nanmax(yoy_stack, axis=0), nan=0.0))
/Users/luisdehlwes/Documents/osapiens/makeathon-challenge-2026/.venv/lib/python3.11/site-packages/numpy/lib/nanfunctions.py:1879: RuntimeWarning: Degrees of freedom <= 0 for slice.
  var = nanvar(a, axis=axis, dtype=dtype, out=out, ddof=ddof,
2026-04-18 00:28:38,619 INFO __main__:   47QQV_2_4: 79 features, shape (1024, 1023)
2026-04-18 00:28:38,756 INFO rasterio._env: GDAL signalled an error: err_no=4, msg='/Users/luisdehlwes/Documents/osapiens/makeathon-challenge-2026/data/makeathon-challenge/labels/train/glads2/glads2_47QQV_2_4_alert.tif: No such file or directory'
2026-04-18 00:28:38,796 INFO __main__:   47QQV_2_4: fused label — 327/1047552 positive (0.03%)
2026-04-18 00:28:38,832 INFO __main__:   Sampled 104755 pixels (38 positive)
2026-04-18 00:28:38,848 INFO __main__: [11/16] Processing 48PUT_0_8
/Users/luisdehlwes/Documents/osapiens/makeathon-challenge-2026/solution/src/features/temporal.py:19: RuntimeWarning: Mean of empty slice
  "mean": np.nanmean(time_series, axis=0),
/Users/luisdehlwes/Documents/osapiens/makeathon-challenge-2026/.venv/lib/python3.11/site-packages/numpy/lib/nanfunctions.py:1879: RuntimeWarning: Degrees of freedom <= 0 for slice.
  var = nanvar(a, axis=axis, dtype=dtype, out=out, ddof=ddof,
/Users/luisdehlwes/Documents/osapiens/makeathon-challenge-2026/solution/src/features/temporal.py:21: RuntimeWarning: All-NaN slice encountered
  "min": np.nanmin(time_series, axis=0),
/Users/luisdehlwes/Documents/osapiens/makeathon-challenge-2026/solution/src/features/temporal.py:22: RuntimeWarning: All-NaN slice encountered
  "max": np.nanmax(time_series, axis=0),
/Users/luisdehlwes/Documents/osapiens/makeathon-challenge-2026/solution/src/features/temporal.py:23: RuntimeWarning: All-NaN slice encountered
  "median": np.nanmedian(time_series, axis=0),
/Users/luisdehlwes/Documents/osapiens/makeathon-challenge-2026/solution/src/features/temporal.py:24: RuntimeWarning: All-NaN slice encountered
  "range": np.nanmax(time_series, axis=0) - np.nanmin(time_series, axis=0),
/Users/luisdehlwes/Documents/osapiens/makeathon-challenge-2026/solution/src/features/temporal.py:43: RuntimeWarning: Mean of empty slice
  y_mean = np.nanmean(flat, axis=0)
/Users/luisdehlwes/Documents/osapiens/makeathon-challenge-2026/solution/src/features/temporal.py:44: RuntimeWarning: Mean of empty slice
  cov = np.nanmean((x[:, None] - x_mean) * (flat - y_mean[None, :]), axis=0)
/Users/luisdehlwes/Documents/osapiens/makeathon-challenge-2026/solution/src/features/temporal.py:64: RuntimeWarning: Mean of empty slice
  base_mean = np.nanmean(baseline, axis=0)
/Users/luisdehlwes/Documents/osapiens/makeathon-challenge-2026/solution/src/features/temporal.py:65: RuntimeWarning: Mean of empty slice
  post_mean = np.nanmean(post, axis=0)
/Users/luisdehlwes/Documents/osapiens/makeathon-challenge-2026/solution/src/features/temporal.py:70: RuntimeWarning: All-NaN slice encountered
  "delta_min": np.nanmin(post, axis=0) - np.nanmin(baseline, axis=0),
/Users/luisdehlwes/Documents/osapiens/makeathon-challenge-2026/solution/src/features/temporal.py:71: RuntimeWarning: All-NaN slice encountered
  "delta_max": np.nanmax(post, axis=0) - np.nanmax(baseline, axis=0),
/Users/luisdehlwes/Documents/osapiens/makeathon-challenge-2026/solution/run_pipeline.py:214: RuntimeWarning: Mean of empty slice
  pooled = np.nanmean(aef_base_reproj[g*group_size:(g+1)*group_size], axis=0)
/Users/luisdehlwes/Documents/osapiens/makeathon-challenge-2026/solution/run_pipeline.py:260: RuntimeWarning: All-NaN slice encountered
  feature_layers.append(np.nan_to_num(np.nanmax(yoy_stack, axis=0), nan=0.0))
/Users/luisdehlwes/Documents/osapiens/makeathon-challenge-2026/.venv/lib/python3.11/site-packages/numpy/lib/nanfunctions.py:1879: RuntimeWarning: Degrees of freedom <= 0 for slice.
  var = nanvar(a, axis=axis, dtype=dtype, out=out, ddof=ddof,
2026-04-18 00:29:10,131 INFO __main__:   48PUT_0_8: 79 features, shape (1012, 1006)
2026-04-18 00:29:10,221 INFO rasterio._env: GDAL signalled an error: err_no=4, msg='/Users/luisdehlwes/Documents/osapiens/makeathon-challenge-2026/data/makeathon-challenge/labels/train/glads2/glads2_48PUT_0_8_alert.tif: No such file or directory'
2026-04-18 00:29:10,259 INFO __main__:   48PUT_0_8: fused label — 22152/1018072 positive (2.18%)
2026-04-18 00:29:10,293 INFO __main__:   Sampled 101807 pixels (2264 positive)
2026-04-18 00:29:10,308 INFO __main__: [12/16] Processing 48PWV_7_8
/Users/luisdehlwes/Documents/osapiens/makeathon-challenge-2026/solution/src/features/temporal.py:19: RuntimeWarning: Mean of empty slice
  "mean": np.nanmean(time_series, axis=0),
/Users/luisdehlwes/Documents/osapiens/makeathon-challenge-2026/.venv/lib/python3.11/site-packages/numpy/lib/nanfunctions.py:1879: RuntimeWarning: Degrees of freedom <= 0 for slice.
  var = nanvar(a, axis=axis, dtype=dtype, out=out, ddof=ddof,
/Users/luisdehlwes/Documents/osapiens/makeathon-challenge-2026/solution/src/features/temporal.py:21: RuntimeWarning: All-NaN slice encountered
  "min": np.nanmin(time_series, axis=0),
/Users/luisdehlwes/Documents/osapiens/makeathon-challenge-2026/solution/src/features/temporal.py:22: RuntimeWarning: All-NaN slice encountered
  "max": np.nanmax(time_series, axis=0),
/Users/luisdehlwes/Documents/osapiens/makeathon-challenge-2026/solution/src/features/temporal.py:23: RuntimeWarning: All-NaN slice encountered
  "median": np.nanmedian(time_series, axis=0),
/Users/luisdehlwes/Documents/osapiens/makeathon-challenge-2026/solution/src/features/temporal.py:24: RuntimeWarning: All-NaN slice encountered
  "range": np.nanmax(time_series, axis=0) - np.nanmin(time_series, axis=0),
/Users/luisdehlwes/Documents/osapiens/makeathon-challenge-2026/solution/src/features/temporal.py:43: RuntimeWarning: Mean of empty slice
  y_mean = np.nanmean(flat, axis=0)
/Users/luisdehlwes/Documents/osapiens/makeathon-challenge-2026/solution/src/features/temporal.py:44: RuntimeWarning: Mean of empty slice
  cov = np.nanmean((x[:, None] - x_mean) * (flat - y_mean[None, :]), axis=0)
/Users/luisdehlwes/Documents/osapiens/makeathon-challenge-2026/solution/src/features/temporal.py:64: RuntimeWarning: Mean of empty slice
  base_mean = np.nanmean(baseline, axis=0)
/Users/luisdehlwes/Documents/osapiens/makeathon-challenge-2026/solution/src/features/temporal.py:65: RuntimeWarning: Mean of empty slice
  post_mean = np.nanmean(post, axis=0)
/Users/luisdehlwes/Documents/osapiens/makeathon-challenge-2026/solution/src/features/temporal.py:70: RuntimeWarning: All-NaN slice encountered
  "delta_min": np.nanmin(post, axis=0) - np.nanmin(baseline, axis=0),
/Users/luisdehlwes/Documents/osapiens/makeathon-challenge-2026/solution/src/features/temporal.py:71: RuntimeWarning: All-NaN slice encountered
  "delta_max": np.nanmax(post, axis=0) - np.nanmax(baseline, axis=0),
/Users/luisdehlwes/Documents/osapiens/makeathon-challenge-2026/solution/run_pipeline.py:214: RuntimeWarning: Mean of empty slice
  pooled = np.nanmean(aef_base_reproj[g*group_size:(g+1)*group_size], axis=0)
/Users/luisdehlwes/Documents/osapiens/makeathon-challenge-2026/solution/run_pipeline.py:260: RuntimeWarning: All-NaN slice encountered
  feature_layers.append(np.nan_to_num(np.nanmax(yoy_stack, axis=0), nan=0.0))
/Users/luisdehlwes/Documents/osapiens/makeathon-challenge-2026/.venv/lib/python3.11/site-packages/numpy/lib/nanfunctions.py:1879: RuntimeWarning: Degrees of freedom <= 0 for slice.
  var = nanvar(a, axis=axis, dtype=dtype, out=out, ddof=ddof,
2026-04-18 00:29:41,350 INFO __main__:   48PWV_7_8: 79 features, shape (1006, 1006)
2026-04-18 00:29:41,476 INFO rasterio._env: GDAL signalled an error: err_no=4, msg='/Users/luisdehlwes/Documents/osapiens/makeathon-challenge-2026/data/makeathon-challenge/labels/train/glads2/glads2_48PWV_7_8_alert.tif: No such file or directory'
2026-04-18 00:29:41,514 INFO __main__:   48PWV_7_8: fused label — 247684/1012036 positive (24.47%)
2026-04-18 00:29:41,548 INFO __main__:   Sampled 101203 pixels (24783 positive)
2026-04-18 00:29:41,563 INFO __main__: [13/16] Processing 48PXC_7_7
/Users/luisdehlwes/Documents/osapiens/makeathon-challenge-2026/solution/src/features/temporal.py:19: RuntimeWarning: Mean of empty slice
  "mean": np.nanmean(time_series, axis=0),
/Users/luisdehlwes/Documents/osapiens/makeathon-challenge-2026/.venv/lib/python3.11/site-packages/numpy/lib/nanfunctions.py:1879: RuntimeWarning: Degrees of freedom <= 0 for slice.
  var = nanvar(a, axis=axis, dtype=dtype, out=out, ddof=ddof,
/Users/luisdehlwes/Documents/osapiens/makeathon-challenge-2026/solution/src/features/temporal.py:21: RuntimeWarning: All-NaN slice encountered
  "min": np.nanmin(time_series, axis=0),
/Users/luisdehlwes/Documents/osapiens/makeathon-challenge-2026/solution/src/features/temporal.py:22: RuntimeWarning: All-NaN slice encountered
  "max": np.nanmax(time_series, axis=0),
/Users/luisdehlwes/Documents/osapiens/makeathon-challenge-2026/solution/src/features/temporal.py:23: RuntimeWarning: All-NaN slice encountered
  "median": np.nanmedian(time_series, axis=0),
/Users/luisdehlwes/Documents/osapiens/makeathon-challenge-2026/solution/src/features/temporal.py:24: RuntimeWarning: All-NaN slice encountered
  "range": np.nanmax(time_series, axis=0) - np.nanmin(time_series, axis=0),
/Users/luisdehlwes/Documents/osapiens/makeathon-challenge-2026/solution/src/features/temporal.py:43: RuntimeWarning: Mean of empty slice
  y_mean = np.nanmean(flat, axis=0)
/Users/luisdehlwes/Documents/osapiens/makeathon-challenge-2026/solution/src/features/temporal.py:44: RuntimeWarning: Mean of empty slice
  cov = np.nanmean((x[:, None] - x_mean) * (flat - y_mean[None, :]), axis=0)
/Users/luisdehlwes/Documents/osapiens/makeathon-challenge-2026/solution/src/features/temporal.py:64: RuntimeWarning: Mean of empty slice
  base_mean = np.nanmean(baseline, axis=0)
/Users/luisdehlwes/Documents/osapiens/makeathon-challenge-2026/solution/src/features/temporal.py:65: RuntimeWarning: Mean of empty slice
  post_mean = np.nanmean(post, axis=0)
/Users/luisdehlwes/Documents/osapiens/makeathon-challenge-2026/solution/src/features/temporal.py:70: RuntimeWarning: All-NaN slice encountered
  "delta_min": np.nanmin(post, axis=0) - np.nanmin(baseline, axis=0),
/Users/luisdehlwes/Documents/osapiens/makeathon-challenge-2026/solution/src/features/temporal.py:71: RuntimeWarning: All-NaN slice encountered
  "delta_max": np.nanmax(post, axis=0) - np.nanmax(baseline, axis=0),
/Users/luisdehlwes/Documents/osapiens/makeathon-challenge-2026/solution/run_pipeline.py:214: RuntimeWarning: Mean of empty slice
  pooled = np.nanmean(aef_base_reproj[g*group_size:(g+1)*group_size], axis=0)
/Users/luisdehlwes/Documents/osapiens/makeathon-challenge-2026/solution/run_pipeline.py:260: RuntimeWarning: All-NaN slice encountered
  feature_layers.append(np.nan_to_num(np.nanmax(yoy_stack, axis=0), nan=0.0))
/Users/luisdehlwes/Documents/osapiens/makeathon-challenge-2026/.venv/lib/python3.11/site-packages/numpy/lib/nanfunctions.py:1879: RuntimeWarning: Degrees of freedom <= 0 for slice.
  var = nanvar(a, axis=axis, dtype=dtype, out=out, ddof=ddof,
2026-04-18 00:30:12,337 INFO __main__:   48PXC_7_7: 79 features, shape (1016, 1016)
2026-04-18 00:30:12,481 INFO rasterio._env: GDAL signalled an error: err_no=4, msg='/Users/luisdehlwes/Documents/osapiens/makeathon-challenge-2026/data/makeathon-challenge/labels/train/glads2/glads2_48PXC_7_7_alert.tif: No such file or directory'
2026-04-18 00:30:12,520 INFO __main__:   48PXC_7_7: fused label — 66287/1032256 positive (6.42%)
2026-04-18 00:30:12,555 INFO __main__:   Sampled 103225 pixels (6602 positive)
2026-04-18 00:30:12,571 INFO __main__: [14/16] Processing 48PYB_3_6
/Users/luisdehlwes/Documents/osapiens/makeathon-challenge-2026/solution/src/features/temporal.py:19: RuntimeWarning: Mean of empty slice
  "mean": np.nanmean(time_series, axis=0),
/Users/luisdehlwes/Documents/osapiens/makeathon-challenge-2026/.venv/lib/python3.11/site-packages/numpy/lib/nanfunctions.py:1879: RuntimeWarning: Degrees of freedom <= 0 for slice.
  var = nanvar(a, axis=axis, dtype=dtype, out=out, ddof=ddof,
/Users/luisdehlwes/Documents/osapiens/makeathon-challenge-2026/solution/src/features/temporal.py:21: RuntimeWarning: All-NaN slice encountered
  "min": np.nanmin(time_series, axis=0),
/Users/luisdehlwes/Documents/osapiens/makeathon-challenge-2026/solution/src/features/temporal.py:22: RuntimeWarning: All-NaN slice encountered
  "max": np.nanmax(time_series, axis=0),
/Users/luisdehlwes/Documents/osapiens/makeathon-challenge-2026/solution/src/features/temporal.py:23: RuntimeWarning: All-NaN slice encountered
  "median": np.nanmedian(time_series, axis=0),
/Users/luisdehlwes/Documents/osapiens/makeathon-challenge-2026/solution/src/features/temporal.py:24: RuntimeWarning: All-NaN slice encountered
  "range": np.nanmax(time_series, axis=0) - np.nanmin(time_series, axis=0),
/Users/luisdehlwes/Documents/osapiens/makeathon-challenge-2026/solution/src/features/temporal.py:43: RuntimeWarning: Mean of empty slice
  y_mean = np.nanmean(flat, axis=0)
/Users/luisdehlwes/Documents/osapiens/makeathon-challenge-2026/solution/src/features/temporal.py:44: RuntimeWarning: Mean of empty slice
  cov = np.nanmean((x[:, None] - x_mean) * (flat - y_mean[None, :]), axis=0)
/Users/luisdehlwes/Documents/osapiens/makeathon-challenge-2026/solution/src/features/temporal.py:64: RuntimeWarning: Mean of empty slice
  base_mean = np.nanmean(baseline, axis=0)
/Users/luisdehlwes/Documents/osapiens/makeathon-challenge-2026/solution/src/features/temporal.py:65: RuntimeWarning: Mean of empty slice
  post_mean = np.nanmean(post, axis=0)
/Users/luisdehlwes/Documents/osapiens/makeathon-challenge-2026/solution/src/features/temporal.py:70: RuntimeWarning: All-NaN slice encountered
  "delta_min": np.nanmin(post, axis=0) - np.nanmin(baseline, axis=0),
/Users/luisdehlwes/Documents/osapiens/makeathon-challenge-2026/solution/src/features/temporal.py:71: RuntimeWarning: All-NaN slice encountered
  "delta_max": np.nanmax(post, axis=0) - np.nanmax(baseline, axis=0),
/Users/luisdehlwes/Documents/osapiens/makeathon-challenge-2026/solution/run_pipeline.py:214: RuntimeWarning: Mean of empty slice
  pooled = np.nanmean(aef_base_reproj[g*group_size:(g+1)*group_size], axis=0)
/Users/luisdehlwes/Documents/osapiens/makeathon-challenge-2026/solution/run_pipeline.py:260: RuntimeWarning: All-NaN slice encountered
  feature_layers.append(np.nan_to_num(np.nanmax(yoy_stack, axis=0), nan=0.0))
/Users/luisdehlwes/Documents/osapiens/makeathon-challenge-2026/.venv/lib/python3.11/site-packages/numpy/lib/nanfunctions.py:1879: RuntimeWarning: Degrees of freedom <= 0 for slice.
  var = nanvar(a, axis=axis, dtype=dtype, out=out, ddof=ddof,
2026-04-18 00:30:42,039 INFO __main__:   48PYB_3_6: 79 features, shape (1020, 1020)
2026-04-18 00:30:42,180 INFO rasterio._env: GDAL signalled an error: err_no=4, msg='/Users/luisdehlwes/Documents/osapiens/makeathon-challenge-2026/data/makeathon-challenge/labels/train/glads2/glads2_48PYB_3_6_alert.tif: No such file or directory'
2026-04-18 00:30:42,219 INFO __main__:   48PYB_3_6: fused label — 117790/1040400 positive (11.32%)
2026-04-18 00:30:42,254 INFO __main__:   Sampled 104040 pixels (11721 positive)
2026-04-18 00:30:42,270 INFO __main__: [15/16] Processing 48QVE_3_0
/Users/luisdehlwes/Documents/osapiens/makeathon-challenge-2026/solution/src/features/temporal.py:19: RuntimeWarning: Mean of empty slice
  "mean": np.nanmean(time_series, axis=0),
/Users/luisdehlwes/Documents/osapiens/makeathon-challenge-2026/.venv/lib/python3.11/site-packages/numpy/lib/nanfunctions.py:1879: RuntimeWarning: Degrees of freedom <= 0 for slice.
  var = nanvar(a, axis=axis, dtype=dtype, out=out, ddof=ddof,
/Users/luisdehlwes/Documents/osapiens/makeathon-challenge-2026/solution/src/features/temporal.py:21: RuntimeWarning: All-NaN slice encountered
  "min": np.nanmin(time_series, axis=0),
/Users/luisdehlwes/Documents/osapiens/makeathon-challenge-2026/solution/src/features/temporal.py:22: RuntimeWarning: All-NaN slice encountered
  "max": np.nanmax(time_series, axis=0),
/Users/luisdehlwes/Documents/osapiens/makeathon-challenge-2026/solution/src/features/temporal.py:23: RuntimeWarning: All-NaN slice encountered
  "median": np.nanmedian(time_series, axis=0),
/Users/luisdehlwes/Documents/osapiens/makeathon-challenge-2026/solution/src/features/temporal.py:24: RuntimeWarning: All-NaN slice encountered
  "range": np.nanmax(time_series, axis=0) - np.nanmin(time_series, axis=0),
/Users/luisdehlwes/Documents/osapiens/makeathon-challenge-2026/solution/src/features/temporal.py:43: RuntimeWarning: Mean of empty slice
  y_mean = np.nanmean(flat, axis=0)
/Users/luisdehlwes/Documents/osapiens/makeathon-challenge-2026/solution/src/features/temporal.py:44: RuntimeWarning: Mean of empty slice
  cov = np.nanmean((x[:, None] - x_mean) * (flat - y_mean[None, :]), axis=0)
/Users/luisdehlwes/Documents/osapiens/makeathon-challenge-2026/solution/src/features/temporal.py:64: RuntimeWarning: Mean of empty slice
  base_mean = np.nanmean(baseline, axis=0)
/Users/luisdehlwes/Documents/osapiens/makeathon-challenge-2026/solution/src/features/temporal.py:65: RuntimeWarning: Mean of empty slice
  post_mean = np.nanmean(post, axis=0)
/Users/luisdehlwes/Documents/osapiens/makeathon-challenge-2026/solution/src/features/temporal.py:70: RuntimeWarning: All-NaN slice encountered
  "delta_min": np.nanmin(post, axis=0) - np.nanmin(baseline, axis=0),
/Users/luisdehlwes/Documents/osapiens/makeathon-challenge-2026/solution/src/features/temporal.py:71: RuntimeWarning: All-NaN slice encountered
  "delta_max": np.nanmax(post, axis=0) - np.nanmax(baseline, axis=0),
/Users/luisdehlwes/Documents/osapiens/makeathon-challenge-2026/solution/run_pipeline.py:214: RuntimeWarning: Mean of empty slice
  pooled = np.nanmean(aef_base_reproj[g*group_size:(g+1)*group_size], axis=0)
/Users/luisdehlwes/Documents/osapiens/makeathon-challenge-2026/solution/run_pipeline.py:260: RuntimeWarning: All-NaN slice encountered
  feature_layers.append(np.nan_to_num(np.nanmax(yoy_stack, axis=0), nan=0.0))
/Users/luisdehlwes/Documents/osapiens/makeathon-challenge-2026/.venv/lib/python3.11/site-packages/numpy/lib/nanfunctions.py:1879: RuntimeWarning: Degrees of freedom <= 0 for slice.
  var = nanvar(a, axis=axis, dtype=dtype, out=out, ddof=ddof,
2026-04-18 00:31:12,040 INFO __main__:   48QVE_3_0: 79 features, shape (1008, 1008)
2026-04-18 00:31:12,133 INFO rasterio._env: GDAL signalled an error: err_no=4, msg='/Users/luisdehlwes/Documents/osapiens/makeathon-challenge-2026/data/makeathon-challenge/labels/train/glads2/glads2_48QVE_3_0_alert.tif: No such file or directory'
2026-04-18 00:31:12,171 INFO __main__:   48QVE_3_0: fused label — 68081/1016064 positive (6.70%)
2026-04-18 00:31:12,215 INFO __main__:   Sampled 101606 pixels (6855 positive)
2026-04-18 00:31:12,230 INFO __main__: [16/16] Processing 48QWD_2_2
/Users/luisdehlwes/Documents/osapiens/makeathon-challenge-2026/solution/src/features/temporal.py:19: RuntimeWarning: Mean of empty slice
  "mean": np.nanmean(time_series, axis=0),
/Users/luisdehlwes/Documents/osapiens/makeathon-challenge-2026/.venv/lib/python3.11/site-packages/numpy/lib/nanfunctions.py:1879: RuntimeWarning: Degrees of freedom <= 0 for slice.
  var = nanvar(a, axis=axis, dtype=dtype, out=out, ddof=ddof,
/Users/luisdehlwes/Documents/osapiens/makeathon-challenge-2026/solution/src/features/temporal.py:21: RuntimeWarning: All-NaN slice encountered
  "min": np.nanmin(time_series, axis=0),
/Users/luisdehlwes/Documents/osapiens/makeathon-challenge-2026/solution/src/features/temporal.py:22: RuntimeWarning: All-NaN slice encountered
  "max": np.nanmax(time_series, axis=0),
/Users/luisdehlwes/Documents/osapiens/makeathon-challenge-2026/solution/src/features/temporal.py:23: RuntimeWarning: All-NaN slice encountered
  "median": np.nanmedian(time_series, axis=0),
/Users/luisdehlwes/Documents/osapiens/makeathon-challenge-2026/solution/src/features/temporal.py:24: RuntimeWarning: All-NaN slice encountered
  "range": np.nanmax(time_series, axis=0) - np.nanmin(time_series, axis=0),
/Users/luisdehlwes/Documents/osapiens/makeathon-challenge-2026/solution/src/features/temporal.py:43: RuntimeWarning: Mean of empty slice
  y_mean = np.nanmean(flat, axis=0)
/Users/luisdehlwes/Documents/osapiens/makeathon-challenge-2026/solution/src/features/temporal.py:44: RuntimeWarning: Mean of empty slice
  cov = np.nanmean((x[:, None] - x_mean) * (flat - y_mean[None, :]), axis=0)
/Users/luisdehlwes/Documents/osapiens/makeathon-challenge-2026/solution/src/features/temporal.py:64: RuntimeWarning: Mean of empty slice
  base_mean = np.nanmean(baseline, axis=0)
/Users/luisdehlwes/Documents/osapiens/makeathon-challenge-2026/solution/src/features/temporal.py:65: RuntimeWarning: Mean of empty slice
  post_mean = np.nanmean(post, axis=0)
/Users/luisdehlwes/Documents/osapiens/makeathon-challenge-2026/solution/src/features/temporal.py:70: RuntimeWarning: All-NaN slice encountered
  "delta_min": np.nanmin(post, axis=0) - np.nanmin(baseline, axis=0),
/Users/luisdehlwes/Documents/osapiens/makeathon-challenge-2026/solution/src/features/temporal.py:71: RuntimeWarning: All-NaN slice encountered
  "delta_max": np.nanmax(post, axis=0) - np.nanmax(baseline, axis=0),
/Users/luisdehlwes/Documents/osapiens/makeathon-challenge-2026/solution/run_pipeline.py:214: RuntimeWarning: Mean of empty slice
  pooled = np.nanmean(aef_base_reproj[g*group_size:(g+1)*group_size], axis=0)
/Users/luisdehlwes/Documents/osapiens/makeathon-challenge-2026/solution/run_pipeline.py:260: RuntimeWarning: All-NaN slice encountered
  feature_layers.append(np.nan_to_num(np.nanmax(yoy_stack, axis=0), nan=0.0))
/Users/luisdehlwes/Documents/osapiens/makeathon-challenge-2026/.venv/lib/python3.11/site-packages/numpy/lib/nanfunctions.py:1879: RuntimeWarning: Degrees of freedom <= 0 for slice.
  var = nanvar(a, axis=axis, dtype=dtype, out=out, ddof=ddof,
2026-04-18 00:31:41,366 INFO __main__:   48QWD_2_2: 79 features, shape (1004, 1003)
2026-04-18 00:31:41,494 INFO rasterio._env: GDAL signalled an error: err_no=4, msg='/Users/luisdehlwes/Documents/osapiens/makeathon-challenge-2026/data/makeathon-challenge/labels/train/glads2/glads2_48QWD_2_2_alert.tif: No such file or directory'
2026-04-18 00:31:41,529 INFO __main__:   48QWD_2_2: fused label — 59729/1007012 positive (5.93%)
2026-04-18 00:31:41,563 INFO __main__:   Sampled 100701 pixels (5992 positive)
2026-04-18 00:31:41,609 INFO __main__: 
Total training pixels: 1420926 (79 features)
2026-04-18 00:31:41,610 INFO __main__: Positive rate: 0.0841
2026-04-18 00:31:41,610 INFO __main__: 
── Step 3: Training LightGBM ──
2026-04-18 00:31:41,744 INFO __main__: Train: 1136740 | Val: 284186
2026-04-18 00:33:01,514 INFO __main__: Model saved to /Users/luisdehlwes/Documents/osapiens/makeathon-challenge-2026/solution/outputs/lgbm_model.pkl
2026-04-18 00:33:05,315 INFO __main__: Validation: F1=0.8385 | Precision=0.8561 | Recall=0.8217
2026-04-18 00:33:05,335 INFO __main__: 
── Step 4: Inference on Test Tiles ──
2026-04-18 00:33:05,335 INFO __main__: [1/5] Predicting 18NVJ_1_6
/Users/luisdehlwes/Documents/osapiens/makeathon-challenge-2026/solution/src/features/temporal.py:19: RuntimeWarning: Mean of empty slice
  "mean": np.nanmean(time_series, axis=0),
/Users/luisdehlwes/Documents/osapiens/makeathon-challenge-2026/.venv/lib/python3.11/site-packages/numpy/lib/nanfunctions.py:1879: RuntimeWarning: Degrees of freedom <= 0 for slice.
  var = nanvar(a, axis=axis, dtype=dtype, out=out, ddof=ddof,
/Users/luisdehlwes/Documents/osapiens/makeathon-challenge-2026/solution/src/features/temporal.py:21: RuntimeWarning: All-NaN slice encountered
  "min": np.nanmin(time_series, axis=0),
/Users/luisdehlwes/Documents/osapiens/makeathon-challenge-2026/solution/src/features/temporal.py:22: RuntimeWarning: All-NaN slice encountered
  "max": np.nanmax(time_series, axis=0),
/Users/luisdehlwes/Documents/osapiens/makeathon-challenge-2026/solution/src/features/temporal.py:23: RuntimeWarning: All-NaN slice encountered
  "median": np.nanmedian(time_series, axis=0),
/Users/luisdehlwes/Documents/osapiens/makeathon-challenge-2026/solution/src/features/temporal.py:24: RuntimeWarning: All-NaN slice encountered
  "range": np.nanmax(time_series, axis=0) - np.nanmin(time_series, axis=0),
/Users/luisdehlwes/Documents/osapiens/makeathon-challenge-2026/solution/src/features/temporal.py:43: RuntimeWarning: Mean of empty slice
  y_mean = np.nanmean(flat, axis=0)
/Users/luisdehlwes/Documents/osapiens/makeathon-challenge-2026/solution/src/features/temporal.py:44: RuntimeWarning: Mean of empty slice
  cov = np.nanmean((x[:, None] - x_mean) * (flat - y_mean[None, :]), axis=0)
/Users/luisdehlwes/Documents/osapiens/makeathon-challenge-2026/solution/src/features/temporal.py:64: RuntimeWarning: Mean of empty slice
  base_mean = np.nanmean(baseline, axis=0)
/Users/luisdehlwes/Documents/osapiens/makeathon-challenge-2026/solution/src/features/temporal.py:65: RuntimeWarning: Mean of empty slice
  post_mean = np.nanmean(post, axis=0)
/Users/luisdehlwes/Documents/osapiens/makeathon-challenge-2026/solution/src/features/temporal.py:70: RuntimeWarning: All-NaN slice encountered
  "delta_min": np.nanmin(post, axis=0) - np.nanmin(baseline, axis=0),
/Users/luisdehlwes/Documents/osapiens/makeathon-challenge-2026/solution/src/features/temporal.py:71: RuntimeWarning: All-NaN slice encountered
  "delta_max": np.nanmax(post, axis=0) - np.nanmax(baseline, axis=0),
/Users/luisdehlwes/Documents/osapiens/makeathon-challenge-2026/solution/run_pipeline.py:214: RuntimeWarning: Mean of empty slice
  pooled = np.nanmean(aef_base_reproj[g*group_size:(g+1)*group_size], axis=0)
/Users/luisdehlwes/Documents/osapiens/makeathon-challenge-2026/solution/run_pipeline.py:260: RuntimeWarning: All-NaN slice encountered
  feature_layers.append(np.nan_to_num(np.nanmax(yoy_stack, axis=0), nan=0.0))
/Users/luisdehlwes/Documents/osapiens/makeathon-challenge-2026/.venv/lib/python3.11/site-packages/numpy/lib/nanfunctions.py:1879: RuntimeWarning: Degrees of freedom <= 0 for slice.
  var = nanvar(a, axis=axis, dtype=dtype, out=out, ddof=ddof,
2026-04-18 00:33:32,241 INFO __main__:   18NVJ_1_6: 79 features, shape (1002, 1002)
2026-04-18 00:33:41,390 INFO solution.src.inference.predict: Saved prediction: /Users/luisdehlwes/Documents/osapiens/makeathon-challenge-2026/solution/outputs/predictions/pred_18NVJ_1_6.tif
2026-04-18 00:33:41,391 INFO __main__:   18NVJ_1_6: 0 deforestation pixels (0.00%)
2026-04-18 00:33:41,412 INFO __main__: [2/5] Predicting 18NYH_2_1
/Users/luisdehlwes/Documents/osapiens/makeathon-challenge-2026/solution/src/features/temporal.py:19: RuntimeWarning: Mean of empty slice
  "mean": np.nanmean(time_series, axis=0),
/Users/luisdehlwes/Documents/osapiens/makeathon-challenge-2026/.venv/lib/python3.11/site-packages/numpy/lib/nanfunctions.py:1879: RuntimeWarning: Degrees of freedom <= 0 for slice.
  var = nanvar(a, axis=axis, dtype=dtype, out=out, ddof=ddof,
/Users/luisdehlwes/Documents/osapiens/makeathon-challenge-2026/solution/src/features/temporal.py:21: RuntimeWarning: All-NaN slice encountered
  "min": np.nanmin(time_series, axis=0),
/Users/luisdehlwes/Documents/osapiens/makeathon-challenge-2026/solution/src/features/temporal.py:22: RuntimeWarning: All-NaN slice encountered
  "max": np.nanmax(time_series, axis=0),
/Users/luisdehlwes/Documents/osapiens/makeathon-challenge-2026/solution/src/features/temporal.py:23: RuntimeWarning: All-NaN slice encountered
  "median": np.nanmedian(time_series, axis=0),
/Users/luisdehlwes/Documents/osapiens/makeathon-challenge-2026/solution/src/features/temporal.py:24: RuntimeWarning: All-NaN slice encountered
  "range": np.nanmax(time_series, axis=0) - np.nanmin(time_series, axis=0),
/Users/luisdehlwes/Documents/osapiens/makeathon-challenge-2026/solution/src/features/temporal.py:43: RuntimeWarning: Mean of empty slice
  y_mean = np.nanmean(flat, axis=0)
/Users/luisdehlwes/Documents/osapiens/makeathon-challenge-2026/solution/src/features/temporal.py:44: RuntimeWarning: Mean of empty slice
  cov = np.nanmean((x[:, None] - x_mean) * (flat - y_mean[None, :]), axis=0)
/Users/luisdehlwes/Documents/osapiens/makeathon-challenge-2026/solution/src/features/temporal.py:64: RuntimeWarning: Mean of empty slice
  base_mean = np.nanmean(baseline, axis=0)
/Users/luisdehlwes/Documents/osapiens/makeathon-challenge-2026/solution/src/features/temporal.py:65: RuntimeWarning: Mean of empty slice
  post_mean = np.nanmean(post, axis=0)
/Users/luisdehlwes/Documents/osapiens/makeathon-challenge-2026/solution/src/features/temporal.py:70: RuntimeWarning: All-NaN slice encountered
  "delta_min": np.nanmin(post, axis=0) - np.nanmin(baseline, axis=0),
/Users/luisdehlwes/Documents/osapiens/makeathon-challenge-2026/solution/src/features/temporal.py:71: RuntimeWarning: All-NaN slice encountered
  "delta_max": np.nanmax(post, axis=0) - np.nanmax(baseline, axis=0),
/Users/luisdehlwes/Documents/osapiens/makeathon-challenge-2026/solution/run_pipeline.py:214: RuntimeWarning: Mean of empty slice
  pooled = np.nanmean(aef_base_reproj[g*group_size:(g+1)*group_size], axis=0)
/Users/luisdehlwes/Documents/osapiens/makeathon-challenge-2026/solution/run_pipeline.py:260: RuntimeWarning: All-NaN slice encountered
  feature_layers.append(np.nan_to_num(np.nanmax(yoy_stack, axis=0), nan=0.0))
/Users/luisdehlwes/Documents/osapiens/makeathon-challenge-2026/.venv/lib/python3.11/site-packages/numpy/lib/nanfunctions.py:1879: RuntimeWarning: Degrees of freedom <= 0 for slice.
  var = nanvar(a, axis=axis, dtype=dtype, out=out, ddof=ddof,
2026-04-18 00:34:07,861 INFO __main__:   18NYH_2_1: 79 features, shape (1004, 1004)
2026-04-18 00:34:17,757 INFO solution.src.inference.predict: Saved prediction: /Users/luisdehlwes/Documents/osapiens/makeathon-challenge-2026/solution/outputs/predictions/pred_18NYH_2_1.tif
2026-04-18 00:34:17,758 INFO __main__:   18NYH_2_1: 53155 deforestation pixels (5.27%)
2026-04-18 00:34:17,779 INFO __main__: [3/5] Predicting 33NTE_5_1
/Users/luisdehlwes/Documents/osapiens/makeathon-challenge-2026/solution/src/features/temporal.py:19: RuntimeWarning: Mean of empty slice
  "mean": np.nanmean(time_series, axis=0),
/Users/luisdehlwes/Documents/osapiens/makeathon-challenge-2026/.venv/lib/python3.11/site-packages/numpy/lib/nanfunctions.py:1879: RuntimeWarning: Degrees of freedom <= 0 for slice.
  var = nanvar(a, axis=axis, dtype=dtype, out=out, ddof=ddof,
/Users/luisdehlwes/Documents/osapiens/makeathon-challenge-2026/solution/src/features/temporal.py:21: RuntimeWarning: All-NaN slice encountered
  "min": np.nanmin(time_series, axis=0),
/Users/luisdehlwes/Documents/osapiens/makeathon-challenge-2026/solution/src/features/temporal.py:22: RuntimeWarning: All-NaN slice encountered
  "max": np.nanmax(time_series, axis=0),
/Users/luisdehlwes/Documents/osapiens/makeathon-challenge-2026/solution/src/features/temporal.py:23: RuntimeWarning: All-NaN slice encountered
  "median": np.nanmedian(time_series, axis=0),
/Users/luisdehlwes/Documents/osapiens/makeathon-challenge-2026/solution/src/features/temporal.py:24: RuntimeWarning: All-NaN slice encountered
  "range": np.nanmax(time_series, axis=0) - np.nanmin(time_series, axis=0),
/Users/luisdehlwes/Documents/osapiens/makeathon-challenge-2026/solution/src/features/temporal.py:43: RuntimeWarning: Mean of empty slice
  y_mean = np.nanmean(flat, axis=0)
/Users/luisdehlwes/Documents/osapiens/makeathon-challenge-2026/solution/src/features/temporal.py:44: RuntimeWarning: Mean of empty slice
  cov = np.nanmean((x[:, None] - x_mean) * (flat - y_mean[None, :]), axis=0)
/Users/luisdehlwes/Documents/osapiens/makeathon-challenge-2026/solution/src/features/temporal.py:64: RuntimeWarning: Mean of empty slice
  base_mean = np.nanmean(baseline, axis=0)
/Users/luisdehlwes/Documents/osapiens/makeathon-challenge-2026/solution/src/features/temporal.py:65: RuntimeWarning: Mean of empty slice
  post_mean = np.nanmean(post, axis=0)
/Users/luisdehlwes/Documents/osapiens/makeathon-challenge-2026/solution/src/features/temporal.py:70: RuntimeWarning: All-NaN slice encountered
  "delta_min": np.nanmin(post, axis=0) - np.nanmin(baseline, axis=0),
/Users/luisdehlwes/Documents/osapiens/makeathon-challenge-2026/solution/src/features/temporal.py:71: RuntimeWarning: All-NaN slice encountered
  "delta_max": np.nanmax(post, axis=0) - np.nanmax(baseline, axis=0),
/Users/luisdehlwes/Documents/osapiens/makeathon-challenge-2026/solution/run_pipeline.py:214: RuntimeWarning: Mean of empty slice
  pooled = np.nanmean(aef_base_reproj[g*group_size:(g+1)*group_size], axis=0)
/Users/luisdehlwes/Documents/osapiens/makeathon-challenge-2026/solution/run_pipeline.py:260: RuntimeWarning: All-NaN slice encountered
  feature_layers.append(np.nan_to_num(np.nanmax(yoy_stack, axis=0), nan=0.0))
/Users/luisdehlwes/Documents/osapiens/makeathon-challenge-2026/.venv/lib/python3.11/site-packages/numpy/lib/nanfunctions.py:1879: RuntimeWarning: Degrees of freedom <= 0 for slice.
  var = nanvar(a, axis=axis, dtype=dtype, out=out, ddof=ddof,
2026-04-18 00:34:43,259 INFO __main__:   33NTE_5_1: 79 features, shape (1006, 1007)
2026-04-18 00:34:52,052 INFO solution.src.inference.predict: Saved prediction: /Users/luisdehlwes/Documents/osapiens/makeathon-challenge-2026/solution/outputs/predictions/pred_33NTE_5_1.tif
2026-04-18 00:34:52,052 INFO __main__:   33NTE_5_1: 8322 deforestation pixels (0.82%)
2026-04-18 00:34:52,074 INFO __main__: [4/5] Predicting 47QMA_6_2
/Users/luisdehlwes/Documents/osapiens/makeathon-challenge-2026/solution/src/features/temporal.py:19: RuntimeWarning: Mean of empty slice
  "mean": np.nanmean(time_series, axis=0),
/Users/luisdehlwes/Documents/osapiens/makeathon-challenge-2026/.venv/lib/python3.11/site-packages/numpy/lib/nanfunctions.py:1879: RuntimeWarning: Degrees of freedom <= 0 for slice.
  var = nanvar(a, axis=axis, dtype=dtype, out=out, ddof=ddof,
/Users/luisdehlwes/Documents/osapiens/makeathon-challenge-2026/solution/src/features/temporal.py:21: RuntimeWarning: All-NaN slice encountered
  "min": np.nanmin(time_series, axis=0),
/Users/luisdehlwes/Documents/osapiens/makeathon-challenge-2026/solution/src/features/temporal.py:22: RuntimeWarning: All-NaN slice encountered
  "max": np.nanmax(time_series, axis=0),
/Users/luisdehlwes/Documents/osapiens/makeathon-challenge-2026/solution/src/features/temporal.py:23: RuntimeWarning: All-NaN slice encountered
  "median": np.nanmedian(time_series, axis=0),
/Users/luisdehlwes/Documents/osapiens/makeathon-challenge-2026/solution/src/features/temporal.py:24: RuntimeWarning: All-NaN slice encountered
  "range": np.nanmax(time_series, axis=0) - np.nanmin(time_series, axis=0),
/Users/luisdehlwes/Documents/osapiens/makeathon-challenge-2026/solution/src/features/temporal.py:43: RuntimeWarning: Mean of empty slice
  y_mean = np.nanmean(flat, axis=0)
/Users/luisdehlwes/Documents/osapiens/makeathon-challenge-2026/solution/src/features/temporal.py:44: RuntimeWarning: Mean of empty slice
  cov = np.nanmean((x[:, None] - x_mean) * (flat - y_mean[None, :]), axis=0)
/Users/luisdehlwes/Documents/osapiens/makeathon-challenge-2026/solution/src/features/temporal.py:64: RuntimeWarning: Mean of empty slice
  base_mean = np.nanmean(baseline, axis=0)
/Users/luisdehlwes/Documents/osapiens/makeathon-challenge-2026/solution/src/features/temporal.py:65: RuntimeWarning: Mean of empty slice
  post_mean = np.nanmean(post, axis=0)
/Users/luisdehlwes/Documents/osapiens/makeathon-challenge-2026/solution/src/features/temporal.py:70: RuntimeWarning: All-NaN slice encountered
  "delta_min": np.nanmin(post, axis=0) - np.nanmin(baseline, axis=0),
/Users/luisdehlwes/Documents/osapiens/makeathon-challenge-2026/solution/src/features/temporal.py:71: RuntimeWarning: All-NaN slice encountered
  "delta_max": np.nanmax(post, axis=0) - np.nanmax(baseline, axis=0),
/Users/luisdehlwes/Documents/osapiens/makeathon-challenge-2026/solution/run_pipeline.py:214: RuntimeWarning: Mean of empty slice
  pooled = np.nanmean(aef_base_reproj[g*group_size:(g+1)*group_size], axis=0)
/Users/luisdehlwes/Documents/osapiens/makeathon-challenge-2026/solution/run_pipeline.py:260: RuntimeWarning: All-NaN slice encountered
  feature_layers.append(np.nan_to_num(np.nanmax(yoy_stack, axis=0), nan=0.0))
/Users/luisdehlwes/Documents/osapiens/makeathon-challenge-2026/.venv/lib/python3.11/site-packages/numpy/lib/nanfunctions.py:1879: RuntimeWarning: Degrees of freedom <= 0 for slice.
  var = nanvar(a, axis=axis, dtype=dtype, out=out, ddof=ddof,
2026-04-18 00:35:17,718 INFO __main__:   47QMA_6_2: 79 features, shape (1004, 1005)
2026-04-18 00:35:27,060 INFO solution.src.inference.predict: Saved prediction: /Users/luisdehlwes/Documents/osapiens/makeathon-challenge-2026/solution/outputs/predictions/pred_47QMA_6_2.tif
2026-04-18 00:35:27,060 INFO __main__:   47QMA_6_2: 0 deforestation pixels (0.00%)
2026-04-18 00:35:27,081 INFO __main__: [5/5] Predicting 48PWA_0_6
/Users/luisdehlwes/Documents/osapiens/makeathon-challenge-2026/solution/run_pipeline.py:214: RuntimeWarning: Mean of empty slice
  pooled = np.nanmean(aef_base_reproj[g*group_size:(g+1)*group_size], axis=0)
/Users/luisdehlwes/Documents/osapiens/makeathon-challenge-2026/solution/run_pipeline.py:260: RuntimeWarning: All-NaN slice encountered
  feature_layers.append(np.nan_to_num(np.nanmax(yoy_stack, axis=0), nan=0.0))
/Users/luisdehlwes/Documents/osapiens/makeathon-challenge-2026/.venv/lib/python3.11/site-packages/numpy/lib/nanfunctions.py:1879: RuntimeWarning: Degrees of freedom <= 0 for slice.
  var = nanvar(a, axis=axis, dtype=dtype, out=out, ddof=ddof,
2026-04-18 00:35:57,104 INFO __main__:   48PWA_0_6: 79 features, shape (1002, 977)
2026-04-18 00:36:06,702 INFO solution.src.inference.predict: Saved prediction: /Users/luisdehlwes/Documents/osapiens/makeathon-challenge-2026/solution/outputs/predictions/pred_48PWA_0_6.tif
2026-04-18 00:36:06,703 INFO __main__:   48PWA_0_6: 12066 deforestation pixels (1.23%)
2026-04-18 00:36:06,724 INFO __main__: 
── Step 5: Generating Submission ──
2026-04-18 00:36:06,727 WARNING solution.src.inference.submit:   pred_18NVJ_1_6: skipped — No deforestation pixels (value=1) found in /Users/luisdehlwes/Documents/osapiens/makeathon-challenge-2026/solution/outputs/predictions/pred_18NVJ_1_6.tif. Ensure the raster has been binarised before calling this function.
2026-04-18 00:36:06,799 INFO solution.src.inference.submit:   pred_18NYH_2_1: 122 polygons
2026-04-18 00:36:06,843 INFO solution.src.inference.submit:   pred_33NTE_5_1: 35 polygons
2026-04-18 00:36:06,845 WARNING solution.src.inference.submit:   pred_47QMA_6_2: skipped — No deforestation pixels (value=1) found in /Users/luisdehlwes/Documents/osapiens/makeathon-challenge-2026/solution/outputs/predictions/pred_47QMA_6_2.tif. Ensure the raster has been binarised before calling this function.
2026-04-18 00:36:06,891 INFO solution.src.inference.submit:   pred_48PWA_0_6: 66 polygons
2026-04-18 00:36:06,906 INFO solution.src.inference.submit: Submission saved: /Users/luisdehlwes/Documents/osapiens/makeathon-challenge-2026/solution/outputs/submissions/submission.geojson (223 total polygons)
2026-04-18 00:36:06,907 INFO __main__: 
Submission file: /Users/luisdehlwes/Documents/osapiens/makeathon-challenge-2026/solution/outputs/submissions/submission.geojson
2026-04-18 00:36:06,907 INFO __main__: ============================================================
2026-04-18 00:36:06,907 INFO __main__:   Pipeline complete!
2026-04-18 00:36:06,907 INFO __main__: ============================================================
Training until validation scores don't improve for 50 rounds
[100]	train's binary_logloss: 0.0636732	val's binary_logloss: 0.0730374
[200]	train's binary_logloss: 0.0518702	val's binary_logloss: 0.0690563
[300]	train's binary_logloss: 0.0445372	val's binary_logloss: 0.0676529
[400]	train's binary_logloss: 0.0387251	val's binary_logloss: 0.0666771
[500]	train's binary_logloss: 0.0339833	val's binary_logloss: 0.0660698
[600]	train's binary_logloss: 0.0299147	val's binary_logloss: 0.0656057
[700]	train's binary_logloss: 0.0263461	val's binary_logloss: 0.0652876
[800]	train's binary_logloss: 0.0232611	val's binary_logloss: 0.0650565
[900]	train's binary_logloss: 0.0204419	val's binary_logloss: 0.0649066
[1000]	train's binary_logloss: 0.0180358	val's binary_logloss: 0.0648515
[1100]	train's binary_logloss: 0.0158712	val's binary_logloss: 0.0648374
Early stopping, best iteration is:
[1078]	train's binary_logloss: 0.0163183	val's binary_logloss: 0.0648262
