2026-04-17 23:51:19,676 INFO __main__: ============================================================
2026-04-17 23:51:19,676 INFO __main__:   Deforestation Detection Pipeline
2026-04-17 23:51:19,676 INFO __main__: ============================================================
2026-04-17 23:51:19,708 INFO __main__: Train tiles: 16 | Test tiles: 5
2026-04-17 23:51:19,708 INFO __main__: 
── Step 2: Feature Engineering & Label Fusion ──
2026-04-17 23:51:19,708 INFO __main__: [1/16] Processing 18NWG_6_6
/Users/luisdehlwes/Documents/osapiens/makeathon-challenge-2026/solution/run_pipeline.py:214: RuntimeWarning: Mean of empty slice
  pooled = np.nanmean(aef_base_reproj[g*group_size:(g+1)*group_size], axis=0)
2026-04-17 23:51:43,780 INFO __main__:   18NWG_6_6: 77 features, shape (1002, 1002)
2026-04-17 23:51:43,891 INFO __main__:   18NWG_6_6: fused label — 269764/1004004 positive (26.87%)
2026-04-17 23:51:43,914 INFO __main__:   Sampled 50200 pixels (13382 positive)
2026-04-17 23:51:43,928 INFO __main__: [2/16] Processing 18NWH_1_4
/Users/luisdehlwes/Documents/osapiens/makeathon-challenge-2026/solution/src/features/temporal.py:19: RuntimeWarning: Mean of empty slice
  "mean": np.nanmean(time_series, axis=0),
/Users/luisdehlwes/Documents/osapiens/makeathon-challenge-2026/.venv/lib/python3.11/site-packages/numpy/lib/nanfunctions.py:1879: RuntimeWarning: Degrees of freedom <= 0 for slice.
  var = nanvar(a, axis=axis, dtype=dtype, out=out, ddof=ddof,
/Users/luisdehlwes/Documents/osapiens/makeathon-challenge-2026/solution/src/features/temporal.py:21: RuntimeWarning: All-NaN slice encountered
  "min": np.nanmin(time_series, axis=0),
/Users/luisdehlwes/Documents/osapiens/makeathon-challenge-2026/solution/src/features/temporal.py:22: RuntimeWarning: All-NaN slice encountered
  "max": np.nanmax(time_series, axis=0),
/Users/luisdehlwes/Documents/osapiens/makeathon-challenge-2026/solution/src/features/temporal.py:23: RuntimeWarning: All-NaN slice encountered
  "median": np.nanmedian(time_series, axis=0),
/Users/luisdehlwes/Documents/osapiens/makeathon-challenge-2026/solution/src/features/temporal.py:24: RuntimeWarning: All-NaN slice encountered
  "range": np.nanmax(time_series, axis=0) - np.nanmin(time_series, axis=0),
/Users/luisdehlwes/Documents/osapiens/makeathon-challenge-2026/solution/src/features/temporal.py:43: RuntimeWarning: Mean of empty slice
  y_mean = np.nanmean(flat, axis=0)
/Users/luisdehlwes/Documents/osapiens/makeathon-challenge-2026/solution/src/features/temporal.py:44: RuntimeWarning: Mean of empty slice
  cov = np.nanmean((x[:, None] - x_mean) * (flat - y_mean[None, :]), axis=0)
/Users/luisdehlwes/Documents/osapiens/makeathon-challenge-2026/solution/src/features/temporal.py:64: RuntimeWarning: Mean of empty slice
  base_mean = np.nanmean(baseline, axis=0)
/Users/luisdehlwes/Documents/osapiens/makeathon-challenge-2026/solution/src/features/temporal.py:65: RuntimeWarning: Mean of empty slice
  post_mean = np.nanmean(post, axis=0)
/Users/luisdehlwes/Documents/osapiens/makeathon-challenge-2026/solution/src/features/temporal.py:70: RuntimeWarning: All-NaN slice encountered
  "delta_min": np.nanmin(post, axis=0) - np.nanmin(baseline, axis=0),
/Users/luisdehlwes/Documents/osapiens/makeathon-challenge-2026/solution/src/features/temporal.py:71: RuntimeWarning: All-NaN slice encountered
  "delta_max": np.nanmax(post, axis=0) - np.nanmax(baseline, axis=0),
/Users/luisdehlwes/Documents/osapiens/makeathon-challenge-2026/solution/run_pipeline.py:214: RuntimeWarning: Mean of empty slice
  pooled = np.nanmean(aef_base_reproj[g*group_size:(g+1)*group_size], axis=0)
2026-04-17 23:52:07,036 INFO __main__:   18NWH_1_4: 77 features, shape (1002, 1002)
2026-04-17 23:52:07,154 INFO __main__:   18NWH_1_4: fused label — 13673/1004004 positive (1.36%)
2026-04-17 23:52:07,170 INFO __main__:   Sampled 50200 pixels (646 positive)
2026-04-17 23:52:07,185 INFO __main__: [3/16] Processing 18NWJ_8_9
/Users/luisdehlwes/Documents/osapiens/makeathon-challenge-2026/solution/run_pipeline.py:214: RuntimeWarning: Mean of empty slice
  pooled = np.nanmean(aef_base_reproj[g*group_size:(g+1)*group_size], axis=0)
2026-04-17 23:52:30,536 INFO __main__:   18NWJ_8_9: 77 features, shape (1002, 1002)
2026-04-17 23:52:30,651 INFO __main__:   18NWJ_8_9: fused label — 37560/1004004 positive (3.74%)
2026-04-17 23:52:30,668 INFO __main__:   Sampled 50200 pixels (1869 positive)
2026-04-17 23:52:30,683 INFO __main__: [4/16] Processing 18NWM_9_4
/Users/luisdehlwes/Documents/osapiens/makeathon-challenge-2026/solution/src/features/temporal.py:19: RuntimeWarning: Mean of empty slice
  "mean": np.nanmean(time_series, axis=0),
/Users/luisdehlwes/Documents/osapiens/makeathon-challenge-2026/.venv/lib/python3.11/site-packages/numpy/lib/nanfunctions.py:1879: RuntimeWarning: Degrees of freedom <= 0 for slice.
  var = nanvar(a, axis=axis, dtype=dtype, out=out, ddof=ddof,
/Users/luisdehlwes/Documents/osapiens/makeathon-challenge-2026/solution/src/features/temporal.py:21: RuntimeWarning: All-NaN slice encountered
  "min": np.nanmin(time_series, axis=0),
/Users/luisdehlwes/Documents/osapiens/makeathon-challenge-2026/solution/src/features/temporal.py:22: RuntimeWarning: All-NaN slice encountered
  "max": np.nanmax(time_series, axis=0),
/Users/luisdehlwes/Documents/osapiens/makeathon-challenge-2026/solution/src/features/temporal.py:23: RuntimeWarning: All-NaN slice encountered
  "median": np.nanmedian(time_series, axis=0),
/Users/luisdehlwes/Documents/osapiens/makeathon-challenge-2026/solution/src/features/temporal.py:24: RuntimeWarning: All-NaN slice encountered
  "range": np.nanmax(time_series, axis=0) - np.nanmin(time_series, axis=0),
/Users/luisdehlwes/Documents/osapiens/makeathon-challenge-2026/solution/src/features/temporal.py:43: RuntimeWarning: Mean of empty slice
  y_mean = np.nanmean(flat, axis=0)
/Users/luisdehlwes/Documents/osapiens/makeathon-challenge-2026/solution/src/features/temporal.py:44: RuntimeWarning: Mean of empty slice
  cov = np.nanmean((x[:, None] - x_mean) * (flat - y_mean[None, :]), axis=0)
/Users/luisdehlwes/Documents/osapiens/makeathon-challenge-2026/solution/src/features/temporal.py:64: RuntimeWarning: Mean of empty slice
  base_mean = np.nanmean(baseline, axis=0)
/Users/luisdehlwes/Documents/osapiens/makeathon-challenge-2026/solution/src/features/temporal.py:65: RuntimeWarning: Mean of empty slice
  post_mean = np.nanmean(post, axis=0)
/Users/luisdehlwes/Documents/osapiens/makeathon-challenge-2026/solution/src/features/temporal.py:70: RuntimeWarning: All-NaN slice encountered
  "delta_min": np.nanmin(post, axis=0) - np.nanmin(baseline, axis=0),
/Users/luisdehlwes/Documents/osapiens/makeathon-challenge-2026/solution/src/features/temporal.py:71: RuntimeWarning: All-NaN slice encountered
  "delta_max": np.nanmax(post, axis=0) - np.nanmax(baseline, axis=0),
/Users/luisdehlwes/Documents/osapiens/makeathon-challenge-2026/solution/run_pipeline.py:214: RuntimeWarning: Mean of empty slice
  pooled = np.nanmean(aef_base_reproj[g*group_size:(g+1)*group_size], axis=0)
2026-04-17 23:52:32,178 INFO __main__:   18NWM_9_4: 77 features, shape (1004, 2)
2026-04-17 23:52:32,194 INFO __main__:   18NWM_9_4: fused label — 0/2008 positive (0.00%)
2026-04-17 23:52:32,194 INFO __main__:   Sampled 100 pixels (0 positive)
2026-04-17 23:52:32,209 INFO __main__: [5/16] Processing 18NXH_6_8
/Users/luisdehlwes/Documents/osapiens/makeathon-challenge-2026/solution/run_pipeline.py:214: RuntimeWarning: Mean of empty slice
  pooled = np.nanmean(aef_base_reproj[g*group_size:(g+1)*group_size], axis=0)
2026-04-17 23:52:55,178 INFO __main__:   18NXH_6_8: 77 features, shape (1002, 1002)
2026-04-17 23:52:55,293 INFO __main__:   18NXH_6_8: fused label — 228456/1004004 positive (22.75%)
2026-04-17 23:52:55,310 INFO __main__:   Sampled 50200 pixels (11487 positive)
2026-04-17 23:52:55,325 INFO __main__: [6/16] Processing 18NXJ_7_6
/Users/luisdehlwes/Documents/osapiens/makeathon-challenge-2026/solution/src/features/temporal.py:19: RuntimeWarning: Mean of empty slice
  "mean": np.nanmean(time_series, axis=0),
/Users/luisdehlwes/Documents/osapiens/makeathon-challenge-2026/.venv/lib/python3.11/site-packages/numpy/lib/nanfunctions.py:1879: RuntimeWarning: Degrees of freedom <= 0 for slice.
  var = nanvar(a, axis=axis, dtype=dtype, out=out, ddof=ddof,
/Users/luisdehlwes/Documents/osapiens/makeathon-challenge-2026/solution/src/features/temporal.py:21: RuntimeWarning: All-NaN slice encountered
  "min": np.nanmin(time_series, axis=0),
/Users/luisdehlwes/Documents/osapiens/makeathon-challenge-2026/solution/src/features/temporal.py:22: RuntimeWarning: All-NaN slice encountered
  "max": np.nanmax(time_series, axis=0),
/Users/luisdehlwes/Documents/osapiens/makeathon-challenge-2026/solution/src/features/temporal.py:23: RuntimeWarning: All-NaN slice encountered
  "median": np.nanmedian(time_series, axis=0),
/Users/luisdehlwes/Documents/osapiens/makeathon-challenge-2026/solution/src/features/temporal.py:24: RuntimeWarning: All-NaN slice encountered
  "range": np.nanmax(time_series, axis=0) - np.nanmin(time_series, axis=0),
/Users/luisdehlwes/Documents/osapiens/makeathon-challenge-2026/solution/src/features/temporal.py:43: RuntimeWarning: Mean of empty slice
  y_mean = np.nanmean(flat, axis=0)
/Users/luisdehlwes/Documents/osapiens/makeathon-challenge-2026/solution/src/features/temporal.py:44: RuntimeWarning: Mean of empty slice
  cov = np.nanmean((x[:, None] - x_mean) * (flat - y_mean[None, :]), axis=0)
/Users/luisdehlwes/Documents/osapiens/makeathon-challenge-2026/solution/src/features/temporal.py:64: RuntimeWarning: Mean of empty slice
  base_mean = np.nanmean(baseline, axis=0)
/Users/luisdehlwes/Documents/osapiens/makeathon-challenge-2026/solution/src/features/temporal.py:65: RuntimeWarning: Mean of empty slice
  post_mean = np.nanmean(post, axis=0)
/Users/luisdehlwes/Documents/osapiens/makeathon-challenge-2026/solution/src/features/temporal.py:70: RuntimeWarning: All-NaN slice encountered
  "delta_min": np.nanmin(post, axis=0) - np.nanmin(baseline, axis=0),
/Users/luisdehlwes/Documents/osapiens/makeathon-challenge-2026/solution/src/features/temporal.py:71: RuntimeWarning: All-NaN slice encountered
  "delta_max": np.nanmax(post, axis=0) - np.nanmax(baseline, axis=0),
/Users/luisdehlwes/Documents/osapiens/makeathon-challenge-2026/solution/run_pipeline.py:214: RuntimeWarning: Mean of empty slice
  pooled = np.nanmean(aef_base_reproj[g*group_size:(g+1)*group_size], axis=0)
2026-04-17 23:53:17,326 INFO __main__:   18NXJ_7_6: 77 features, shape (1004, 1004)
2026-04-17 23:53:17,444 INFO __main__:   18NXJ_7_6: fused label — 10984/1008016 positive (1.09%)
2026-04-17 23:53:17,460 INFO __main__:   Sampled 50400 pixels (503 positive)
2026-04-17 23:53:17,475 INFO __main__: [7/16] Processing 18NYH_9_9
/Users/luisdehlwes/Documents/osapiens/makeathon-challenge-2026/solution/src/features/temporal.py:64: RuntimeWarning: Mean of empty slice
  base_mean = np.nanmean(baseline, axis=0)
/Users/luisdehlwes/Documents/osapiens/makeathon-challenge-2026/solution/src/features/temporal.py:70: RuntimeWarning: All-NaN slice encountered
  "delta_min": np.nanmin(post, axis=0) - np.nanmin(baseline, axis=0),
/Users/luisdehlwes/Documents/osapiens/makeathon-challenge-2026/solution/src/features/temporal.py:71: RuntimeWarning: All-NaN slice encountered
  "delta_max": np.nanmax(post, axis=0) - np.nanmax(baseline, axis=0),
/Users/luisdehlwes/Documents/osapiens/makeathon-challenge-2026/solution/run_pipeline.py:214: RuntimeWarning: Mean of empty slice
  pooled = np.nanmean(aef_base_reproj[g*group_size:(g+1)*group_size], axis=0)
2026-04-17 23:53:18,962 INFO __main__:   18NYH_9_9: 77 features, shape (6, 4)
2026-04-17 23:53:18,977 INFO __main__:   18NYH_9_9: fused label — 0/24 positive (0.00%)
2026-04-17 23:53:18,977 INFO __main__:   Sampled 1 pixels (0 positive)
2026-04-17 23:53:18,994 INFO __main__: [8/16] Processing 19NBD_4_4
/Users/luisdehlwes/Documents/osapiens/makeathon-challenge-2026/solution/src/features/temporal.py:19: RuntimeWarning: Mean of empty slice
  "mean": np.nanmean(time_series, axis=0),
/Users/luisdehlwes/Documents/osapiens/makeathon-challenge-2026/.venv/lib/python3.11/site-packages/numpy/lib/nanfunctions.py:1879: RuntimeWarning: Degrees of freedom <= 0 for slice.
  var = nanvar(a, axis=axis, dtype=dtype, out=out, ddof=ddof,
/Users/luisdehlwes/Documents/osapiens/makeathon-challenge-2026/solution/src/features/temporal.py:21: RuntimeWarning: All-NaN slice encountered
  "min": np.nanmin(time_series, axis=0),
/Users/luisdehlwes/Documents/osapiens/makeathon-challenge-2026/solution/src/features/temporal.py:22: RuntimeWarning: All-NaN slice encountered
  "max": np.nanmax(time_series, axis=0),
/Users/luisdehlwes/Documents/osapiens/makeathon-challenge-2026/solution/src/features/temporal.py:23: RuntimeWarning: All-NaN slice encountered
  "median": np.nanmedian(time_series, axis=0),
/Users/luisdehlwes/Documents/osapiens/makeathon-challenge-2026/solution/src/features/temporal.py:24: RuntimeWarning: All-NaN slice encountered
  "range": np.nanmax(time_series, axis=0) - np.nanmin(time_series, axis=0),
/Users/luisdehlwes/Documents/osapiens/makeathon-challenge-2026/solution/src/features/temporal.py:43: RuntimeWarning: Mean of empty slice
  y_mean = np.nanmean(flat, axis=0)
/Users/luisdehlwes/Documents/osapiens/makeathon-challenge-2026/solution/src/features/temporal.py:44: RuntimeWarning: Mean of empty slice
  cov = np.nanmean((x[:, None] - x_mean) * (flat - y_mean[None, :]), axis=0)
/Users/luisdehlwes/Documents/osapiens/makeathon-challenge-2026/solution/src/features/temporal.py:64: RuntimeWarning: Mean of empty slice
  base_mean = np.nanmean(baseline, axis=0)
/Users/luisdehlwes/Documents/osapiens/makeathon-challenge-2026/solution/src/features/temporal.py:65: RuntimeWarning: Mean of empty slice
  post_mean = np.nanmean(post, axis=0)
/Users/luisdehlwes/Documents/osapiens/makeathon-challenge-2026/solution/src/features/temporal.py:70: RuntimeWarning: All-NaN slice encountered
  "delta_min": np.nanmin(post, axis=0) - np.nanmin(baseline, axis=0),
/Users/luisdehlwes/Documents/osapiens/makeathon-challenge-2026/solution/src/features/temporal.py:71: RuntimeWarning: All-NaN slice encountered
  "delta_max": np.nanmax(post, axis=0) - np.nanmax(baseline, axis=0),
/Users/luisdehlwes/Documents/osapiens/makeathon-challenge-2026/solution/run_pipeline.py:214: RuntimeWarning: Mean of empty slice
  pooled = np.nanmean(aef_base_reproj[g*group_size:(g+1)*group_size], axis=0)
2026-04-17 23:53:36,939 INFO __main__:   19NBD_4_4: 77 features, shape (1006, 1006)
2026-04-17 23:53:37,049 INFO __main__:   19NBD_4_4: fused label — 52776/1012036 positive (5.21%)
2026-04-17 23:53:37,066 INFO __main__:   Sampled 50601 pixels (2578 positive)
2026-04-17 23:53:37,080 INFO __main__: [9/16] Processing 47QMB_0_8
/Users/luisdehlwes/Documents/osapiens/makeathon-challenge-2026/solution/src/features/temporal.py:19: RuntimeWarning: Mean of empty slice
  "mean": np.nanmean(time_series, axis=0),
/Users/luisdehlwes/Documents/osapiens/makeathon-challenge-2026/.venv/lib/python3.11/site-packages/numpy/lib/nanfunctions.py:1879: RuntimeWarning: Degrees of freedom <= 0 for slice.
  var = nanvar(a, axis=axis, dtype=dtype, out=out, ddof=ddof,
/Users/luisdehlwes/Documents/osapiens/makeathon-challenge-2026/solution/src/features/temporal.py:21: RuntimeWarning: All-NaN slice encountered
  "min": np.nanmin(time_series, axis=0),
/Users/luisdehlwes/Documents/osapiens/makeathon-challenge-2026/solution/src/features/temporal.py:22: RuntimeWarning: All-NaN slice encountered
  "max": np.nanmax(time_series, axis=0),
/Users/luisdehlwes/Documents/osapiens/makeathon-challenge-2026/solution/src/features/temporal.py:23: RuntimeWarning: All-NaN slice encountered
  "median": np.nanmedian(time_series, axis=0),
/Users/luisdehlwes/Documents/osapiens/makeathon-challenge-2026/solution/src/features/temporal.py:24: RuntimeWarning: All-NaN slice encountered
  "range": np.nanmax(time_series, axis=0) - np.nanmin(time_series, axis=0),
/Users/luisdehlwes/Documents/osapiens/makeathon-challenge-2026/solution/src/features/temporal.py:43: RuntimeWarning: Mean of empty slice
  y_mean = np.nanmean(flat, axis=0)
/Users/luisdehlwes/Documents/osapiens/makeathon-challenge-2026/solution/src/features/temporal.py:44: RuntimeWarning: Mean of empty slice
  cov = np.nanmean((x[:, None] - x_mean) * (flat - y_mean[None, :]), axis=0)
/Users/luisdehlwes/Documents/osapiens/makeathon-challenge-2026/solution/src/features/temporal.py:64: RuntimeWarning: Mean of empty slice
  base_mean = np.nanmean(baseline, axis=0)
/Users/luisdehlwes/Documents/osapiens/makeathon-challenge-2026/solution/src/features/temporal.py:65: RuntimeWarning: Mean of empty slice
  post_mean = np.nanmean(post, axis=0)
/Users/luisdehlwes/Documents/osapiens/makeathon-challenge-2026/solution/src/features/temporal.py:70: RuntimeWarning: All-NaN slice encountered
  "delta_min": np.nanmin(post, axis=0) - np.nanmin(baseline, axis=0),
/Users/luisdehlwes/Documents/osapiens/makeathon-challenge-2026/solution/src/features/temporal.py:71: RuntimeWarning: All-NaN slice encountered
  "delta_max": np.nanmax(post, axis=0) - np.nanmax(baseline, axis=0),
/Users/luisdehlwes/Documents/osapiens/makeathon-challenge-2026/solution/run_pipeline.py:214: RuntimeWarning: Mean of empty slice
  pooled = np.nanmean(aef_base_reproj[g*group_size:(g+1)*group_size], axis=0)
2026-04-17 23:54:04,351 INFO __main__:   47QMB_0_8: 77 features, shape (1012, 986)
2026-04-17 23:54:04,434 INFO rasterio._env: GDAL signalled an error: err_no=4, msg='/Users/luisdehlwes/Documents/osapiens/makeathon-challenge-2026/data/makeathon-challenge/labels/train/glads2/glads2_47QMB_0_8_alert.tif: No such file or directory'
2026-04-17 23:54:04,470 INFO __main__:   47QMB_0_8: fused label — 514/997832 positive (0.05%)
2026-04-17 23:54:04,495 INFO __main__:   Sampled 49891 pixels (27 positive)
2026-04-17 23:54:04,510 INFO __main__: [10/16] Processing 47QQV_2_4
/Users/luisdehlwes/Documents/osapiens/makeathon-challenge-2026/solution/src/features/temporal.py:19: RuntimeWarning: Mean of empty slice
  "mean": np.nanmean(time_series, axis=0),
/Users/luisdehlwes/Documents/osapiens/makeathon-challenge-2026/.venv/lib/python3.11/site-packages/numpy/lib/nanfunctions.py:1879: RuntimeWarning: Degrees of freedom <= 0 for slice.
  var = nanvar(a, axis=axis, dtype=dtype, out=out, ddof=ddof,
/Users/luisdehlwes/Documents/osapiens/makeathon-challenge-2026/solution/src/features/temporal.py:21: RuntimeWarning: All-NaN slice encountered
  "min": np.nanmin(time_series, axis=0),
/Users/luisdehlwes/Documents/osapiens/makeathon-challenge-2026/solution/src/features/temporal.py:22: RuntimeWarning: All-NaN slice encountered
  "max": np.nanmax(time_series, axis=0),
/Users/luisdehlwes/Documents/osapiens/makeathon-challenge-2026/solution/src/features/temporal.py:23: RuntimeWarning: All-NaN slice encountered
  "median": np.nanmedian(time_series, axis=0),
/Users/luisdehlwes/Documents/osapiens/makeathon-challenge-2026/solution/src/features/temporal.py:24: RuntimeWarning: All-NaN slice encountered
  "range": np.nanmax(time_series, axis=0) - np.nanmin(time_series, axis=0),
/Users/luisdehlwes/Documents/osapiens/makeathon-challenge-2026/solution/src/features/temporal.py:43: RuntimeWarning: Mean of empty slice
  y_mean = np.nanmean(flat, axis=0)
/Users/luisdehlwes/Documents/osapiens/makeathon-challenge-2026/solution/src/features/temporal.py:44: RuntimeWarning: Mean of empty slice
  cov = np.nanmean((x[:, None] - x_mean) * (flat - y_mean[None, :]), axis=0)
/Users/luisdehlwes/Documents/osapiens/makeathon-challenge-2026/solution/src/features/temporal.py:64: RuntimeWarning: Mean of empty slice
  base_mean = np.nanmean(baseline, axis=0)
/Users/luisdehlwes/Documents/osapiens/makeathon-challenge-2026/solution/src/features/temporal.py:65: RuntimeWarning: Mean of empty slice
  post_mean = np.nanmean(post, axis=0)
/Users/luisdehlwes/Documents/osapiens/makeathon-challenge-2026/solution/src/features/temporal.py:70: RuntimeWarning: All-NaN slice encountered
  "delta_min": np.nanmin(post, axis=0) - np.nanmin(baseline, axis=0),
/Users/luisdehlwes/Documents/osapiens/makeathon-challenge-2026/solution/src/features/temporal.py:71: RuntimeWarning: All-NaN slice encountered
  "delta_max": np.nanmax(post, axis=0) - np.nanmax(baseline, axis=0),
/Users/luisdehlwes/Documents/osapiens/makeathon-challenge-2026/solution/run_pipeline.py:214: RuntimeWarning: Mean of empty slice
  pooled = np.nanmean(aef_base_reproj[g*group_size:(g+1)*group_size], axis=0)
2026-04-17 23:54:33,677 INFO __main__:   47QQV_2_4: 77 features, shape (1024, 1023)
2026-04-17 23:54:33,768 INFO rasterio._env: GDAL signalled an error: err_no=4, msg='/Users/luisdehlwes/Documents/osapiens/makeathon-challenge-2026/data/makeathon-challenge/labels/train/glads2/glads2_47QQV_2_4_alert.tif: No such file or directory'
2026-04-17 23:54:33,807 INFO __main__:   47QQV_2_4: fused label — 327/1047552 positive (0.03%)
2026-04-17 23:54:33,833 INFO __main__:   Sampled 52377 pixels (16 positive)
2026-04-17 23:54:33,848 INFO __main__: [11/16] Processing 48PUT_0_8
/Users/luisdehlwes/Documents/osapiens/makeathon-challenge-2026/solution/src/features/temporal.py:19: RuntimeWarning: Mean of empty slice
  "mean": np.nanmean(time_series, axis=0),
/Users/luisdehlwes/Documents/osapiens/makeathon-challenge-2026/.venv/lib/python3.11/site-packages/numpy/lib/nanfunctions.py:1879: RuntimeWarning: Degrees of freedom <= 0 for slice.
  var = nanvar(a, axis=axis, dtype=dtype, out=out, ddof=ddof,
/Users/luisdehlwes/Documents/osapiens/makeathon-challenge-2026/solution/src/features/temporal.py:21: RuntimeWarning: All-NaN slice encountered
  "min": np.nanmin(time_series, axis=0),
/Users/luisdehlwes/Documents/osapiens/makeathon-challenge-2026/solution/src/features/temporal.py:22: RuntimeWarning: All-NaN slice encountered
  "max": np.nanmax(time_series, axis=0),
/Users/luisdehlwes/Documents/osapiens/makeathon-challenge-2026/solution/src/features/temporal.py:23: RuntimeWarning: All-NaN slice encountered
  "median": np.nanmedian(time_series, axis=0),
/Users/luisdehlwes/Documents/osapiens/makeathon-challenge-2026/solution/src/features/temporal.py:24: RuntimeWarning: All-NaN slice encountered
  "range": np.nanmax(time_series, axis=0) - np.nanmin(time_series, axis=0),
/Users/luisdehlwes/Documents/osapiens/makeathon-challenge-2026/solution/src/features/temporal.py:43: RuntimeWarning: Mean of empty slice
  y_mean = np.nanmean(flat, axis=0)
/Users/luisdehlwes/Documents/osapiens/makeathon-challenge-2026/solution/src/features/temporal.py:44: RuntimeWarning: Mean of empty slice
  cov = np.nanmean((x[:, None] - x_mean) * (flat - y_mean[None, :]), axis=0)
/Users/luisdehlwes/Documents/osapiens/makeathon-challenge-2026/solution/src/features/temporal.py:64: RuntimeWarning: Mean of empty slice
  base_mean = np.nanmean(baseline, axis=0)
/Users/luisdehlwes/Documents/osapiens/makeathon-challenge-2026/solution/src/features/temporal.py:65: RuntimeWarning: Mean of empty slice
  post_mean = np.nanmean(post, axis=0)
/Users/luisdehlwes/Documents/osapiens/makeathon-challenge-2026/solution/src/features/temporal.py:70: RuntimeWarning: All-NaN slice encountered
  "delta_min": np.nanmin(post, axis=0) - np.nanmin(baseline, axis=0),
/Users/luisdehlwes/Documents/osapiens/makeathon-challenge-2026/solution/src/features/temporal.py:71: RuntimeWarning: All-NaN slice encountered
  "delta_max": np.nanmax(post, axis=0) - np.nanmax(baseline, axis=0),
/Users/luisdehlwes/Documents/osapiens/makeathon-challenge-2026/solution/run_pipeline.py:214: RuntimeWarning: Mean of empty slice
  pooled = np.nanmean(aef_base_reproj[g*group_size:(g+1)*group_size], axis=0)
2026-04-17 23:55:01,475 INFO __main__:   48PUT_0_8: 77 features, shape (1012, 1006)
2026-04-17 23:55:01,553 INFO rasterio._env: GDAL signalled an error: err_no=4, msg='/Users/luisdehlwes/Documents/osapiens/makeathon-challenge-2026/data/makeathon-challenge/labels/train/glads2/glads2_48PUT_0_8_alert.tif: No such file or directory'
2026-04-17 23:55:01,589 INFO __main__:   48PUT_0_8: fused label — 22152/1018072 positive (2.18%)
2026-04-17 23:55:01,606 INFO __main__:   Sampled 50903 pixels (1134 positive)
2026-04-17 23:55:01,621 INFO __main__: [12/16] Processing 48PWV_7_8
/Users/luisdehlwes/Documents/osapiens/makeathon-challenge-2026/solution/src/features/temporal.py:19: RuntimeWarning: Mean of empty slice
  "mean": np.nanmean(time_series, axis=0),
/Users/luisdehlwes/Documents/osapiens/makeathon-challenge-2026/.venv/lib/python3.11/site-packages/numpy/lib/nanfunctions.py:1879: RuntimeWarning: Degrees of freedom <= 0 for slice.
  var = nanvar(a, axis=axis, dtype=dtype, out=out, ddof=ddof,
/Users/luisdehlwes/Documents/osapiens/makeathon-challenge-2026/solution/src/features/temporal.py:21: RuntimeWarning: All-NaN slice encountered
  "min": np.nanmin(time_series, axis=0),
/Users/luisdehlwes/Documents/osapiens/makeathon-challenge-2026/solution/src/features/temporal.py:22: RuntimeWarning: All-NaN slice encountered
  "max": np.nanmax(time_series, axis=0),
/Users/luisdehlwes/Documents/osapiens/makeathon-challenge-2026/solution/src/features/temporal.py:23: RuntimeWarning: All-NaN slice encountered
  "median": np.nanmedian(time_series, axis=0),
/Users/luisdehlwes/Documents/osapiens/makeathon-challenge-2026/solution/src/features/temporal.py:24: RuntimeWarning: All-NaN slice encountered
  "range": np.nanmax(time_series, axis=0) - np.nanmin(time_series, axis=0),
/Users/luisdehlwes/Documents/osapiens/makeathon-challenge-2026/solution/src/features/temporal.py:43: RuntimeWarning: Mean of empty slice
  y_mean = np.nanmean(flat, axis=0)
/Users/luisdehlwes/Documents/osapiens/makeathon-challenge-2026/solution/src/features/temporal.py:44: RuntimeWarning: Mean of empty slice
  cov = np.nanmean((x[:, None] - x_mean) * (flat - y_mean[None, :]), axis=0)
/Users/luisdehlwes/Documents/osapiens/makeathon-challenge-2026/solution/src/features/temporal.py:64: RuntimeWarning: Mean of empty slice
  base_mean = np.nanmean(baseline, axis=0)
/Users/luisdehlwes/Documents/osapiens/makeathon-challenge-2026/solution/src/features/temporal.py:65: RuntimeWarning: Mean of empty slice
  post_mean = np.nanmean(post, axis=0)
/Users/luisdehlwes/Documents/osapiens/makeathon-challenge-2026/solution/src/features/temporal.py:70: RuntimeWarning: All-NaN slice encountered
  "delta_min": np.nanmin(post, axis=0) - np.nanmin(baseline, axis=0),
/Users/luisdehlwes/Documents/osapiens/makeathon-challenge-2026/solution/src/features/temporal.py:71: RuntimeWarning: All-NaN slice encountered
  "delta_max": np.nanmax(post, axis=0) - np.nanmax(baseline, axis=0),
/Users/luisdehlwes/Documents/osapiens/makeathon-challenge-2026/solution/run_pipeline.py:214: RuntimeWarning: Mean of empty slice
  pooled = np.nanmean(aef_base_reproj[g*group_size:(g+1)*group_size], axis=0)
2026-04-17 23:55:28,723 INFO __main__:   48PWV_7_8: 77 features, shape (1006, 1006)
2026-04-17 23:55:28,807 INFO rasterio._env: GDAL signalled an error: err_no=4, msg='/Users/luisdehlwes/Documents/osapiens/makeathon-challenge-2026/data/makeathon-challenge/labels/train/glads2/glads2_48PWV_7_8_alert.tif: No such file or directory'
2026-04-17 23:55:28,843 INFO __main__:   48PWV_7_8: fused label — 247684/1012036 positive (24.47%)
2026-04-17 23:55:28,867 INFO __main__:   Sampled 50601 pixels (12330 positive)
2026-04-17 23:55:28,883 INFO __main__: [13/16] Processing 48PXC_7_7
/Users/luisdehlwes/Documents/osapiens/makeathon-challenge-2026/solution/src/features/temporal.py:19: RuntimeWarning: Mean of empty slice
  "mean": np.nanmean(time_series, axis=0),
/Users/luisdehlwes/Documents/osapiens/makeathon-challenge-2026/.venv/lib/python3.11/site-packages/numpy/lib/nanfunctions.py:1879: RuntimeWarning: Degrees of freedom <= 0 for slice.
  var = nanvar(a, axis=axis, dtype=dtype, out=out, ddof=ddof,
/Users/luisdehlwes/Documents/osapiens/makeathon-challenge-2026/solution/src/features/temporal.py:21: RuntimeWarning: All-NaN slice encountered
  "min": np.nanmin(time_series, axis=0),
/Users/luisdehlwes/Documents/osapiens/makeathon-challenge-2026/solution/src/features/temporal.py:22: RuntimeWarning: All-NaN slice encountered
  "max": np.nanmax(time_series, axis=0),
/Users/luisdehlwes/Documents/osapiens/makeathon-challenge-2026/solution/src/features/temporal.py:23: RuntimeWarning: All-NaN slice encountered
  "median": np.nanmedian(time_series, axis=0),
/Users/luisdehlwes/Documents/osapiens/makeathon-challenge-2026/solution/src/features/temporal.py:24: RuntimeWarning: All-NaN slice encountered
  "range": np.nanmax(time_series, axis=0) - np.nanmin(time_series, axis=0),
/Users/luisdehlwes/Documents/osapiens/makeathon-challenge-2026/solution/src/features/temporal.py:43: RuntimeWarning: Mean of empty slice
  y_mean = np.nanmean(flat, axis=0)
/Users/luisdehlwes/Documents/osapiens/makeathon-challenge-2026/solution/src/features/temporal.py:44: RuntimeWarning: Mean of empty slice
  cov = np.nanmean((x[:, None] - x_mean) * (flat - y_mean[None, :]), axis=0)
/Users/luisdehlwes/Documents/osapiens/makeathon-challenge-2026/solution/src/features/temporal.py:64: RuntimeWarning: Mean of empty slice
  base_mean = np.nanmean(baseline, axis=0)
/Users/luisdehlwes/Documents/osapiens/makeathon-challenge-2026/solution/src/features/temporal.py:65: RuntimeWarning: Mean of empty slice
  post_mean = np.nanmean(post, axis=0)
/Users/luisdehlwes/Documents/osapiens/makeathon-challenge-2026/solution/src/features/temporal.py:70: RuntimeWarning: All-NaN slice encountered
  "delta_min": np.nanmin(post, axis=0) - np.nanmin(baseline, axis=0),
/Users/luisdehlwes/Documents/osapiens/makeathon-challenge-2026/solution/src/features/temporal.py:71: RuntimeWarning: All-NaN slice encountered
  "delta_max": np.nanmax(post, axis=0) - np.nanmax(baseline, axis=0),
/Users/luisdehlwes/Documents/osapiens/makeathon-challenge-2026/solution/run_pipeline.py:214: RuntimeWarning: Mean of empty slice
  pooled = np.nanmean(aef_base_reproj[g*group_size:(g+1)*group_size], axis=0)
2026-04-17 23:55:55,540 INFO __main__:   48PXC_7_7: 77 features, shape (1016, 1016)
2026-04-17 23:55:55,652 INFO rasterio._env: GDAL signalled an error: err_no=4, msg='/Users/luisdehlwes/Documents/osapiens/makeathon-challenge-2026/data/makeathon-challenge/labels/train/glads2/glads2_48PXC_7_7_alert.tif: No such file or directory'
2026-04-17 23:55:55,690 INFO __main__:   48PXC_7_7: fused label — 66287/1032256 positive (6.42%)
2026-04-17 23:55:55,716 INFO __main__:   Sampled 51612 pixels (3292 positive)
2026-04-17 23:55:55,731 INFO __main__: [14/16] Processing 48PYB_3_6
/Users/luisdehlwes/Documents/osapiens/makeathon-challenge-2026/solution/src/features/temporal.py:19: RuntimeWarning: Mean of empty slice
  "mean": np.nanmean(time_series, axis=0),
/Users/luisdehlwes/Documents/osapiens/makeathon-challenge-2026/.venv/lib/python3.11/site-packages/numpy/lib/nanfunctions.py:1879: RuntimeWarning: Degrees of freedom <= 0 for slice.
  var = nanvar(a, axis=axis, dtype=dtype, out=out, ddof=ddof,
/Users/luisdehlwes/Documents/osapiens/makeathon-challenge-2026/solution/src/features/temporal.py:21: RuntimeWarning: All-NaN slice encountered
  "min": np.nanmin(time_series, axis=0),
/Users/luisdehlwes/Documents/osapiens/makeathon-challenge-2026/solution/src/features/temporal.py:22: RuntimeWarning: All-NaN slice encountered
  "max": np.nanmax(time_series, axis=0),
/Users/luisdehlwes/Documents/osapiens/makeathon-challenge-2026/solution/src/features/temporal.py:23: RuntimeWarning: All-NaN slice encountered
  "median": np.nanmedian(time_series, axis=0),
/Users/luisdehlwes/Documents/osapiens/makeathon-challenge-2026/solution/src/features/temporal.py:24: RuntimeWarning: All-NaN slice encountered
  "range": np.nanmax(time_series, axis=0) - np.nanmin(time_series, axis=0),
/Users/luisdehlwes/Documents/osapiens/makeathon-challenge-2026/solution/src/features/temporal.py:43: RuntimeWarning: Mean of empty slice
  y_mean = np.nanmean(flat, axis=0)
/Users/luisdehlwes/Documents/osapiens/makeathon-challenge-2026/solution/src/features/temporal.py:44: RuntimeWarning: Mean of empty slice
  cov = np.nanmean((x[:, None] - x_mean) * (flat - y_mean[None, :]), axis=0)
/Users/luisdehlwes/Documents/osapiens/makeathon-challenge-2026/solution/src/features/temporal.py:64: RuntimeWarning: Mean of empty slice
  base_mean = np.nanmean(baseline, axis=0)
/Users/luisdehlwes/Documents/osapiens/makeathon-challenge-2026/solution/src/features/temporal.py:65: RuntimeWarning: Mean of empty slice
  post_mean = np.nanmean(post, axis=0)
/Users/luisdehlwes/Documents/osapiens/makeathon-challenge-2026/solution/src/features/temporal.py:70: RuntimeWarning: All-NaN slice encountered
  "delta_min": np.nanmin(post, axis=0) - np.nanmin(baseline, axis=0),
/Users/luisdehlwes/Documents/osapiens/makeathon-challenge-2026/solution/src/features/temporal.py:71: RuntimeWarning: All-NaN slice encountered
  "delta_max": np.nanmax(post, axis=0) - np.nanmax(baseline, axis=0),
/Users/luisdehlwes/Documents/osapiens/makeathon-challenge-2026/solution/run_pipeline.py:214: RuntimeWarning: Mean of empty slice
  pooled = np.nanmean(aef_base_reproj[g*group_size:(g+1)*group_size], axis=0)
2026-04-17 23:56:21,024 INFO __main__:   48PYB_3_6: 77 features, shape (1020, 1020)
2026-04-17 23:56:21,112 INFO rasterio._env: GDAL signalled an error: err_no=4, msg='/Users/luisdehlwes/Documents/osapiens/makeathon-challenge-2026/data/makeathon-challenge/labels/train/glads2/glads2_48PYB_3_6_alert.tif: No such file or directory'
2026-04-17 23:56:21,151 INFO __main__:   48PYB_3_6: fused label — 117790/1040400 positive (11.32%)
2026-04-17 23:56:21,171 INFO __main__:   Sampled 52020 pixels (5911 positive)
2026-04-17 23:56:21,186 INFO __main__: [15/16] Processing 48QVE_3_0
/Users/luisdehlwes/Documents/osapiens/makeathon-challenge-2026/solution/src/features/temporal.py:19: RuntimeWarning: Mean of empty slice
  "mean": np.nanmean(time_series, axis=0),
/Users/luisdehlwes/Documents/osapiens/makeathon-challenge-2026/.venv/lib/python3.11/site-packages/numpy/lib/nanfunctions.py:1879: RuntimeWarning: Degrees of freedom <= 0 for slice.
  var = nanvar(a, axis=axis, dtype=dtype, out=out, ddof=ddof,
/Users/luisdehlwes/Documents/osapiens/makeathon-challenge-2026/solution/src/features/temporal.py:21: RuntimeWarning: All-NaN slice encountered
  "min": np.nanmin(time_series, axis=0),
/Users/luisdehlwes/Documents/osapiens/makeathon-challenge-2026/solution/src/features/temporal.py:22: RuntimeWarning: All-NaN slice encountered
  "max": np.nanmax(time_series, axis=0),
/Users/luisdehlwes/Documents/osapiens/makeathon-challenge-2026/solution/src/features/temporal.py:23: RuntimeWarning: All-NaN slice encountered
  "median": np.nanmedian(time_series, axis=0),
/Users/luisdehlwes/Documents/osapiens/makeathon-challenge-2026/solution/src/features/temporal.py:24: RuntimeWarning: All-NaN slice encountered
  "range": np.nanmax(time_series, axis=0) - np.nanmin(time_series, axis=0),
/Users/luisdehlwes/Documents/osapiens/makeathon-challenge-2026/solution/src/features/temporal.py:43: RuntimeWarning: Mean of empty slice
  y_mean = np.nanmean(flat, axis=0)
/Users/luisdehlwes/Documents/osapiens/makeathon-challenge-2026/solution/src/features/temporal.py:44: RuntimeWarning: Mean of empty slice
  cov = np.nanmean((x[:, None] - x_mean) * (flat - y_mean[None, :]), axis=0)
/Users/luisdehlwes/Documents/osapiens/makeathon-challenge-2026/solution/src/features/temporal.py:64: RuntimeWarning: Mean of empty slice
  base_mean = np.nanmean(baseline, axis=0)
/Users/luisdehlwes/Documents/osapiens/makeathon-challenge-2026/solution/src/features/temporal.py:65: RuntimeWarning: Mean of empty slice
  post_mean = np.nanmean(post, axis=0)
/Users/luisdehlwes/Documents/osapiens/makeathon-challenge-2026/solution/src/features/temporal.py:70: RuntimeWarning: All-NaN slice encountered
  "delta_min": np.nanmin(post, axis=0) - np.nanmin(baseline, axis=0),
/Users/luisdehlwes/Documents/osapiens/makeathon-challenge-2026/solution/src/features/temporal.py:71: RuntimeWarning: All-NaN slice encountered
  "delta_max": np.nanmax(post, axis=0) - np.nanmax(baseline, axis=0),
/Users/luisdehlwes/Documents/osapiens/makeathon-challenge-2026/solution/run_pipeline.py:214: RuntimeWarning: Mean of empty slice
  pooled = np.nanmean(aef_base_reproj[g*group_size:(g+1)*group_size], axis=0)
2026-04-17 23:56:47,315 INFO __main__:   48QVE_3_0: 77 features, shape (1008, 1008)
2026-04-17 23:56:47,391 INFO rasterio._env: GDAL signalled an error: err_no=4, msg='/Users/luisdehlwes/Documents/osapiens/makeathon-challenge-2026/data/makeathon-challenge/labels/train/glads2/glads2_48QVE_3_0_alert.tif: No such file or directory'
2026-04-17 23:56:47,429 INFO __main__:   48QVE_3_0: fused label — 68081/1016064 positive (6.70%)
2026-04-17 23:56:47,445 INFO __main__:   Sampled 50803 pixels (3388 positive)
2026-04-17 23:56:47,460 INFO __main__: [16/16] Processing 48QWD_2_2
/Users/luisdehlwes/Documents/osapiens/makeathon-challenge-2026/solution/src/features/temporal.py:19: RuntimeWarning: Mean of empty slice
  "mean": np.nanmean(time_series, axis=0),
/Users/luisdehlwes/Documents/osapiens/makeathon-challenge-2026/.venv/lib/python3.11/site-packages/numpy/lib/nanfunctions.py:1879: RuntimeWarning: Degrees of freedom <= 0 for slice.
  var = nanvar(a, axis=axis, dtype=dtype, out=out, ddof=ddof,
/Users/luisdehlwes/Documents/osapiens/makeathon-challenge-2026/solution/src/features/temporal.py:21: RuntimeWarning: All-NaN slice encountered
  "min": np.nanmin(time_series, axis=0),
/Users/luisdehlwes/Documents/osapiens/makeathon-challenge-2026/solution/src/features/temporal.py:22: RuntimeWarning: All-NaN slice encountered
  "max": np.nanmax(time_series, axis=0),
/Users/luisdehlwes/Documents/osapiens/makeathon-challenge-2026/solution/src/features/temporal.py:23: RuntimeWarning: All-NaN slice encountered
  "median": np.nanmedian(time_series, axis=0),
/Users/luisdehlwes/Documents/osapiens/makeathon-challenge-2026/solution/src/features/temporal.py:24: RuntimeWarning: All-NaN slice encountered
  "range": np.nanmax(time_series, axis=0) - np.nanmin(time_series, axis=0),
/Users/luisdehlwes/Documents/osapiens/makeathon-challenge-2026/solution/src/features/temporal.py:43: RuntimeWarning: Mean of empty slice
  y_mean = np.nanmean(flat, axis=0)
/Users/luisdehlwes/Documents/osapiens/makeathon-challenge-2026/solution/src/features/temporal.py:44: RuntimeWarning: Mean of empty slice
  cov = np.nanmean((x[:, None] - x_mean) * (flat - y_mean[None, :]), axis=0)
/Users/luisdehlwes/Documents/osapiens/makeathon-challenge-2026/solution/src/features/temporal.py:64: RuntimeWarning: Mean of empty slice
  base_mean = np.nanmean(baseline, axis=0)
/Users/luisdehlwes/Documents/osapiens/makeathon-challenge-2026/solution/src/features/temporal.py:65: RuntimeWarning: Mean of empty slice
  post_mean = np.nanmean(post, axis=0)
/Users/luisdehlwes/Documents/osapiens/makeathon-challenge-2026/solution/src/features/temporal.py:70: RuntimeWarning: All-NaN slice encountered
  "delta_min": np.nanmin(post, axis=0) - np.nanmin(baseline, axis=0),
/Users/luisdehlwes/Documents/osapiens/makeathon-challenge-2026/solution/src/features/temporal.py:71: RuntimeWarning: All-NaN slice encountered
  "delta_max": np.nanmax(post, axis=0) - np.nanmax(baseline, axis=0),
/Users/luisdehlwes/Documents/osapiens/makeathon-challenge-2026/solution/run_pipeline.py:214: RuntimeWarning: Mean of empty slice
  pooled = np.nanmean(aef_base_reproj[g*group_size:(g+1)*group_size], axis=0)
2026-04-17 23:57:12,753 INFO __main__:   48QWD_2_2: 77 features, shape (1004, 1003)
2026-04-17 23:57:12,834 INFO rasterio._env: GDAL signalled an error: err_no=4, msg='/Users/luisdehlwes/Documents/osapiens/makeathon-challenge-2026/data/makeathon-challenge/labels/train/glads2/glads2_48QWD_2_2_alert.tif: No such file or directory'
2026-04-17 23:57:12,869 INFO __main__:   48QWD_2_2: fused label — 59729/1007012 positive (5.93%)
2026-04-17 23:57:12,890 INFO __main__:   Sampled 50350 pixels (3021 positive)
2026-04-17 23:57:12,918 INFO __main__: 
Total training pixels: 710459 (77 features)
2026-04-17 23:57:12,918 INFO __main__: Positive rate: 0.0839
2026-04-17 23:57:12,918 INFO __main__: 
── Step 3: Training LightGBM ──
2026-04-17 23:57:12,983 INFO __main__: Train: 568367 | Val: 142092
2026-04-17 23:57:42,585 INFO __main__: Model saved to /Users/luisdehlwes/Documents/osapiens/makeathon-challenge-2026/solution/outputs/lgbm_model.pkl
2026-04-17 23:57:43,646 INFO __main__: Validation: F1=0.8146 | Precision=0.8263 | Recall=0.8032
2026-04-17 23:57:43,666 INFO __main__: 
── Step 4: Inference on Test Tiles ──
2026-04-17 23:57:43,666 INFO __main__: [1/5] Predicting 18NVJ_1_6
/Users/luisdehlwes/Documents/osapiens/makeathon-challenge-2026/solution/src/features/temporal.py:19: RuntimeWarning: Mean of empty slice
  "mean": np.nanmean(time_series, axis=0),
/Users/luisdehlwes/Documents/osapiens/makeathon-challenge-2026/.venv/lib/python3.11/site-packages/numpy/lib/nanfunctions.py:1879: RuntimeWarning: Degrees of freedom <= 0 for slice.
  var = nanvar(a, axis=axis, dtype=dtype, out=out, ddof=ddof,
/Users/luisdehlwes/Documents/osapiens/makeathon-challenge-2026/solution/src/features/temporal.py:21: RuntimeWarning: All-NaN slice encountered
  "min": np.nanmin(time_series, axis=0),
/Users/luisdehlwes/Documents/osapiens/makeathon-challenge-2026/solution/src/features/temporal.py:22: RuntimeWarning: All-NaN slice encountered
  "max": np.nanmax(time_series, axis=0),
/Users/luisdehlwes/Documents/osapiens/makeathon-challenge-2026/solution/src/features/temporal.py:23: RuntimeWarning: All-NaN slice encountered
  "median": np.nanmedian(time_series, axis=0),
/Users/luisdehlwes/Documents/osapiens/makeathon-challenge-2026/solution/src/features/temporal.py:24: RuntimeWarning: All-NaN slice encountered
  "range": np.nanmax(time_series, axis=0) - np.nanmin(time_series, axis=0),
/Users/luisdehlwes/Documents/osapiens/makeathon-challenge-2026/solution/src/features/temporal.py:43: RuntimeWarning: Mean of empty slice
  y_mean = np.nanmean(flat, axis=0)
/Users/luisdehlwes/Documents/osapiens/makeathon-challenge-2026/solution/src/features/temporal.py:44: RuntimeWarning: Mean of empty slice
  cov = np.nanmean((x[:, None] - x_mean) * (flat - y_mean[None, :]), axis=0)
/Users/luisdehlwes/Documents/osapiens/makeathon-challenge-2026/solution/src/features/temporal.py:64: RuntimeWarning: Mean of empty slice
  base_mean = np.nanmean(baseline, axis=0)
/Users/luisdehlwes/Documents/osapiens/makeathon-challenge-2026/solution/src/features/temporal.py:65: RuntimeWarning: Mean of empty slice
  post_mean = np.nanmean(post, axis=0)
/Users/luisdehlwes/Documents/osapiens/makeathon-challenge-2026/solution/src/features/temporal.py:70: RuntimeWarning: All-NaN slice encountered
  "delta_min": np.nanmin(post, axis=0) - np.nanmin(baseline, axis=0),
/Users/luisdehlwes/Documents/osapiens/makeathon-challenge-2026/solution/src/features/temporal.py:71: RuntimeWarning: All-NaN slice encountered
  "delta_max": np.nanmax(post, axis=0) - np.nanmax(baseline, axis=0),
/Users/luisdehlwes/Documents/osapiens/makeathon-challenge-2026/solution/run_pipeline.py:214: RuntimeWarning: Mean of empty slice
  pooled = np.nanmean(aef_base_reproj[g*group_size:(g+1)*group_size], axis=0)
2026-04-17 23:58:07,011 INFO __main__:   18NVJ_1_6: 77 features, shape (1002, 1002)
2026-04-17 23:58:12,140 INFO solution.src.inference.predict: Saved prediction: /Users/luisdehlwes/Documents/osapiens/makeathon-challenge-2026/solution/outputs/predictions/pred_18NVJ_1_6.tif
2026-04-17 23:58:12,141 INFO __main__:   18NVJ_1_6: 0 deforestation pixels (0.00%)
2026-04-17 23:58:12,160 INFO __main__: [2/5] Predicting 18NYH_2_1
/Users/luisdehlwes/Documents/osapiens/makeathon-challenge-2026/solution/src/features/temporal.py:19: RuntimeWarning: Mean of empty slice
  "mean": np.nanmean(time_series, axis=0),
/Users/luisdehlwes/Documents/osapiens/makeathon-challenge-2026/.venv/lib/python3.11/site-packages/numpy/lib/nanfunctions.py:1879: RuntimeWarning: Degrees of freedom <= 0 for slice.
  var = nanvar(a, axis=axis, dtype=dtype, out=out, ddof=ddof,
/Users/luisdehlwes/Documents/osapiens/makeathon-challenge-2026/solution/src/features/temporal.py:21: RuntimeWarning: All-NaN slice encountered
  "min": np.nanmin(time_series, axis=0),
/Users/luisdehlwes/Documents/osapiens/makeathon-challenge-2026/solution/src/features/temporal.py:22: RuntimeWarning: All-NaN slice encountered
  "max": np.nanmax(time_series, axis=0),
/Users/luisdehlwes/Documents/osapiens/makeathon-challenge-2026/solution/src/features/temporal.py:23: RuntimeWarning: All-NaN slice encountered
  "median": np.nanmedian(time_series, axis=0),
/Users/luisdehlwes/Documents/osapiens/makeathon-challenge-2026/solution/src/features/temporal.py:24: RuntimeWarning: All-NaN slice encountered
  "range": np.nanmax(time_series, axis=0) - np.nanmin(time_series, axis=0),
/Users/luisdehlwes/Documents/osapiens/makeathon-challenge-2026/solution/src/features/temporal.py:43: RuntimeWarning: Mean of empty slice
  y_mean = np.nanmean(flat, axis=0)
/Users/luisdehlwes/Documents/osapiens/makeathon-challenge-2026/solution/src/features/temporal.py:44: RuntimeWarning: Mean of empty slice
  cov = np.nanmean((x[:, None] - x_mean) * (flat - y_mean[None, :]), axis=0)
/Users/luisdehlwes/Documents/osapiens/makeathon-challenge-2026/solution/src/features/temporal.py:64: RuntimeWarning: Mean of empty slice
  base_mean = np.nanmean(baseline, axis=0)
/Users/luisdehlwes/Documents/osapiens/makeathon-challenge-2026/solution/src/features/temporal.py:65: RuntimeWarning: Mean of empty slice
  post_mean = np.nanmean(post, axis=0)
/Users/luisdehlwes/Documents/osapiens/makeathon-challenge-2026/solution/src/features/temporal.py:70: RuntimeWarning: All-NaN slice encountered
  "delta_min": np.nanmin(post, axis=0) - np.nanmin(baseline, axis=0),
/Users/luisdehlwes/Documents/osapiens/makeathon-challenge-2026/solution/src/features/temporal.py:71: RuntimeWarning: All-NaN slice encountered
  "delta_max": np.nanmax(post, axis=0) - np.nanmax(baseline, axis=0),
/Users/luisdehlwes/Documents/osapiens/makeathon-challenge-2026/solution/run_pipeline.py:214: RuntimeWarning: Mean of empty slice
  pooled = np.nanmean(aef_base_reproj[g*group_size:(g+1)*group_size], axis=0)
2026-04-17 23:58:35,000 INFO __main__:   18NYH_2_1: 77 features, shape (1004, 1004)
2026-04-17 23:58:40,653 INFO solution.src.inference.predict: Saved prediction: /Users/luisdehlwes/Documents/osapiens/makeathon-challenge-2026/solution/outputs/predictions/pred_18NYH_2_1.tif
2026-04-17 23:58:40,654 INFO __main__:   18NYH_2_1: 52703 deforestation pixels (5.23%)
2026-04-17 23:58:40,673 INFO __main__: [3/5] Predicting 33NTE_5_1
/Users/luisdehlwes/Documents/osapiens/makeathon-challenge-2026/solution/src/features/temporal.py:19: RuntimeWarning: Mean of empty slice
  "mean": np.nanmean(time_series, axis=0),
/Users/luisdehlwes/Documents/osapiens/makeathon-challenge-2026/.venv/lib/python3.11/site-packages/numpy/lib/nanfunctions.py:1879: RuntimeWarning: Degrees of freedom <= 0 for slice.
  var = nanvar(a, axis=axis, dtype=dtype, out=out, ddof=ddof,
/Users/luisdehlwes/Documents/osapiens/makeathon-challenge-2026/solution/src/features/temporal.py:21: RuntimeWarning: All-NaN slice encountered
  "min": np.nanmin(time_series, axis=0),
/Users/luisdehlwes/Documents/osapiens/makeathon-challenge-2026/solution/src/features/temporal.py:22: RuntimeWarning: All-NaN slice encountered
  "max": np.nanmax(time_series, axis=0),
/Users/luisdehlwes/Documents/osapiens/makeathon-challenge-2026/solution/src/features/temporal.py:23: RuntimeWarning: All-NaN slice encountered
  "median": np.nanmedian(time_series, axis=0),
/Users/luisdehlwes/Documents/osapiens/makeathon-challenge-2026/solution/src/features/temporal.py:24: RuntimeWarning: All-NaN slice encountered
  "range": np.nanmax(time_series, axis=0) - np.nanmin(time_series, axis=0),
/Users/luisdehlwes/Documents/osapiens/makeathon-challenge-2026/solution/src/features/temporal.py:43: RuntimeWarning: Mean of empty slice
  y_mean = np.nanmean(flat, axis=0)
/Users/luisdehlwes/Documents/osapiens/makeathon-challenge-2026/solution/src/features/temporal.py:44: RuntimeWarning: Mean of empty slice
  cov = np.nanmean((x[:, None] - x_mean) * (flat - y_mean[None, :]), axis=0)
/Users/luisdehlwes/Documents/osapiens/makeathon-challenge-2026/solution/src/features/temporal.py:64: RuntimeWarning: Mean of empty slice
  base_mean = np.nanmean(baseline, axis=0)
/Users/luisdehlwes/Documents/osapiens/makeathon-challenge-2026/solution/src/features/temporal.py:65: RuntimeWarning: Mean of empty slice
  post_mean = np.nanmean(post, axis=0)
/Users/luisdehlwes/Documents/osapiens/makeathon-challenge-2026/solution/src/features/temporal.py:70: RuntimeWarning: All-NaN slice encountered
  "delta_min": np.nanmin(post, axis=0) - np.nanmin(baseline, axis=0),
/Users/luisdehlwes/Documents/osapiens/makeathon-challenge-2026/solution/src/features/temporal.py:71: RuntimeWarning: All-NaN slice encountered
  "delta_max": np.nanmax(post, axis=0) - np.nanmax(baseline, axis=0),
/Users/luisdehlwes/Documents/osapiens/makeathon-challenge-2026/solution/run_pipeline.py:214: RuntimeWarning: Mean of empty slice
  pooled = np.nanmean(aef_base_reproj[g*group_size:(g+1)*group_size], axis=0)
2026-04-17 23:59:02,564 INFO __main__:   33NTE_5_1: 77 features, shape (1006, 1007)
2026-04-17 23:59:08,017 INFO solution.src.inference.predict: Saved prediction: /Users/luisdehlwes/Documents/osapiens/makeathon-challenge-2026/solution/outputs/predictions/pred_33NTE_5_1.tif
2026-04-17 23:59:08,018 INFO __main__:   33NTE_5_1: 13525 deforestation pixels (1.34%)
2026-04-17 23:59:08,038 INFO __main__: [4/5] Predicting 47QMA_6_2
/Users/luisdehlwes/Documents/osapiens/makeathon-challenge-2026/solution/src/features/temporal.py:19: RuntimeWarning: Mean of empty slice
  "mean": np.nanmean(time_series, axis=0),
/Users/luisdehlwes/Documents/osapiens/makeathon-challenge-2026/.venv/lib/python3.11/site-packages/numpy/lib/nanfunctions.py:1879: RuntimeWarning: Degrees of freedom <= 0 for slice.
  var = nanvar(a, axis=axis, dtype=dtype, out=out, ddof=ddof,
/Users/luisdehlwes/Documents/osapiens/makeathon-challenge-2026/solution/src/features/temporal.py:21: RuntimeWarning: All-NaN slice encountered
  "min": np.nanmin(time_series, axis=0),
/Users/luisdehlwes/Documents/osapiens/makeathon-challenge-2026/solution/src/features/temporal.py:22: RuntimeWarning: All-NaN slice encountered
  "max": np.nanmax(time_series, axis=0),
/Users/luisdehlwes/Documents/osapiens/makeathon-challenge-2026/solution/src/features/temporal.py:23: RuntimeWarning: All-NaN slice encountered
  "median": np.nanmedian(time_series, axis=0),
/Users/luisdehlwes/Documents/osapiens/makeathon-challenge-2026/solution/src/features/temporal.py:24: RuntimeWarning: All-NaN slice encountered
  "range": np.nanmax(time_series, axis=0) - np.nanmin(time_series, axis=0),
/Users/luisdehlwes/Documents/osapiens/makeathon-challenge-2026/solution/src/features/temporal.py:43: RuntimeWarning: Mean of empty slice
  y_mean = np.nanmean(flat, axis=0)
/Users/luisdehlwes/Documents/osapiens/makeathon-challenge-2026/solution/src/features/temporal.py:44: RuntimeWarning: Mean of empty slice
  cov = np.nanmean((x[:, None] - x_mean) * (flat - y_mean[None, :]), axis=0)
/Users/luisdehlwes/Documents/osapiens/makeathon-challenge-2026/solution/src/features/temporal.py:64: RuntimeWarning: Mean of empty slice
  base_mean = np.nanmean(baseline, axis=0)
/Users/luisdehlwes/Documents/osapiens/makeathon-challenge-2026/solution/src/features/temporal.py:65: RuntimeWarning: Mean of empty slice
  post_mean = np.nanmean(post, axis=0)
/Users/luisdehlwes/Documents/osapiens/makeathon-challenge-2026/solution/src/features/temporal.py:70: RuntimeWarning: All-NaN slice encountered
  "delta_min": np.nanmin(post, axis=0) - np.nanmin(baseline, axis=0),
/Users/luisdehlwes/Documents/osapiens/makeathon-challenge-2026/solution/src/features/temporal.py:71: RuntimeWarning: All-NaN slice encountered
  "delta_max": np.nanmax(post, axis=0) - np.nanmax(baseline, axis=0),
/Users/luisdehlwes/Documents/osapiens/makeathon-challenge-2026/solution/run_pipeline.py:214: RuntimeWarning: Mean of empty slice
  pooled = np.nanmean(aef_base_reproj[g*group_size:(g+1)*group_size], axis=0)
2026-04-17 23:59:30,184 INFO __main__:   47QMA_6_2: 77 features, shape (1004, 1005)
2026-04-17 23:59:35,585 INFO solution.src.inference.predict: Saved prediction: /Users/luisdehlwes/Documents/osapiens/makeathon-challenge-2026/solution/outputs/predictions/pred_47QMA_6_2.tif
2026-04-17 23:59:35,585 INFO __main__:   47QMA_6_2: 0 deforestation pixels (0.00%)
2026-04-17 23:59:35,605 INFO __main__: [5/5] Predicting 48PWA_0_6
/Users/luisdehlwes/Documents/osapiens/makeathon-challenge-2026/solution/run_pipeline.py:214: RuntimeWarning: Mean of empty slice
  pooled = np.nanmean(aef_base_reproj[g*group_size:(g+1)*group_size], axis=0)
2026-04-18 00:00:02,298 INFO __main__:   48PWA_0_6: 77 features, shape (1002, 977)
2026-04-18 00:00:07,850 INFO solution.src.inference.predict: Saved prediction: /Users/luisdehlwes/Documents/osapiens/makeathon-challenge-2026/solution/outputs/predictions/pred_48PWA_0_6.tif
2026-04-18 00:00:07,850 INFO __main__:   48PWA_0_6: 12916 deforestation pixels (1.32%)
2026-04-18 00:00:07,870 INFO __main__: 
── Step 5: Generating Submission ──
2026-04-18 00:00:07,873 WARNING solution.src.inference.submit:   pred_18NVJ_1_6: skipped — No deforestation pixels (value=1) found in /Users/luisdehlwes/Documents/osapiens/makeathon-challenge-2026/solution/outputs/predictions/pred_18NVJ_1_6.tif. Ensure the raster has been binarised before calling this function.
2026-04-18 00:00:07,943 INFO solution.src.inference.submit:   pred_18NYH_2_1: 120 polygons
2026-04-18 00:00:07,989 INFO solution.src.inference.submit:   pred_33NTE_5_1: 62 polygons
2026-04-18 00:00:07,992 WARNING solution.src.inference.submit:   pred_47QMA_6_2: skipped — No deforestation pixels (value=1) found in /Users/luisdehlwes/Documents/osapiens/makeathon-challenge-2026/solution/outputs/predictions/pred_47QMA_6_2.tif. Ensure the raster has been binarised before calling this function.
2026-04-18 00:00:08,037 INFO solution.src.inference.submit:   pred_48PWA_0_6: 73 polygons
2026-04-18 00:00:08,053 INFO solution.src.inference.submit: Submission saved: /Users/luisdehlwes/Documents/osapiens/makeathon-challenge-2026/solution/outputs/submissions/submission.geojson (255 total polygons)
2026-04-18 00:00:08,054 INFO __main__: 
Submission file: /Users/luisdehlwes/Documents/osapiens/makeathon-challenge-2026/solution/outputs/submissions/submission.geojson
2026-04-18 00:00:08,054 INFO __main__: ============================================================
2026-04-18 00:00:08,054 INFO __main__:   Pipeline complete!
2026-04-18 00:00:08,054 INFO __main__: ============================================================
Training until validation scores don't improve for 50 rounds
[100]	train's binary_logloss: 0.0685254	val's binary_logloss: 0.0790137
[200]	train's binary_logloss: 0.0572225	val's binary_logloss: 0.0757399
[300]	train's binary_logloss: 0.0497571	val's binary_logloss: 0.0745945
[400]	train's binary_logloss: 0.0438502	val's binary_logloss: 0.0739511
[500]	train's binary_logloss: 0.038902	val's binary_logloss: 0.0733577
[600]	train's binary_logloss: 0.0346901	val's binary_logloss: 0.0730233
[700]	train's binary_logloss: 0.0309421	val's binary_logloss: 0.0727485
[800]	train's binary_logloss: 0.0274553	val's binary_logloss: 0.0726052
[900]	train's binary_logloss: 0.0245115	val's binary_logloss: 0.0726116
Early stopping, best iteration is:
[872]	train's binary_logloss: 0.0253223	val's binary_logloss: 0.0725728
