2026-04-18 00:12:52,596 INFO __main__: ============================================================
2026-04-18 00:12:52,596 INFO __main__:   Deforestation Detection Pipeline
2026-04-18 00:12:52,596 INFO __main__: ============================================================
2026-04-18 00:12:52,630 INFO __main__: Train tiles: 16 | Test tiles: 5
2026-04-18 00:12:52,630 INFO __main__: 
── Step 2: Feature Engineering & Label Fusion ──
2026-04-18 00:12:52,630 INFO __main__: [1/16] Processing 18NWG_6_6
/Users/luisdehlwes/Documents/osapiens/makeathon-challenge-2026/solution/run_pipeline.py:214: RuntimeWarning: Mean of empty slice
  pooled = np.nanmean(aef_base_reproj[g*group_size:(g+1)*group_size], axis=0)
/Users/luisdehlwes/Documents/osapiens/makeathon-challenge-2026/solution/run_pipeline.py:260: RuntimeWarning: All-NaN slice encountered
  feature_layers.append(np.nan_to_num(np.nanmax(yoy_stack, axis=0), nan=0.0))
/Users/luisdehlwes/Documents/osapiens/makeathon-challenge-2026/.venv/lib/python3.11/site-packages/numpy/lib/nanfunctions.py:1879: RuntimeWarning: Degrees of freedom <= 0 for slice.
  var = nanvar(a, axis=axis, dtype=dtype, out=out, ddof=ddof,
2026-04-18 00:13:19,625 INFO __main__:   18NWG_6_6: 79 features, shape (1002, 1002)
2026-04-18 00:13:19,752 INFO __main__:   18NWG_6_6: fused label — 269764/1004004 positive (26.87%)
2026-04-18 00:13:19,801 INFO __main__:   Sampled 100400 pixels (26951 positive)
2026-04-18 00:13:19,816 INFO __main__: [2/16] Processing 18NWH_1_4
/Users/luisdehlwes/Documents/osapiens/makeathon-challenge-2026/solution/src/features/temporal.py:19: RuntimeWarning: Mean of empty slice
  "mean": np.nanmean(time_series, axis=0),
/Users/luisdehlwes/Documents/osapiens/makeathon-challenge-2026/.venv/lib/python3.11/site-packages/numpy/lib/nanfunctions.py:1879: RuntimeWarning: Degrees of freedom <= 0 for slice.
  var = nanvar(a, axis=axis, dtype=dtype, out=out, ddof=ddof,
/Users/luisdehlwes/Documents/osapiens/makeathon-challenge-2026/solution/src/features/temporal.py:21: RuntimeWarning: All-NaN slice encountered
  "min": np.nanmin(time_series, axis=0),
/Users/luisdehlwes/Documents/osapiens/makeathon-challenge-2026/solution/src/features/temporal.py:22: RuntimeWarning: All-NaN slice encountered
  "max": np.nanmax(time_series, axis=0),
/Users/luisdehlwes/Documents/osapiens/makeathon-challenge-2026/solution/src/features/temporal.py:23: RuntimeWarning: All-NaN slice encountered
  "median": np.nanmedian(time_series, axis=0),
/Users/luisdehlwes/Documents/osapiens/makeathon-challenge-2026/solution/src/features/temporal.py:24: RuntimeWarning: All-NaN slice encountered
  "range": np.nanmax(time_series, axis=0) - np.nanmin(time_series, axis=0),
/Users/luisdehlwes/Documents/osapiens/makeathon-challenge-2026/solution/src/features/temporal.py:43: RuntimeWarning: Mean of empty slice
  y_mean = np.nanmean(flat, axis=0)
/Users/luisdehlwes/Documents/osapiens/makeathon-challenge-2026/solution/src/features/temporal.py:44: RuntimeWarning: Mean of empty slice
  cov = np.nanmean((x[:, None] - x_mean) * (flat - y_mean[None, :]), axis=0)
/Users/luisdehlwes/Documents/osapiens/makeathon-challenge-2026/solution/src/features/temporal.py:64: RuntimeWarning: Mean of empty slice
  base_mean = np.nanmean(baseline, axis=0)
/Users/luisdehlwes/Documents/osapiens/makeathon-challenge-2026/solution/src/features/temporal.py:65: RuntimeWarning: Mean of empty slice
  post_mean = np.nanmean(post, axis=0)
/Users/luisdehlwes/Documents/osapiens/makeathon-challenge-2026/solution/src/features/temporal.py:70: RuntimeWarning: All-NaN slice encountered
  "delta_min": np.nanmin(post, axis=0) - np.nanmin(baseline, axis=0),
/Users/luisdehlwes/Documents/osapiens/makeathon-challenge-2026/solution/src/features/temporal.py:71: RuntimeWarning: All-NaN slice encountered
  "delta_max": np.nanmax(post, axis=0) - np.nanmax(baseline, axis=0),
/Users/luisdehlwes/Documents/osapiens/makeathon-challenge-2026/solution/run_pipeline.py:214: RuntimeWarning: Mean of empty slice
  pooled = np.nanmean(aef_base_reproj[g*group_size:(g+1)*group_size], axis=0)
/Users/luisdehlwes/Documents/osapiens/makeathon-challenge-2026/solution/run_pipeline.py:260: RuntimeWarning: All-NaN slice encountered
  feature_layers.append(np.nan_to_num(np.nanmax(yoy_stack, axis=0), nan=0.0))
/Users/luisdehlwes/Documents/osapiens/makeathon-challenge-2026/.venv/lib/python3.11/site-packages/numpy/lib/nanfunctions.py:1879: RuntimeWarning: Degrees of freedom <= 0 for slice.
  var = nanvar(a, axis=axis, dtype=dtype, out=out, ddof=ddof,
2026-04-18 00:13:46,382 INFO __main__:   18NWH_1_4: 79 features, shape (1002, 1002)
2026-04-18 00:13:46,537 INFO __main__:   18NWH_1_4: fused label — 13673/1004004 positive (1.36%)
2026-04-18 00:13:46,592 INFO __main__:   Sampled 100400 pixels (1357 positive)
2026-04-18 00:13:46,609 INFO __main__: [3/16] Processing 18NWJ_8_9
/Users/luisdehlwes/Documents/osapiens/makeathon-challenge-2026/solution/run_pipeline.py:214: RuntimeWarning: Mean of empty slice
  pooled = np.nanmean(aef_base_reproj[g*group_size:(g+1)*group_size], axis=0)
/Users/luisdehlwes/Documents/osapiens/makeathon-challenge-2026/solution/run_pipeline.py:260: RuntimeWarning: All-NaN slice encountered
  feature_layers.append(np.nan_to_num(np.nanmax(yoy_stack, axis=0), nan=0.0))
/Users/luisdehlwes/Documents/osapiens/makeathon-challenge-2026/.venv/lib/python3.11/site-packages/numpy/lib/nanfunctions.py:1879: RuntimeWarning: Degrees of freedom <= 0 for slice.
  var = nanvar(a, axis=axis, dtype=dtype, out=out, ddof=ddof,
2026-04-18 00:14:13,347 INFO __main__:   18NWJ_8_9: 79 features, shape (1002, 1002)
2026-04-18 00:14:13,493 INFO __main__:   18NWJ_8_9: fused label — 37560/1004004 positive (3.74%)
2026-04-18 00:14:13,526 INFO __main__:   Sampled 100400 pixels (3754 positive)
2026-04-18 00:14:13,541 INFO __main__: [4/16] Processing 18NWM_9_4
/Users/luisdehlwes/Documents/osapiens/makeathon-challenge-2026/solution/src/features/temporal.py:19: RuntimeWarning: Mean of empty slice
  "mean": np.nanmean(time_series, axis=0),
/Users/luisdehlwes/Documents/osapiens/makeathon-challenge-2026/.venv/lib/python3.11/site-packages/numpy/lib/nanfunctions.py:1879: RuntimeWarning: Degrees of freedom <= 0 for slice.
  var = nanvar(a, axis=axis, dtype=dtype, out=out, ddof=ddof,
/Users/luisdehlwes/Documents/osapiens/makeathon-challenge-2026/solution/src/features/temporal.py:21: RuntimeWarning: All-NaN slice encountered
  "min": np.nanmin(time_series, axis=0),
/Users/luisdehlwes/Documents/osapiens/makeathon-challenge-2026/solution/src/features/temporal.py:22: RuntimeWarning: All-NaN slice encountered
  "max": np.nanmax(time_series, axis=0),
/Users/luisdehlwes/Documents/osapiens/makeathon-challenge-2026/solution/src/features/temporal.py:23: RuntimeWarning: All-NaN slice encountered
  "median": np.nanmedian(time_series, axis=0),
/Users/luisdehlwes/Documents/osapiens/makeathon-challenge-2026/solution/src/features/temporal.py:24: RuntimeWarning: All-NaN slice encountered
  "range": np.nanmax(time_series, axis=0) - np.nanmin(time_series, axis=0),
/Users/luisdehlwes/Documents/osapiens/makeathon-challenge-2026/solution/src/features/temporal.py:43: RuntimeWarning: Mean of empty slice
  y_mean = np.nanmean(flat, axis=0)
/Users/luisdehlwes/Documents/osapiens/makeathon-challenge-2026/solution/src/features/temporal.py:44: RuntimeWarning: Mean of empty slice
  cov = np.nanmean((x[:, None] - x_mean) * (flat - y_mean[None, :]), axis=0)
/Users/luisdehlwes/Documents/osapiens/makeathon-challenge-2026/solution/src/features/temporal.py:64: RuntimeWarning: Mean of empty slice
  base_mean = np.nanmean(baseline, axis=0)
/Users/luisdehlwes/Documents/osapiens/makeathon-challenge-2026/solution/src/features/temporal.py:65: RuntimeWarning: Mean of empty slice
  post_mean = np.nanmean(post, axis=0)
/Users/luisdehlwes/Documents/osapiens/makeathon-challenge-2026/solution/src/features/temporal.py:70: RuntimeWarning: All-NaN slice encountered
  "delta_min": np.nanmin(post, axis=0) - np.nanmin(baseline, axis=0),
/Users/luisdehlwes/Documents/osapiens/makeathon-challenge-2026/solution/src/features/temporal.py:71: RuntimeWarning: All-NaN slice encountered
  "delta_max": np.nanmax(post, axis=0) - np.nanmax(baseline, axis=0),
/Users/luisdehlwes/Documents/osapiens/makeathon-challenge-2026/solution/run_pipeline.py:214: RuntimeWarning: Mean of empty slice
  pooled = np.nanmean(aef_base_reproj[g*group_size:(g+1)*group_size], axis=0)
/Users/luisdehlwes/Documents/osapiens/makeathon-challenge-2026/solution/run_pipeline.py:260: RuntimeWarning: All-NaN slice encountered
  feature_layers.append(np.nan_to_num(np.nanmax(yoy_stack, axis=0), nan=0.0))
/Users/luisdehlwes/Documents/osapiens/makeathon-challenge-2026/.venv/lib/python3.11/site-packages/numpy/lib/nanfunctions.py:1879: RuntimeWarning: Degrees of freedom <= 0 for slice.
  var = nanvar(a, axis=axis, dtype=dtype, out=out, ddof=ddof,
2026-04-18 00:14:15,846 INFO __main__:   18NWM_9_4: 79 features, shape (1004, 2)
2026-04-18 00:14:15,863 INFO __main__:   18NWM_9_4: fused label — 0/2008 positive (0.00%)
2026-04-18 00:14:15,863 INFO __main__:   Sampled 200 pixels (0 positive)
2026-04-18 00:14:15,878 INFO __main__: [5/16] Processing 18NXH_6_8
/Users/luisdehlwes/Documents/osapiens/makeathon-challenge-2026/solution/run_pipeline.py:214: RuntimeWarning: Mean of empty slice
  pooled = np.nanmean(aef_base_reproj[g*group_size:(g+1)*group_size], axis=0)
/Users/luisdehlwes/Documents/osapiens/makeathon-challenge-2026/solution/run_pipeline.py:260: RuntimeWarning: All-NaN slice encountered
  feature_layers.append(np.nan_to_num(np.nanmax(yoy_stack, axis=0), nan=0.0))
/Users/luisdehlwes/Documents/osapiens/makeathon-challenge-2026/.venv/lib/python3.11/site-packages/numpy/lib/nanfunctions.py:1879: RuntimeWarning: Degrees of freedom <= 0 for slice.
  var = nanvar(a, axis=axis, dtype=dtype, out=out, ddof=ddof,
2026-04-18 00:14:42,010 INFO __main__:   18NXH_6_8: 79 features, shape (1002, 1002)
2026-04-18 00:14:42,130 INFO __main__:   18NXH_6_8: fused label — 228456/1004004 positive (22.75%)
2026-04-18 00:14:42,162 INFO __main__:   Sampled 100400 pixels (22937 positive)
2026-04-18 00:14:42,176 INFO __main__: [6/16] Processing 18NXJ_7_6
/Users/luisdehlwes/Documents/osapiens/makeathon-challenge-2026/solution/src/features/temporal.py:19: RuntimeWarning: Mean of empty slice
  "mean": np.nanmean(time_series, axis=0),
/Users/luisdehlwes/Documents/osapiens/makeathon-challenge-2026/.venv/lib/python3.11/site-packages/numpy/lib/nanfunctions.py:1879: RuntimeWarning: Degrees of freedom <= 0 for slice.
  var = nanvar(a, axis=axis, dtype=dtype, out=out, ddof=ddof,
/Users/luisdehlwes/Documents/osapiens/makeathon-challenge-2026/solution/src/features/temporal.py:21: RuntimeWarning: All-NaN slice encountered
  "min": np.nanmin(time_series, axis=0),
/Users/luisdehlwes/Documents/osapiens/makeathon-challenge-2026/solution/src/features/temporal.py:22: RuntimeWarning: All-NaN slice encountered
  "max": np.nanmax(time_series, axis=0),
/Users/luisdehlwes/Documents/osapiens/makeathon-challenge-2026/solution/src/features/temporal.py:23: RuntimeWarning: All-NaN slice encountered
  "median": np.nanmedian(time_series, axis=0),
/Users/luisdehlwes/Documents/osapiens/makeathon-challenge-2026/solution/src/features/temporal.py:24: RuntimeWarning: All-NaN slice encountered
  "range": np.nanmax(time_series, axis=0) - np.nanmin(time_series, axis=0),
/Users/luisdehlwes/Documents/osapiens/makeathon-challenge-2026/solution/src/features/temporal.py:43: RuntimeWarning: Mean of empty slice
  y_mean = np.nanmean(flat, axis=0)
/Users/luisdehlwes/Documents/osapiens/makeathon-challenge-2026/solution/src/features/temporal.py:44: RuntimeWarning: Mean of empty slice
  cov = np.nanmean((x[:, None] - x_mean) * (flat - y_mean[None, :]), axis=0)
/Users/luisdehlwes/Documents/osapiens/makeathon-challenge-2026/solution/src/features/temporal.py:64: RuntimeWarning: Mean of empty slice
  base_mean = np.nanmean(baseline, axis=0)
/Users/luisdehlwes/Documents/osapiens/makeathon-challenge-2026/solution/src/features/temporal.py:65: RuntimeWarning: Mean of empty slice
  post_mean = np.nanmean(post, axis=0)
/Users/luisdehlwes/Documents/osapiens/makeathon-challenge-2026/solution/src/features/temporal.py:70: RuntimeWarning: All-NaN slice encountered
  "delta_min": np.nanmin(post, axis=0) - np.nanmin(baseline, axis=0),
/Users/luisdehlwes/Documents/osapiens/makeathon-challenge-2026/solution/src/features/temporal.py:71: RuntimeWarning: All-NaN slice encountered
  "delta_max": np.nanmax(post, axis=0) - np.nanmax(baseline, axis=0),
/Users/luisdehlwes/Documents/osapiens/makeathon-challenge-2026/solution/run_pipeline.py:214: RuntimeWarning: Mean of empty slice
  pooled = np.nanmean(aef_base_reproj[g*group_size:(g+1)*group_size], axis=0)
/Users/luisdehlwes/Documents/osapiens/makeathon-challenge-2026/solution/run_pipeline.py:260: RuntimeWarning: All-NaN slice encountered
  feature_layers.append(np.nan_to_num(np.nanmax(yoy_stack, axis=0), nan=0.0))
/Users/luisdehlwes/Documents/osapiens/makeathon-challenge-2026/.venv/lib/python3.11/site-packages/numpy/lib/nanfunctions.py:1879: RuntimeWarning: Degrees of freedom <= 0 for slice.
  var = nanvar(a, axis=axis, dtype=dtype, out=out, ddof=ddof,
2026-04-18 00:15:08,002 INFO __main__:   18NXJ_7_6: 79 features, shape (1004, 1004)
2026-04-18 00:15:08,183 INFO __main__:   18NXJ_7_6: fused label — 10984/1008016 positive (1.09%)
2026-04-18 00:15:08,235 INFO __main__:   Sampled 100801 pixels (1010 positive)
2026-04-18 00:15:08,284 INFO __main__: [7/16] Processing 18NYH_9_9
/Users/luisdehlwes/Documents/osapiens/makeathon-challenge-2026/solution/src/features/temporal.py:64: RuntimeWarning: Mean of empty slice
  base_mean = np.nanmean(baseline, axis=0)
/Users/luisdehlwes/Documents/osapiens/makeathon-challenge-2026/solution/src/features/temporal.py:70: RuntimeWarning: All-NaN slice encountered
  "delta_min": np.nanmin(post, axis=0) - np.nanmin(baseline, axis=0),
/Users/luisdehlwes/Documents/osapiens/makeathon-challenge-2026/solution/src/features/temporal.py:71: RuntimeWarning: All-NaN slice encountered
  "delta_max": np.nanmax(post, axis=0) - np.nanmax(baseline, axis=0),
/Users/luisdehlwes/Documents/osapiens/makeathon-challenge-2026/solution/run_pipeline.py:214: RuntimeWarning: Mean of empty slice
  pooled = np.nanmean(aef_base_reproj[g*group_size:(g+1)*group_size], axis=0)
/Users/luisdehlwes/Documents/osapiens/makeathon-challenge-2026/solution/run_pipeline.py:260: RuntimeWarning: All-NaN slice encountered
  feature_layers.append(np.nan_to_num(np.nanmax(yoy_stack, axis=0), nan=0.0))
/Users/luisdehlwes/Documents/osapiens/makeathon-challenge-2026/.venv/lib/python3.11/site-packages/numpy/lib/nanfunctions.py:1879: RuntimeWarning: Degrees of freedom <= 0 for slice.
  var = nanvar(a, axis=axis, dtype=dtype, out=out, ddof=ddof,
2026-04-18 00:15:10,558 INFO __main__:   18NYH_9_9: 79 features, shape (6, 4)
2026-04-18 00:15:10,575 INFO __main__:   18NYH_9_9: fused label — 0/24 positive (0.00%)
2026-04-18 00:15:10,575 INFO __main__:   Sampled 2 pixels (0 positive)
2026-04-18 00:15:10,590 INFO __main__: [8/16] Processing 19NBD_4_4
/Users/luisdehlwes/Documents/osapiens/makeathon-challenge-2026/solution/src/features/temporal.py:19: RuntimeWarning: Mean of empty slice
  "mean": np.nanmean(time_series, axis=0),
/Users/luisdehlwes/Documents/osapiens/makeathon-challenge-2026/.venv/lib/python3.11/site-packages/numpy/lib/nanfunctions.py:1879: RuntimeWarning: Degrees of freedom <= 0 for slice.
  var = nanvar(a, axis=axis, dtype=dtype, out=out, ddof=ddof,
/Users/luisdehlwes/Documents/osapiens/makeathon-challenge-2026/solution/src/features/temporal.py:21: RuntimeWarning: All-NaN slice encountered
  "min": np.nanmin(time_series, axis=0),
/Users/luisdehlwes/Documents/osapiens/makeathon-challenge-2026/solution/src/features/temporal.py:22: RuntimeWarning: All-NaN slice encountered
  "max": np.nanmax(time_series, axis=0),
/Users/luisdehlwes/Documents/osapiens/makeathon-challenge-2026/solution/src/features/temporal.py:23: RuntimeWarning: All-NaN slice encountered
  "median": np.nanmedian(time_series, axis=0),
/Users/luisdehlwes/Documents/osapiens/makeathon-challenge-2026/solution/src/features/temporal.py:24: RuntimeWarning: All-NaN slice encountered
  "range": np.nanmax(time_series, axis=0) - np.nanmin(time_series, axis=0),
/Users/luisdehlwes/Documents/osapiens/makeathon-challenge-2026/solution/src/features/temporal.py:43: RuntimeWarning: Mean of empty slice
  y_mean = np.nanmean(flat, axis=0)
/Users/luisdehlwes/Documents/osapiens/makeathon-challenge-2026/solution/src/features/temporal.py:44: RuntimeWarning: Mean of empty slice
  cov = np.nanmean((x[:, None] - x_mean) * (flat - y_mean[None, :]), axis=0)
/Users/luisdehlwes/Documents/osapiens/makeathon-challenge-2026/solution/src/features/temporal.py:64: RuntimeWarning: Mean of empty slice
  base_mean = np.nanmean(baseline, axis=0)
/Users/luisdehlwes/Documents/osapiens/makeathon-challenge-2026/solution/src/features/temporal.py:65: RuntimeWarning: Mean of empty slice
  post_mean = np.nanmean(post, axis=0)
/Users/luisdehlwes/Documents/osapiens/makeathon-challenge-2026/solution/src/features/temporal.py:70: RuntimeWarning: All-NaN slice encountered
  "delta_min": np.nanmin(post, axis=0) - np.nanmin(baseline, axis=0),
/Users/luisdehlwes/Documents/osapiens/makeathon-challenge-2026/solution/src/features/temporal.py:71: RuntimeWarning: All-NaN slice encountered
  "delta_max": np.nanmax(post, axis=0) - np.nanmax(baseline, axis=0),
/Users/luisdehlwes/Documents/osapiens/makeathon-challenge-2026/solution/run_pipeline.py:214: RuntimeWarning: Mean of empty slice
  pooled = np.nanmean(aef_base_reproj[g*group_size:(g+1)*group_size], axis=0)
/Users/luisdehlwes/Documents/osapiens/makeathon-challenge-2026/solution/run_pipeline.py:260: RuntimeWarning: All-NaN slice encountered
  feature_layers.append(np.nan_to_num(np.nanmax(yoy_stack, axis=0), nan=0.0))
/Users/luisdehlwes/Documents/osapiens/makeathon-challenge-2026/.venv/lib/python3.11/site-packages/numpy/lib/nanfunctions.py:1879: RuntimeWarning: Degrees of freedom <= 0 for slice.
  var = nanvar(a, axis=axis, dtype=dtype, out=out, ddof=ddof,
2026-04-18 00:15:32,534 INFO __main__:   19NBD_4_4: 79 features, shape (1006, 1006)
2026-04-18 00:15:32,669 INFO __main__:   19NBD_4_4: fused label — 52776/1012036 positive (5.21%)
2026-04-18 00:15:32,710 INFO __main__:   Sampled 101203 pixels (5153 positive)
2026-04-18 00:15:32,725 INFO __main__: [9/16] Processing 47QMB_0_8
/Users/luisdehlwes/Documents/osapiens/makeathon-challenge-2026/solution/src/features/temporal.py:19: RuntimeWarning: Mean of empty slice
  "mean": np.nanmean(time_series, axis=0),
/Users/luisdehlwes/Documents/osapiens/makeathon-challenge-2026/.venv/lib/python3.11/site-packages/numpy/lib/nanfunctions.py:1879: RuntimeWarning: Degrees of freedom <= 0 for slice.
  var = nanvar(a, axis=axis, dtype=dtype, out=out, ddof=ddof,
/Users/luisdehlwes/Documents/osapiens/makeathon-challenge-2026/solution/src/features/temporal.py:21: RuntimeWarning: All-NaN slice encountered
  "min": np.nanmin(time_series, axis=0),
/Users/luisdehlwes/Documents/osapiens/makeathon-challenge-2026/solution/src/features/temporal.py:22: RuntimeWarning: All-NaN slice encountered
  "max": np.nanmax(time_series, axis=0),
/Users/luisdehlwes/Documents/osapiens/makeathon-challenge-2026/solution/src/features/temporal.py:23: RuntimeWarning: All-NaN slice encountered
  "median": np.nanmedian(time_series, axis=0),
/Users/luisdehlwes/Documents/osapiens/makeathon-challenge-2026/solution/src/features/temporal.py:24: RuntimeWarning: All-NaN slice encountered
  "range": np.nanmax(time_series, axis=0) - np.nanmin(time_series, axis=0),
/Users/luisdehlwes/Documents/osapiens/makeathon-challenge-2026/solution/src/features/temporal.py:43: RuntimeWarning: Mean of empty slice
  y_mean = np.nanmean(flat, axis=0)
/Users/luisdehlwes/Documents/osapiens/makeathon-challenge-2026/solution/src/features/temporal.py:44: RuntimeWarning: Mean of empty slice
  cov = np.nanmean((x[:, None] - x_mean) * (flat - y_mean[None, :]), axis=0)
/Users/luisdehlwes/Documents/osapiens/makeathon-challenge-2026/solution/src/features/temporal.py:64: RuntimeWarning: Mean of empty slice
  base_mean = np.nanmean(baseline, axis=0)
/Users/luisdehlwes/Documents/osapiens/makeathon-challenge-2026/solution/src/features/temporal.py:65: RuntimeWarning: Mean of empty slice
  post_mean = np.nanmean(post, axis=0)
/Users/luisdehlwes/Documents/osapiens/makeathon-challenge-2026/solution/src/features/temporal.py:70: RuntimeWarning: All-NaN slice encountered
  "delta_min": np.nanmin(post, axis=0) - np.nanmin(baseline, axis=0),
/Users/luisdehlwes/Documents/osapiens/makeathon-challenge-2026/solution/src/features/temporal.py:71: RuntimeWarning: All-NaN slice encountered
  "delta_max": np.nanmax(post, axis=0) - np.nanmax(baseline, axis=0),
/Users/luisdehlwes/Documents/osapiens/makeathon-challenge-2026/solution/run_pipeline.py:214: RuntimeWarning: Mean of empty slice
  pooled = np.nanmean(aef_base_reproj[g*group_size:(g+1)*group_size], axis=0)
/Users/luisdehlwes/Documents/osapiens/makeathon-challenge-2026/solution/run_pipeline.py:260: RuntimeWarning: All-NaN slice encountered
  feature_layers.append(np.nan_to_num(np.nanmax(yoy_stack, axis=0), nan=0.0))
/Users/luisdehlwes/Documents/osapiens/makeathon-challenge-2026/.venv/lib/python3.11/site-packages/numpy/lib/nanfunctions.py:1879: RuntimeWarning: Degrees of freedom <= 0 for slice.
  var = nanvar(a, axis=axis, dtype=dtype, out=out, ddof=ddof,
2026-04-18 00:16:03,936 INFO __main__:   47QMB_0_8: 79 features, shape (1012, 986)
2026-04-18 00:16:04,064 INFO rasterio._env: GDAL signalled an error: err_no=4, msg='/Users/luisdehlwes/Documents/osapiens/makeathon-challenge-2026/data/makeathon-challenge/labels/train/glads2/glads2_47QMB_0_8_alert.tif: No such file or directory'
2026-04-18 00:16:04,100 INFO __main__:   47QMB_0_8: fused label — 514/997832 positive (0.05%)
2026-04-18 00:16:04,133 INFO __main__:   Sampled 99783 pixels (61 positive)
2026-04-18 00:16:04,147 INFO __main__: [10/16] Processing 47QQV_2_4
/Users/luisdehlwes/Documents/osapiens/makeathon-challenge-2026/solution/src/features/temporal.py:19: RuntimeWarning: Mean of empty slice
  "mean": np.nanmean(time_series, axis=0),
/Users/luisdehlwes/Documents/osapiens/makeathon-challenge-2026/.venv/lib/python3.11/site-packages/numpy/lib/nanfunctions.py:1879: RuntimeWarning: Degrees of freedom <= 0 for slice.
  var = nanvar(a, axis=axis, dtype=dtype, out=out, ddof=ddof,
/Users/luisdehlwes/Documents/osapiens/makeathon-challenge-2026/solution/src/features/temporal.py:21: RuntimeWarning: All-NaN slice encountered
  "min": np.nanmin(time_series, axis=0),
/Users/luisdehlwes/Documents/osapiens/makeathon-challenge-2026/solution/src/features/temporal.py:22: RuntimeWarning: All-NaN slice encountered
  "max": np.nanmax(time_series, axis=0),
/Users/luisdehlwes/Documents/osapiens/makeathon-challenge-2026/solution/src/features/temporal.py:23: RuntimeWarning: All-NaN slice encountered
  "median": np.nanmedian(time_series, axis=0),
/Users/luisdehlwes/Documents/osapiens/makeathon-challenge-2026/solution/src/features/temporal.py:24: RuntimeWarning: All-NaN slice encountered
  "range": np.nanmax(time_series, axis=0) - np.nanmin(time_series, axis=0),
/Users/luisdehlwes/Documents/osapiens/makeathon-challenge-2026/solution/src/features/temporal.py:43: RuntimeWarning: Mean of empty slice
  y_mean = np.nanmean(flat, axis=0)
/Users/luisdehlwes/Documents/osapiens/makeathon-challenge-2026/solution/src/features/temporal.py:44: RuntimeWarning: Mean of empty slice
  cov = np.nanmean((x[:, None] - x_mean) * (flat - y_mean[None, :]), axis=0)
/Users/luisdehlwes/Documents/osapiens/makeathon-challenge-2026/solution/src/features/temporal.py:64: RuntimeWarning: Mean of empty slice
  base_mean = np.nanmean(baseline, axis=0)
/Users/luisdehlwes/Documents/osapiens/makeathon-challenge-2026/solution/src/features/temporal.py:65: RuntimeWarning: Mean of empty slice
  post_mean = np.nanmean(post, axis=0)
/Users/luisdehlwes/Documents/osapiens/makeathon-challenge-2026/solution/src/features/temporal.py:70: RuntimeWarning: All-NaN slice encountered
  "delta_min": np.nanmin(post, axis=0) - np.nanmin(baseline, axis=0),
/Users/luisdehlwes/Documents/osapiens/makeathon-challenge-2026/solution/src/features/temporal.py:71: RuntimeWarning: All-NaN slice encountered
  "delta_max": np.nanmax(post, axis=0) - np.nanmax(baseline, axis=0),
/Users/luisdehlwes/Documents/osapiens/makeathon-challenge-2026/solution/run_pipeline.py:214: RuntimeWarning: Mean of empty slice
  pooled = np.nanmean(aef_base_reproj[g*group_size:(g+1)*group_size], axis=0)
/Users/luisdehlwes/Documents/osapiens/makeathon-challenge-2026/solution/run_pipeline.py:260: RuntimeWarning: All-NaN slice encountered
  feature_layers.append(np.nan_to_num(np.nanmax(yoy_stack, axis=0), nan=0.0))
/Users/luisdehlwes/Documents/osapiens/makeathon-challenge-2026/.venv/lib/python3.11/site-packages/numpy/lib/nanfunctions.py:1879: RuntimeWarning: Degrees of freedom <= 0 for slice.
  var = nanvar(a, axis=axis, dtype=dtype, out=out, ddof=ddof,
2026-04-18 00:16:37,815 INFO __main__:   47QQV_2_4: 79 features, shape (1024, 1023)
2026-04-18 00:16:37,999 INFO rasterio._env: GDAL signalled an error: err_no=4, msg='/Users/luisdehlwes/Documents/osapiens/makeathon-challenge-2026/data/makeathon-challenge/labels/train/glads2/glads2_47QQV_2_4_alert.tif: No such file or directory'
2026-04-18 00:16:38,038 INFO __main__:   47QQV_2_4: fused label — 327/1047552 positive (0.03%)
2026-04-18 00:16:38,073 INFO __main__:   Sampled 104755 pixels (38 positive)
2026-04-18 00:16:38,087 INFO __main__: [11/16] Processing 48PUT_0_8
/Users/luisdehlwes/Documents/osapiens/makeathon-challenge-2026/solution/src/features/temporal.py:19: RuntimeWarning: Mean of empty slice
  "mean": np.nanmean(time_series, axis=0),
/Users/luisdehlwes/Documents/osapiens/makeathon-challenge-2026/.venv/lib/python3.11/site-packages/numpy/lib/nanfunctions.py:1879: RuntimeWarning: Degrees of freedom <= 0 for slice.
  var = nanvar(a, axis=axis, dtype=dtype, out=out, ddof=ddof,
/Users/luisdehlwes/Documents/osapiens/makeathon-challenge-2026/solution/src/features/temporal.py:21: RuntimeWarning: All-NaN slice encountered
  "min": np.nanmin(time_series, axis=0),
/Users/luisdehlwes/Documents/osapiens/makeathon-challenge-2026/solution/src/features/temporal.py:22: RuntimeWarning: All-NaN slice encountered
  "max": np.nanmax(time_series, axis=0),
/Users/luisdehlwes/Documents/osapiens/makeathon-challenge-2026/solution/src/features/temporal.py:23: RuntimeWarning: All-NaN slice encountered
  "median": np.nanmedian(time_series, axis=0),
/Users/luisdehlwes/Documents/osapiens/makeathon-challenge-2026/solution/src/features/temporal.py:24: RuntimeWarning: All-NaN slice encountered
  "range": np.nanmax(time_series, axis=0) - np.nanmin(time_series, axis=0),
/Users/luisdehlwes/Documents/osapiens/makeathon-challenge-2026/solution/src/features/temporal.py:43: RuntimeWarning: Mean of empty slice
  y_mean = np.nanmean(flat, axis=0)
/Users/luisdehlwes/Documents/osapiens/makeathon-challenge-2026/solution/src/features/temporal.py:44: RuntimeWarning: Mean of empty slice
  cov = np.nanmean((x[:, None] - x_mean) * (flat - y_mean[None, :]), axis=0)
/Users/luisdehlwes/Documents/osapiens/makeathon-challenge-2026/solution/src/features/temporal.py:64: RuntimeWarning: Mean of empty slice
  base_mean = np.nanmean(baseline, axis=0)
/Users/luisdehlwes/Documents/osapiens/makeathon-challenge-2026/solution/src/features/temporal.py:65: RuntimeWarning: Mean of empty slice
  post_mean = np.nanmean(post, axis=0)
/Users/luisdehlwes/Documents/osapiens/makeathon-challenge-2026/solution/src/features/temporal.py:70: RuntimeWarning: All-NaN slice encountered
  "delta_min": np.nanmin(post, axis=0) - np.nanmin(baseline, axis=0),
/Users/luisdehlwes/Documents/osapiens/makeathon-challenge-2026/solution/src/features/temporal.py:71: RuntimeWarning: All-NaN slice encountered
  "delta_max": np.nanmax(post, axis=0) - np.nanmax(baseline, axis=0),
/Users/luisdehlwes/Documents/osapiens/makeathon-challenge-2026/solution/run_pipeline.py:214: RuntimeWarning: Mean of empty slice
  pooled = np.nanmean(aef_base_reproj[g*group_size:(g+1)*group_size], axis=0)
/Users/luisdehlwes/Documents/osapiens/makeathon-challenge-2026/solution/run_pipeline.py:260: RuntimeWarning: All-NaN slice encountered
  feature_layers.append(np.nan_to_num(np.nanmax(yoy_stack, axis=0), nan=0.0))
/Users/luisdehlwes/Documents/osapiens/makeathon-challenge-2026/.venv/lib/python3.11/site-packages/numpy/lib/nanfunctions.py:1879: RuntimeWarning: Degrees of freedom <= 0 for slice.
  var = nanvar(a, axis=axis, dtype=dtype, out=out, ddof=ddof,
2026-04-18 00:17:08,973 INFO __main__:   48PUT_0_8: 79 features, shape (1012, 1006)
2026-04-18 00:17:09,062 INFO rasterio._env: GDAL signalled an error: err_no=4, msg='/Users/luisdehlwes/Documents/osapiens/makeathon-challenge-2026/data/makeathon-challenge/labels/train/glads2/glads2_48PUT_0_8_alert.tif: No such file or directory'
2026-04-18 00:17:09,098 INFO __main__:   48PUT_0_8: fused label — 22152/1018072 positive (2.18%)
2026-04-18 00:17:09,131 INFO __main__:   Sampled 101807 pixels (2264 positive)
2026-04-18 00:17:09,145 INFO __main__: [12/16] Processing 48PWV_7_8
/Users/luisdehlwes/Documents/osapiens/makeathon-challenge-2026/solution/src/features/temporal.py:19: RuntimeWarning: Mean of empty slice
  "mean": np.nanmean(time_series, axis=0),
/Users/luisdehlwes/Documents/osapiens/makeathon-challenge-2026/.venv/lib/python3.11/site-packages/numpy/lib/nanfunctions.py:1879: RuntimeWarning: Degrees of freedom <= 0 for slice.
  var = nanvar(a, axis=axis, dtype=dtype, out=out, ddof=ddof,
/Users/luisdehlwes/Documents/osapiens/makeathon-challenge-2026/solution/src/features/temporal.py:21: RuntimeWarning: All-NaN slice encountered
  "min": np.nanmin(time_series, axis=0),
/Users/luisdehlwes/Documents/osapiens/makeathon-challenge-2026/solution/src/features/temporal.py:22: RuntimeWarning: All-NaN slice encountered
  "max": np.nanmax(time_series, axis=0),
/Users/luisdehlwes/Documents/osapiens/makeathon-challenge-2026/solution/src/features/temporal.py:23: RuntimeWarning: All-NaN slice encountered
  "median": np.nanmedian(time_series, axis=0),
/Users/luisdehlwes/Documents/osapiens/makeathon-challenge-2026/solution/src/features/temporal.py:24: RuntimeWarning: All-NaN slice encountered
  "range": np.nanmax(time_series, axis=0) - np.nanmin(time_series, axis=0),
/Users/luisdehlwes/Documents/osapiens/makeathon-challenge-2026/solution/src/features/temporal.py:43: RuntimeWarning: Mean of empty slice
  y_mean = np.nanmean(flat, axis=0)
/Users/luisdehlwes/Documents/osapiens/makeathon-challenge-2026/solution/src/features/temporal.py:44: RuntimeWarning: Mean of empty slice
  cov = np.nanmean((x[:, None] - x_mean) * (flat - y_mean[None, :]), axis=0)
/Users/luisdehlwes/Documents/osapiens/makeathon-challenge-2026/solution/src/features/temporal.py:64: RuntimeWarning: Mean of empty slice
  base_mean = np.nanmean(baseline, axis=0)
/Users/luisdehlwes/Documents/osapiens/makeathon-challenge-2026/solution/src/features/temporal.py:65: RuntimeWarning: Mean of empty slice
  post_mean = np.nanmean(post, axis=0)
/Users/luisdehlwes/Documents/osapiens/makeathon-challenge-2026/solution/src/features/temporal.py:70: RuntimeWarning: All-NaN slice encountered
  "delta_min": np.nanmin(post, axis=0) - np.nanmin(baseline, axis=0),
/Users/luisdehlwes/Documents/osapiens/makeathon-challenge-2026/solution/src/features/temporal.py:71: RuntimeWarning: All-NaN slice encountered
  "delta_max": np.nanmax(post, axis=0) - np.nanmax(baseline, axis=0),
/Users/luisdehlwes/Documents/osapiens/makeathon-challenge-2026/solution/run_pipeline.py:214: RuntimeWarning: Mean of empty slice
  pooled = np.nanmean(aef_base_reproj[g*group_size:(g+1)*group_size], axis=0)
/Users/luisdehlwes/Documents/osapiens/makeathon-challenge-2026/solution/run_pipeline.py:260: RuntimeWarning: All-NaN slice encountered
  feature_layers.append(np.nan_to_num(np.nanmax(yoy_stack, axis=0), nan=0.0))
/Users/luisdehlwes/Documents/osapiens/makeathon-challenge-2026/.venv/lib/python3.11/site-packages/numpy/lib/nanfunctions.py:1879: RuntimeWarning: Degrees of freedom <= 0 for slice.
  var = nanvar(a, axis=axis, dtype=dtype, out=out, ddof=ddof,
2026-04-18 00:17:39,454 INFO __main__:   48PWV_7_8: 79 features, shape (1006, 1006)
2026-04-18 00:17:39,542 INFO rasterio._env: GDAL signalled an error: err_no=4, msg='/Users/luisdehlwes/Documents/osapiens/makeathon-challenge-2026/data/makeathon-challenge/labels/train/glads2/glads2_48PWV_7_8_alert.tif: No such file or directory'
2026-04-18 00:17:39,578 INFO __main__:   48PWV_7_8: fused label — 247684/1012036 positive (24.47%)
2026-04-18 00:17:39,611 INFO __main__:   Sampled 101203 pixels (24783 positive)
2026-04-18 00:17:39,627 INFO __main__: [13/16] Processing 48PXC_7_7
/Users/luisdehlwes/Documents/osapiens/makeathon-challenge-2026/solution/src/features/temporal.py:19: RuntimeWarning: Mean of empty slice
  "mean": np.nanmean(time_series, axis=0),
/Users/luisdehlwes/Documents/osapiens/makeathon-challenge-2026/.venv/lib/python3.11/site-packages/numpy/lib/nanfunctions.py:1879: RuntimeWarning: Degrees of freedom <= 0 for slice.
  var = nanvar(a, axis=axis, dtype=dtype, out=out, ddof=ddof,
/Users/luisdehlwes/Documents/osapiens/makeathon-challenge-2026/solution/src/features/temporal.py:21: RuntimeWarning: All-NaN slice encountered
  "min": np.nanmin(time_series, axis=0),
/Users/luisdehlwes/Documents/osapiens/makeathon-challenge-2026/solution/src/features/temporal.py:22: RuntimeWarning: All-NaN slice encountered
  "max": np.nanmax(time_series, axis=0),
/Users/luisdehlwes/Documents/osapiens/makeathon-challenge-2026/solution/src/features/temporal.py:23: RuntimeWarning: All-NaN slice encountered
  "median": np.nanmedian(time_series, axis=0),
/Users/luisdehlwes/Documents/osapiens/makeathon-challenge-2026/solution/src/features/temporal.py:24: RuntimeWarning: All-NaN slice encountered
  "range": np.nanmax(time_series, axis=0) - np.nanmin(time_series, axis=0),
/Users/luisdehlwes/Documents/osapiens/makeathon-challenge-2026/solution/src/features/temporal.py:43: RuntimeWarning: Mean of empty slice
  y_mean = np.nanmean(flat, axis=0)
/Users/luisdehlwes/Documents/osapiens/makeathon-challenge-2026/solution/src/features/temporal.py:44: RuntimeWarning: Mean of empty slice
  cov = np.nanmean((x[:, None] - x_mean) * (flat - y_mean[None, :]), axis=0)
/Users/luisdehlwes/Documents/osapiens/makeathon-challenge-2026/solution/src/features/temporal.py:64: RuntimeWarning: Mean of empty slice
  base_mean = np.nanmean(baseline, axis=0)
/Users/luisdehlwes/Documents/osapiens/makeathon-challenge-2026/solution/src/features/temporal.py:65: RuntimeWarning: Mean of empty slice
  post_mean = np.nanmean(post, axis=0)
/Users/luisdehlwes/Documents/osapiens/makeathon-challenge-2026/solution/src/features/temporal.py:70: RuntimeWarning: All-NaN slice encountered
  "delta_min": np.nanmin(post, axis=0) - np.nanmin(baseline, axis=0),
/Users/luisdehlwes/Documents/osapiens/makeathon-challenge-2026/solution/src/features/temporal.py:71: RuntimeWarning: All-NaN slice encountered
  "delta_max": np.nanmax(post, axis=0) - np.nanmax(baseline, axis=0),
/Users/luisdehlwes/Documents/osapiens/makeathon-challenge-2026/solution/run_pipeline.py:214: RuntimeWarning: Mean of empty slice
  pooled = np.nanmean(aef_base_reproj[g*group_size:(g+1)*group_size], axis=0)
/Users/luisdehlwes/Documents/osapiens/makeathon-challenge-2026/solution/run_pipeline.py:260: RuntimeWarning: All-NaN slice encountered
  feature_layers.append(np.nan_to_num(np.nanmax(yoy_stack, axis=0), nan=0.0))
/Users/luisdehlwes/Documents/osapiens/makeathon-challenge-2026/.venv/lib/python3.11/site-packages/numpy/lib/nanfunctions.py:1879: RuntimeWarning: Degrees of freedom <= 0 for slice.
  var = nanvar(a, axis=axis, dtype=dtype, out=out, ddof=ddof,
2026-04-18 00:18:09,630 INFO __main__:   48PXC_7_7: 79 features, shape (1016, 1016)
2026-04-18 00:18:09,736 INFO rasterio._env: GDAL signalled an error: err_no=4, msg='/Users/luisdehlwes/Documents/osapiens/makeathon-challenge-2026/data/makeathon-challenge/labels/train/glads2/glads2_48PXC_7_7_alert.tif: No such file or directory'
2026-04-18 00:18:09,774 INFO __main__:   48PXC_7_7: fused label — 66287/1032256 positive (6.42%)
2026-04-18 00:18:09,808 INFO __main__:   Sampled 103225 pixels (6602 positive)
2026-04-18 00:18:09,822 INFO __main__: [14/16] Processing 48PYB_3_6
/Users/luisdehlwes/Documents/osapiens/makeathon-challenge-2026/solution/src/features/temporal.py:19: RuntimeWarning: Mean of empty slice
  "mean": np.nanmean(time_series, axis=0),
/Users/luisdehlwes/Documents/osapiens/makeathon-challenge-2026/.venv/lib/python3.11/site-packages/numpy/lib/nanfunctions.py:1879: RuntimeWarning: Degrees of freedom <= 0 for slice.
  var = nanvar(a, axis=axis, dtype=dtype, out=out, ddof=ddof,
/Users/luisdehlwes/Documents/osapiens/makeathon-challenge-2026/solution/src/features/temporal.py:21: RuntimeWarning: All-NaN slice encountered
  "min": np.nanmin(time_series, axis=0),
/Users/luisdehlwes/Documents/osapiens/makeathon-challenge-2026/solution/src/features/temporal.py:22: RuntimeWarning: All-NaN slice encountered
  "max": np.nanmax(time_series, axis=0),
/Users/luisdehlwes/Documents/osapiens/makeathon-challenge-2026/solution/src/features/temporal.py:23: RuntimeWarning: All-NaN slice encountered
  "median": np.nanmedian(time_series, axis=0),
/Users/luisdehlwes/Documents/osapiens/makeathon-challenge-2026/solution/src/features/temporal.py:24: RuntimeWarning: All-NaN slice encountered
  "range": np.nanmax(time_series, axis=0) - np.nanmin(time_series, axis=0),
/Users/luisdehlwes/Documents/osapiens/makeathon-challenge-2026/solution/src/features/temporal.py:43: RuntimeWarning: Mean of empty slice
  y_mean = np.nanmean(flat, axis=0)
/Users/luisdehlwes/Documents/osapiens/makeathon-challenge-2026/solution/src/features/temporal.py:44: RuntimeWarning: Mean of empty slice
  cov = np.nanmean((x[:, None] - x_mean) * (flat - y_mean[None, :]), axis=0)
/Users/luisdehlwes/Documents/osapiens/makeathon-challenge-2026/solution/src/features/temporal.py:64: RuntimeWarning: Mean of empty slice
  base_mean = np.nanmean(baseline, axis=0)
/Users/luisdehlwes/Documents/osapiens/makeathon-challenge-2026/solution/src/features/temporal.py:65: RuntimeWarning: Mean of empty slice
  post_mean = np.nanmean(post, axis=0)
/Users/luisdehlwes/Documents/osapiens/makeathon-challenge-2026/solution/src/features/temporal.py:70: RuntimeWarning: All-NaN slice encountered
  "delta_min": np.nanmin(post, axis=0) - np.nanmin(baseline, axis=0),
/Users/luisdehlwes/Documents/osapiens/makeathon-challenge-2026/solution/src/features/temporal.py:71: RuntimeWarning: All-NaN slice encountered
  "delta_max": np.nanmax(post, axis=0) - np.nanmax(baseline, axis=0),
/Users/luisdehlwes/Documents/osapiens/makeathon-challenge-2026/solution/run_pipeline.py:214: RuntimeWarning: Mean of empty slice
  pooled = np.nanmean(aef_base_reproj[g*group_size:(g+1)*group_size], axis=0)
/Users/luisdehlwes/Documents/osapiens/makeathon-challenge-2026/solution/run_pipeline.py:260: RuntimeWarning: All-NaN slice encountered
  feature_layers.append(np.nan_to_num(np.nanmax(yoy_stack, axis=0), nan=0.0))
/Users/luisdehlwes/Documents/osapiens/makeathon-challenge-2026/.venv/lib/python3.11/site-packages/numpy/lib/nanfunctions.py:1879: RuntimeWarning: Degrees of freedom <= 0 for slice.
  var = nanvar(a, axis=axis, dtype=dtype, out=out, ddof=ddof,
2026-04-18 00:18:38,702 INFO __main__:   48PYB_3_6: 79 features, shape (1020, 1020)
2026-04-18 00:18:38,825 INFO rasterio._env: GDAL signalled an error: err_no=4, msg='/Users/luisdehlwes/Documents/osapiens/makeathon-challenge-2026/data/makeathon-challenge/labels/train/glads2/glads2_48PYB_3_6_alert.tif: No such file or directory'
2026-04-18 00:18:38,864 INFO __main__:   48PYB_3_6: fused label — 117790/1040400 positive (11.32%)
2026-04-18 00:18:38,898 INFO __main__:   Sampled 104040 pixels (11721 positive)
2026-04-18 00:18:38,913 INFO __main__: [15/16] Processing 48QVE_3_0
/Users/luisdehlwes/Documents/osapiens/makeathon-challenge-2026/solution/src/features/temporal.py:19: RuntimeWarning: Mean of empty slice
  "mean": np.nanmean(time_series, axis=0),
/Users/luisdehlwes/Documents/osapiens/makeathon-challenge-2026/.venv/lib/python3.11/site-packages/numpy/lib/nanfunctions.py:1879: RuntimeWarning: Degrees of freedom <= 0 for slice.
  var = nanvar(a, axis=axis, dtype=dtype, out=out, ddof=ddof,
/Users/luisdehlwes/Documents/osapiens/makeathon-challenge-2026/solution/src/features/temporal.py:21: RuntimeWarning: All-NaN slice encountered
  "min": np.nanmin(time_series, axis=0),
/Users/luisdehlwes/Documents/osapiens/makeathon-challenge-2026/solution/src/features/temporal.py:22: RuntimeWarning: All-NaN slice encountered
  "max": np.nanmax(time_series, axis=0),
/Users/luisdehlwes/Documents/osapiens/makeathon-challenge-2026/solution/src/features/temporal.py:23: RuntimeWarning: All-NaN slice encountered
  "median": np.nanmedian(time_series, axis=0),
/Users/luisdehlwes/Documents/osapiens/makeathon-challenge-2026/solution/src/features/temporal.py:24: RuntimeWarning: All-NaN slice encountered
  "range": np.nanmax(time_series, axis=0) - np.nanmin(time_series, axis=0),
/Users/luisdehlwes/Documents/osapiens/makeathon-challenge-2026/solution/src/features/temporal.py:43: RuntimeWarning: Mean of empty slice
  y_mean = np.nanmean(flat, axis=0)
/Users/luisdehlwes/Documents/osapiens/makeathon-challenge-2026/solution/src/features/temporal.py:44: RuntimeWarning: Mean of empty slice
  cov = np.nanmean((x[:, None] - x_mean) * (flat - y_mean[None, :]), axis=0)
/Users/luisdehlwes/Documents/osapiens/makeathon-challenge-2026/solution/src/features/temporal.py:64: RuntimeWarning: Mean of empty slice
  base_mean = np.nanmean(baseline, axis=0)
/Users/luisdehlwes/Documents/osapiens/makeathon-challenge-2026/solution/src/features/temporal.py:65: RuntimeWarning: Mean of empty slice
  post_mean = np.nanmean(post, axis=0)
/Users/luisdehlwes/Documents/osapiens/makeathon-challenge-2026/solution/src/features/temporal.py:70: RuntimeWarning: All-NaN slice encountered
  "delta_min": np.nanmin(post, axis=0) - np.nanmin(baseline, axis=0),
/Users/luisdehlwes/Documents/osapiens/makeathon-challenge-2026/solution/src/features/temporal.py:71: RuntimeWarning: All-NaN slice encountered
  "delta_max": np.nanmax(post, axis=0) - np.nanmax(baseline, axis=0),
/Users/luisdehlwes/Documents/osapiens/makeathon-challenge-2026/solution/run_pipeline.py:214: RuntimeWarning: Mean of empty slice
  pooled = np.nanmean(aef_base_reproj[g*group_size:(g+1)*group_size], axis=0)
/Users/luisdehlwes/Documents/osapiens/makeathon-challenge-2026/solution/run_pipeline.py:260: RuntimeWarning: All-NaN slice encountered
  feature_layers.append(np.nan_to_num(np.nanmax(yoy_stack, axis=0), nan=0.0))
/Users/luisdehlwes/Documents/osapiens/makeathon-challenge-2026/.venv/lib/python3.11/site-packages/numpy/lib/nanfunctions.py:1879: RuntimeWarning: Degrees of freedom <= 0 for slice.
  var = nanvar(a, axis=axis, dtype=dtype, out=out, ddof=ddof,
2026-04-18 00:19:08,320 INFO __main__:   48QVE_3_0: 79 features, shape (1008, 1008)
2026-04-18 00:19:08,404 INFO rasterio._env: GDAL signalled an error: err_no=4, msg='/Users/luisdehlwes/Documents/osapiens/makeathon-challenge-2026/data/makeathon-challenge/labels/train/glads2/glads2_48QVE_3_0_alert.tif: No such file or directory'
2026-04-18 00:19:08,441 INFO __main__:   48QVE_3_0: fused label — 68081/1016064 positive (6.70%)
2026-04-18 00:19:08,474 INFO __main__:   Sampled 101606 pixels (6855 positive)
2026-04-18 00:19:08,488 INFO __main__: [16/16] Processing 48QWD_2_2
/Users/luisdehlwes/Documents/osapiens/makeathon-challenge-2026/solution/src/features/temporal.py:19: RuntimeWarning: Mean of empty slice
  "mean": np.nanmean(time_series, axis=0),
/Users/luisdehlwes/Documents/osapiens/makeathon-challenge-2026/.venv/lib/python3.11/site-packages/numpy/lib/nanfunctions.py:1879: RuntimeWarning: Degrees of freedom <= 0 for slice.
  var = nanvar(a, axis=axis, dtype=dtype, out=out, ddof=ddof,
/Users/luisdehlwes/Documents/osapiens/makeathon-challenge-2026/solution/src/features/temporal.py:21: RuntimeWarning: All-NaN slice encountered
  "min": np.nanmin(time_series, axis=0),
/Users/luisdehlwes/Documents/osapiens/makeathon-challenge-2026/solution/src/features/temporal.py:22: RuntimeWarning: All-NaN slice encountered
  "max": np.nanmax(time_series, axis=0),
/Users/luisdehlwes/Documents/osapiens/makeathon-challenge-2026/solution/src/features/temporal.py:23: RuntimeWarning: All-NaN slice encountered
  "median": np.nanmedian(time_series, axis=0),
/Users/luisdehlwes/Documents/osapiens/makeathon-challenge-2026/solution/src/features/temporal.py:24: RuntimeWarning: All-NaN slice encountered
  "range": np.nanmax(time_series, axis=0) - np.nanmin(time_series, axis=0),
/Users/luisdehlwes/Documents/osapiens/makeathon-challenge-2026/solution/src/features/temporal.py:43: RuntimeWarning: Mean of empty slice
  y_mean = np.nanmean(flat, axis=0)
/Users/luisdehlwes/Documents/osapiens/makeathon-challenge-2026/solution/src/features/temporal.py:44: RuntimeWarning: Mean of empty slice
  cov = np.nanmean((x[:, None] - x_mean) * (flat - y_mean[None, :]), axis=0)
/Users/luisdehlwes/Documents/osapiens/makeathon-challenge-2026/solution/src/features/temporal.py:64: RuntimeWarning: Mean of empty slice
  base_mean = np.nanmean(baseline, axis=0)
/Users/luisdehlwes/Documents/osapiens/makeathon-challenge-2026/solution/src/features/temporal.py:65: RuntimeWarning: Mean of empty slice
  post_mean = np.nanmean(post, axis=0)
/Users/luisdehlwes/Documents/osapiens/makeathon-challenge-2026/solution/src/features/temporal.py:70: RuntimeWarning: All-NaN slice encountered
  "delta_min": np.nanmin(post, axis=0) - np.nanmin(baseline, axis=0),
/Users/luisdehlwes/Documents/osapiens/makeathon-challenge-2026/solution/src/features/temporal.py:71: RuntimeWarning: All-NaN slice encountered
  "delta_max": np.nanmax(post, axis=0) - np.nanmax(baseline, axis=0),
/Users/luisdehlwes/Documents/osapiens/makeathon-challenge-2026/solution/run_pipeline.py:214: RuntimeWarning: Mean of empty slice
  pooled = np.nanmean(aef_base_reproj[g*group_size:(g+1)*group_size], axis=0)
/Users/luisdehlwes/Documents/osapiens/makeathon-challenge-2026/solution/run_pipeline.py:260: RuntimeWarning: All-NaN slice encountered
  feature_layers.append(np.nan_to_num(np.nanmax(yoy_stack, axis=0), nan=0.0))
/Users/luisdehlwes/Documents/osapiens/makeathon-challenge-2026/.venv/lib/python3.11/site-packages/numpy/lib/nanfunctions.py:1879: RuntimeWarning: Degrees of freedom <= 0 for slice.
  var = nanvar(a, axis=axis, dtype=dtype, out=out, ddof=ddof,
2026-04-18 00:19:36,888 INFO __main__:   48QWD_2_2: 79 features, shape (1004, 1003)
2026-04-18 00:19:36,978 INFO rasterio._env: GDAL signalled an error: err_no=4, msg='/Users/luisdehlwes/Documents/osapiens/makeathon-challenge-2026/data/makeathon-challenge/labels/train/glads2/glads2_48QWD_2_2_alert.tif: No such file or directory'
2026-04-18 00:19:37,013 INFO __main__:   48QWD_2_2: fused label — 59729/1007012 positive (5.93%)
2026-04-18 00:19:37,045 INFO __main__:   Sampled 100701 pixels (5992 positive)
2026-04-18 00:19:37,099 INFO __main__: 
Total training pixels: 1420926 (79 features)
2026-04-18 00:19:37,100 INFO __main__: Positive rate: 0.0841
2026-04-18 00:19:37,100 INFO __main__: 
── Step 3: Training LightGBM ──
2026-04-18 00:19:37,231 INFO __main__: Train: 1136740 | Val: 284186
2026-04-18 00:21:06,648 INFO __main__: Model saved to /Users/luisdehlwes/Documents/osapiens/makeathon-challenge-2026/solution/outputs/lgbm_model.pkl
2026-04-18 00:21:11,539 INFO __main__: Validation: F1=0.8382 | Precision=0.8544 | Recall=0.8225
2026-04-18 00:21:11,559 INFO __main__: 
── Step 4: Inference on Test Tiles ──
2026-04-18 00:21:11,559 INFO __main__: [1/5] Predicting 18NVJ_1_6
/Users/luisdehlwes/Documents/osapiens/makeathon-challenge-2026/solution/src/features/temporal.py:19: RuntimeWarning: Mean of empty slice
  "mean": np.nanmean(time_series, axis=0),
/Users/luisdehlwes/Documents/osapiens/makeathon-challenge-2026/.venv/lib/python3.11/site-packages/numpy/lib/nanfunctions.py:1879: RuntimeWarning: Degrees of freedom <= 0 for slice.
  var = nanvar(a, axis=axis, dtype=dtype, out=out, ddof=ddof,
/Users/luisdehlwes/Documents/osapiens/makeathon-challenge-2026/solution/src/features/temporal.py:21: RuntimeWarning: All-NaN slice encountered
  "min": np.nanmin(time_series, axis=0),
/Users/luisdehlwes/Documents/osapiens/makeathon-challenge-2026/solution/src/features/temporal.py:22: RuntimeWarning: All-NaN slice encountered
  "max": np.nanmax(time_series, axis=0),
/Users/luisdehlwes/Documents/osapiens/makeathon-challenge-2026/solution/src/features/temporal.py:23: RuntimeWarning: All-NaN slice encountered
  "median": np.nanmedian(time_series, axis=0),
/Users/luisdehlwes/Documents/osapiens/makeathon-challenge-2026/solution/src/features/temporal.py:24: RuntimeWarning: All-NaN slice encountered
  "range": np.nanmax(time_series, axis=0) - np.nanmin(time_series, axis=0),
/Users/luisdehlwes/Documents/osapiens/makeathon-challenge-2026/solution/src/features/temporal.py:43: RuntimeWarning: Mean of empty slice
  y_mean = np.nanmean(flat, axis=0)
/Users/luisdehlwes/Documents/osapiens/makeathon-challenge-2026/solution/src/features/temporal.py:44: RuntimeWarning: Mean of empty slice
  cov = np.nanmean((x[:, None] - x_mean) * (flat - y_mean[None, :]), axis=0)
/Users/luisdehlwes/Documents/osapiens/makeathon-challenge-2026/solution/src/features/temporal.py:64: RuntimeWarning: Mean of empty slice
  base_mean = np.nanmean(baseline, axis=0)
/Users/luisdehlwes/Documents/osapiens/makeathon-challenge-2026/solution/src/features/temporal.py:65: RuntimeWarning: Mean of empty slice
  post_mean = np.nanmean(post, axis=0)
/Users/luisdehlwes/Documents/osapiens/makeathon-challenge-2026/solution/src/features/temporal.py:70: RuntimeWarning: All-NaN slice encountered
  "delta_min": np.nanmin(post, axis=0) - np.nanmin(baseline, axis=0),
/Users/luisdehlwes/Documents/osapiens/makeathon-challenge-2026/solution/src/features/temporal.py:71: RuntimeWarning: All-NaN slice encountered
  "delta_max": np.nanmax(post, axis=0) - np.nanmax(baseline, axis=0),
/Users/luisdehlwes/Documents/osapiens/makeathon-challenge-2026/solution/run_pipeline.py:214: RuntimeWarning: Mean of empty slice
  pooled = np.nanmean(aef_base_reproj[g*group_size:(g+1)*group_size], axis=0)
/Users/luisdehlwes/Documents/osapiens/makeathon-challenge-2026/solution/run_pipeline.py:260: RuntimeWarning: All-NaN slice encountered
  feature_layers.append(np.nan_to_num(np.nanmax(yoy_stack, axis=0), nan=0.0))
/Users/luisdehlwes/Documents/osapiens/makeathon-challenge-2026/.venv/lib/python3.11/site-packages/numpy/lib/nanfunctions.py:1879: RuntimeWarning: Degrees of freedom <= 0 for slice.
  var = nanvar(a, axis=axis, dtype=dtype, out=out, ddof=ddof,
2026-04-18 00:21:38,178 INFO __main__:   18NVJ_1_6: 79 features, shape (1002, 1002)
2026-04-18 00:21:51,724 INFO solution.src.inference.predict: Saved prediction: /Users/luisdehlwes/Documents/osapiens/makeathon-challenge-2026/solution/outputs/predictions/pred_18NVJ_1_6.tif
2026-04-18 00:21:51,725 INFO __main__:   18NVJ_1_6: 0 deforestation pixels (0.00%)
2026-04-18 00:21:51,745 INFO __main__: [2/5] Predicting 18NYH_2_1
/Users/luisdehlwes/Documents/osapiens/makeathon-challenge-2026/solution/src/features/temporal.py:19: RuntimeWarning: Mean of empty slice
  "mean": np.nanmean(time_series, axis=0),
/Users/luisdehlwes/Documents/osapiens/makeathon-challenge-2026/.venv/lib/python3.11/site-packages/numpy/lib/nanfunctions.py:1879: RuntimeWarning: Degrees of freedom <= 0 for slice.
  var = nanvar(a, axis=axis, dtype=dtype, out=out, ddof=ddof,
/Users/luisdehlwes/Documents/osapiens/makeathon-challenge-2026/solution/src/features/temporal.py:21: RuntimeWarning: All-NaN slice encountered
  "min": np.nanmin(time_series, axis=0),
/Users/luisdehlwes/Documents/osapiens/makeathon-challenge-2026/solution/src/features/temporal.py:22: RuntimeWarning: All-NaN slice encountered
  "max": np.nanmax(time_series, axis=0),
/Users/luisdehlwes/Documents/osapiens/makeathon-challenge-2026/solution/src/features/temporal.py:23: RuntimeWarning: All-NaN slice encountered
  "median": np.nanmedian(time_series, axis=0),
/Users/luisdehlwes/Documents/osapiens/makeathon-challenge-2026/solution/src/features/temporal.py:24: RuntimeWarning: All-NaN slice encountered
  "range": np.nanmax(time_series, axis=0) - np.nanmin(time_series, axis=0),
/Users/luisdehlwes/Documents/osapiens/makeathon-challenge-2026/solution/src/features/temporal.py:43: RuntimeWarning: Mean of empty slice
  y_mean = np.nanmean(flat, axis=0)
/Users/luisdehlwes/Documents/osapiens/makeathon-challenge-2026/solution/src/features/temporal.py:44: RuntimeWarning: Mean of empty slice
  cov = np.nanmean((x[:, None] - x_mean) * (flat - y_mean[None, :]), axis=0)
/Users/luisdehlwes/Documents/osapiens/makeathon-challenge-2026/solution/src/features/temporal.py:64: RuntimeWarning: Mean of empty slice
  base_mean = np.nanmean(baseline, axis=0)
/Users/luisdehlwes/Documents/osapiens/makeathon-challenge-2026/solution/src/features/temporal.py:65: RuntimeWarning: Mean of empty slice
  post_mean = np.nanmean(post, axis=0)
/Users/luisdehlwes/Documents/osapiens/makeathon-challenge-2026/solution/src/features/temporal.py:70: RuntimeWarning: All-NaN slice encountered
  "delta_min": np.nanmin(post, axis=0) - np.nanmin(baseline, axis=0),
/Users/luisdehlwes/Documents/osapiens/makeathon-challenge-2026/solution/src/features/temporal.py:71: RuntimeWarning: All-NaN slice encountered
  "delta_max": np.nanmax(post, axis=0) - np.nanmax(baseline, axis=0),
/Users/luisdehlwes/Documents/osapiens/makeathon-challenge-2026/solution/run_pipeline.py:214: RuntimeWarning: Mean of empty slice
  pooled = np.nanmean(aef_base_reproj[g*group_size:(g+1)*group_size], axis=0)
/Users/luisdehlwes/Documents/osapiens/makeathon-challenge-2026/solution/run_pipeline.py:260: RuntimeWarning: All-NaN slice encountered
  feature_layers.append(np.nan_to_num(np.nanmax(yoy_stack, axis=0), nan=0.0))
/Users/luisdehlwes/Documents/osapiens/makeathon-challenge-2026/.venv/lib/python3.11/site-packages/numpy/lib/nanfunctions.py:1879: RuntimeWarning: Degrees of freedom <= 0 for slice.
  var = nanvar(a, axis=axis, dtype=dtype, out=out, ddof=ddof,
2026-04-18 00:22:17,904 INFO __main__:   18NYH_2_1: 79 features, shape (1004, 1004)
2026-04-18 00:22:31,315 INFO solution.src.inference.predict: Saved prediction: /Users/luisdehlwes/Documents/osapiens/makeathon-challenge-2026/solution/outputs/predictions/pred_18NYH_2_1.tif
2026-04-18 00:22:31,315 INFO __main__:   18NYH_2_1: 51204 deforestation pixels (5.08%)
2026-04-18 00:22:31,335 INFO __main__: [3/5] Predicting 33NTE_5_1
/Users/luisdehlwes/Documents/osapiens/makeathon-challenge-2026/solution/src/features/temporal.py:19: RuntimeWarning: Mean of empty slice
  "mean": np.nanmean(time_series, axis=0),
/Users/luisdehlwes/Documents/osapiens/makeathon-challenge-2026/.venv/lib/python3.11/site-packages/numpy/lib/nanfunctions.py:1879: RuntimeWarning: Degrees of freedom <= 0 for slice.
  var = nanvar(a, axis=axis, dtype=dtype, out=out, ddof=ddof,
/Users/luisdehlwes/Documents/osapiens/makeathon-challenge-2026/solution/src/features/temporal.py:21: RuntimeWarning: All-NaN slice encountered
  "min": np.nanmin(time_series, axis=0),
/Users/luisdehlwes/Documents/osapiens/makeathon-challenge-2026/solution/src/features/temporal.py:22: RuntimeWarning: All-NaN slice encountered
  "max": np.nanmax(time_series, axis=0),
/Users/luisdehlwes/Documents/osapiens/makeathon-challenge-2026/solution/src/features/temporal.py:23: RuntimeWarning: All-NaN slice encountered
  "median": np.nanmedian(time_series, axis=0),
/Users/luisdehlwes/Documents/osapiens/makeathon-challenge-2026/solution/src/features/temporal.py:24: RuntimeWarning: All-NaN slice encountered
  "range": np.nanmax(time_series, axis=0) - np.nanmin(time_series, axis=0),
/Users/luisdehlwes/Documents/osapiens/makeathon-challenge-2026/solution/src/features/temporal.py:43: RuntimeWarning: Mean of empty slice
  y_mean = np.nanmean(flat, axis=0)
/Users/luisdehlwes/Documents/osapiens/makeathon-challenge-2026/solution/src/features/temporal.py:44: RuntimeWarning: Mean of empty slice
  cov = np.nanmean((x[:, None] - x_mean) * (flat - y_mean[None, :]), axis=0)
/Users/luisdehlwes/Documents/osapiens/makeathon-challenge-2026/solution/src/features/temporal.py:64: RuntimeWarning: Mean of empty slice
  base_mean = np.nanmean(baseline, axis=0)
/Users/luisdehlwes/Documents/osapiens/makeathon-challenge-2026/solution/src/features/temporal.py:65: RuntimeWarning: Mean of empty slice
  post_mean = np.nanmean(post, axis=0)
/Users/luisdehlwes/Documents/osapiens/makeathon-challenge-2026/solution/src/features/temporal.py:70: RuntimeWarning: All-NaN slice encountered
  "delta_min": np.nanmin(post, axis=0) - np.nanmin(baseline, axis=0),
/Users/luisdehlwes/Documents/osapiens/makeathon-challenge-2026/solution/src/features/temporal.py:71: RuntimeWarning: All-NaN slice encountered
  "delta_max": np.nanmax(post, axis=0) - np.nanmax(baseline, axis=0),
/Users/luisdehlwes/Documents/osapiens/makeathon-challenge-2026/solution/run_pipeline.py:214: RuntimeWarning: Mean of empty slice
  pooled = np.nanmean(aef_base_reproj[g*group_size:(g+1)*group_size], axis=0)
/Users/luisdehlwes/Documents/osapiens/makeathon-challenge-2026/solution/run_pipeline.py:260: RuntimeWarning: All-NaN slice encountered
  feature_layers.append(np.nan_to_num(np.nanmax(yoy_stack, axis=0), nan=0.0))
/Users/luisdehlwes/Documents/osapiens/makeathon-challenge-2026/.venv/lib/python3.11/site-packages/numpy/lib/nanfunctions.py:1879: RuntimeWarning: Degrees of freedom <= 0 for slice.
  var = nanvar(a, axis=axis, dtype=dtype, out=out, ddof=ddof,
2026-04-18 00:22:56,575 INFO __main__:   33NTE_5_1: 79 features, shape (1006, 1007)
2026-04-18 00:23:08,572 INFO solution.src.inference.predict: Saved prediction: /Users/luisdehlwes/Documents/osapiens/makeathon-challenge-2026/solution/outputs/predictions/pred_33NTE_5_1.tif
2026-04-18 00:23:08,573 INFO __main__:   33NTE_5_1: 12166 deforestation pixels (1.20%)
2026-04-18 00:23:08,593 INFO __main__: [4/5] Predicting 47QMA_6_2
/Users/luisdehlwes/Documents/osapiens/makeathon-challenge-2026/solution/src/features/temporal.py:19: RuntimeWarning: Mean of empty slice
  "mean": np.nanmean(time_series, axis=0),
/Users/luisdehlwes/Documents/osapiens/makeathon-challenge-2026/.venv/lib/python3.11/site-packages/numpy/lib/nanfunctions.py:1879: RuntimeWarning: Degrees of freedom <= 0 for slice.
  var = nanvar(a, axis=axis, dtype=dtype, out=out, ddof=ddof,
/Users/luisdehlwes/Documents/osapiens/makeathon-challenge-2026/solution/src/features/temporal.py:21: RuntimeWarning: All-NaN slice encountered
  "min": np.nanmin(time_series, axis=0),
/Users/luisdehlwes/Documents/osapiens/makeathon-challenge-2026/solution/src/features/temporal.py:22: RuntimeWarning: All-NaN slice encountered
  "max": np.nanmax(time_series, axis=0),
/Users/luisdehlwes/Documents/osapiens/makeathon-challenge-2026/solution/src/features/temporal.py:23: RuntimeWarning: All-NaN slice encountered
  "median": np.nanmedian(time_series, axis=0),
/Users/luisdehlwes/Documents/osapiens/makeathon-challenge-2026/solution/src/features/temporal.py:24: RuntimeWarning: All-NaN slice encountered
  "range": np.nanmax(time_series, axis=0) - np.nanmin(time_series, axis=0),
/Users/luisdehlwes/Documents/osapiens/makeathon-challenge-2026/solution/src/features/temporal.py:43: RuntimeWarning: Mean of empty slice
  y_mean = np.nanmean(flat, axis=0)
/Users/luisdehlwes/Documents/osapiens/makeathon-challenge-2026/solution/src/features/temporal.py:44: RuntimeWarning: Mean of empty slice
  cov = np.nanmean((x[:, None] - x_mean) * (flat - y_mean[None, :]), axis=0)
/Users/luisdehlwes/Documents/osapiens/makeathon-challenge-2026/solution/src/features/temporal.py:64: RuntimeWarning: Mean of empty slice
  base_mean = np.nanmean(baseline, axis=0)
/Users/luisdehlwes/Documents/osapiens/makeathon-challenge-2026/solution/src/features/temporal.py:65: RuntimeWarning: Mean of empty slice
  post_mean = np.nanmean(post, axis=0)
/Users/luisdehlwes/Documents/osapiens/makeathon-challenge-2026/solution/src/features/temporal.py:70: RuntimeWarning: All-NaN slice encountered
  "delta_min": np.nanmin(post, axis=0) - np.nanmin(baseline, axis=0),
/Users/luisdehlwes/Documents/osapiens/makeathon-challenge-2026/solution/src/features/temporal.py:71: RuntimeWarning: All-NaN slice encountered
  "delta_max": np.nanmax(post, axis=0) - np.nanmax(baseline, axis=0),
/Users/luisdehlwes/Documents/osapiens/makeathon-challenge-2026/solution/run_pipeline.py:214: RuntimeWarning: Mean of empty slice
  pooled = np.nanmean(aef_base_reproj[g*group_size:(g+1)*group_size], axis=0)
/Users/luisdehlwes/Documents/osapiens/makeathon-challenge-2026/solution/run_pipeline.py:260: RuntimeWarning: All-NaN slice encountered
  feature_layers.append(np.nan_to_num(np.nanmax(yoy_stack, axis=0), nan=0.0))
/Users/luisdehlwes/Documents/osapiens/makeathon-challenge-2026/.venv/lib/python3.11/site-packages/numpy/lib/nanfunctions.py:1879: RuntimeWarning: Degrees of freedom <= 0 for slice.
  var = nanvar(a, axis=axis, dtype=dtype, out=out, ddof=ddof,
2026-04-18 00:23:33,969 INFO __main__:   47QMA_6_2: 79 features, shape (1004, 1005)
2026-04-18 00:23:46,768 INFO solution.src.inference.predict: Saved prediction: /Users/luisdehlwes/Documents/osapiens/makeathon-challenge-2026/solution/outputs/predictions/pred_47QMA_6_2.tif
2026-04-18 00:23:46,769 INFO __main__:   47QMA_6_2: 0 deforestation pixels (0.00%)
2026-04-18 00:23:46,789 INFO __main__: [5/5] Predicting 48PWA_0_6
/Users/luisdehlwes/Documents/osapiens/makeathon-challenge-2026/solution/run_pipeline.py:214: RuntimeWarning: Mean of empty slice
  pooled = np.nanmean(aef_base_reproj[g*group_size:(g+1)*group_size], axis=0)
/Users/luisdehlwes/Documents/osapiens/makeathon-challenge-2026/solution/run_pipeline.py:260: RuntimeWarning: All-NaN slice encountered
  feature_layers.append(np.nan_to_num(np.nanmax(yoy_stack, axis=0), nan=0.0))
/Users/luisdehlwes/Documents/osapiens/makeathon-challenge-2026/.venv/lib/python3.11/site-packages/numpy/lib/nanfunctions.py:1879: RuntimeWarning: Degrees of freedom <= 0 for slice.
  var = nanvar(a, axis=axis, dtype=dtype, out=out, ddof=ddof,
2026-04-18 00:24:16,578 INFO __main__:   48PWA_0_6: 79 features, shape (1002, 977)
2026-04-18 00:24:28,534 INFO solution.src.inference.predict: Saved prediction: /Users/luisdehlwes/Documents/osapiens/makeathon-challenge-2026/solution/outputs/predictions/pred_48PWA_0_6.tif
2026-04-18 00:24:28,535 INFO __main__:   48PWA_0_6: 11396 deforestation pixels (1.16%)
2026-04-18 00:24:28,554 INFO __main__: 
── Step 5: Generating Submission ──
2026-04-18 00:24:28,557 WARNING solution.src.inference.submit:   pred_18NVJ_1_6: skipped — No deforestation pixels (value=1) found in /Users/luisdehlwes/Documents/osapiens/makeathon-challenge-2026/solution/outputs/predictions/pred_18NVJ_1_6.tif. Ensure the raster has been binarised before calling this function.
2026-04-18 00:24:28,628 INFO solution.src.inference.submit:   pred_18NYH_2_1: 114 polygons
2026-04-18 00:24:28,674 INFO solution.src.inference.submit:   pred_33NTE_5_1: 57 polygons
2026-04-18 00:24:28,676 WARNING solution.src.inference.submit:   pred_47QMA_6_2: skipped — No deforestation pixels (value=1) found in /Users/luisdehlwes/Documents/osapiens/makeathon-challenge-2026/solution/outputs/predictions/pred_47QMA_6_2.tif. Ensure the raster has been binarised before calling this function.
2026-04-18 00:24:28,721 INFO solution.src.inference.submit:   pred_48PWA_0_6: 69 polygons
2026-04-18 00:24:28,736 INFO solution.src.inference.submit: Submission saved: /Users/luisdehlwes/Documents/osapiens/makeathon-challenge-2026/solution/outputs/submissions/submission.geojson (240 total polygons)
2026-04-18 00:24:28,737 INFO __main__: 
Submission file: /Users/luisdehlwes/Documents/osapiens/makeathon-challenge-2026/solution/outputs/submissions/submission.geojson
2026-04-18 00:24:28,737 INFO __main__: ============================================================
2026-04-18 00:24:28,737 INFO __main__:   Pipeline complete!
2026-04-18 00:24:28,737 INFO __main__: ============================================================
Training until validation scores don't improve for 50 rounds
[100]	train's binary_logloss: 0.0713579	val's binary_logloss: 0.0761706
[200]	train's binary_logloss: 0.0623216	val's binary_logloss: 0.0720147
[300]	train's binary_logloss: 0.0568127	val's binary_logloss: 0.0704481
[400]	train's binary_logloss: 0.0522306	val's binary_logloss: 0.0693378
[500]	train's binary_logloss: 0.048356	val's binary_logloss: 0.0685013
[600]	train's binary_logloss: 0.0449677	val's binary_logloss: 0.0678052
[700]	train's binary_logloss: 0.0419445	val's binary_logloss: 0.0673159
[800]	train's binary_logloss: 0.039172	val's binary_logloss: 0.0668901
[900]	train's binary_logloss: 0.0367485	val's binary_logloss: 0.0666167
[1000]	train's binary_logloss: 0.0344071	val's binary_logloss: 0.0663512
[1100]	train's binary_logloss: 0.0323017	val's binary_logloss: 0.0661187
[1200]	train's binary_logloss: 0.030289	val's binary_logloss: 0.065903
[1300]	train's binary_logloss: 0.0283249	val's binary_logloss: 0.065729
[1400]	train's binary_logloss: 0.0266027	val's binary_logloss: 0.0655887
[1500]	train's binary_logloss: 0.0249579	val's binary_logloss: 0.0654129
[1600]	train's binary_logloss: 0.0234158	val's binary_logloss: 0.065299
[1700]	train's binary_logloss: 0.0220124	val's binary_logloss: 0.0652256
[1800]	train's binary_logloss: 0.0207008	val's binary_logloss: 0.0651622
[1900]	train's binary_logloss: 0.019432	val's binary_logloss: 0.0651196
[2000]	train's binary_logloss: 0.018268	val's binary_logloss: 0.0651132
Did not meet early stopping. Best iteration is:
[1954]	train's binary_logloss: 0.018783	val's binary_logloss: 0.065109
