2026-04-18 02:55:00,990 INFO __main__: ============================================================
2026-04-18 02:55:00,990 INFO __main__:   Deforestation Detection Pipeline
2026-04-18 02:55:00,990 INFO __main__: ============================================================
2026-04-18 02:55:01,022 INFO __main__: Train tiles: 16 | Test tiles: 5
2026-04-18 02:55:01,022 INFO __main__: 
── Step 2: Feature Engineering & Label Fusion ──
2026-04-18 02:55:01,022 INFO __main__: [1/16] Processing 18NWG_6_6
/Users/luisdehlwes/Documents/osapiens/makeathon-challenge-2026/solution/run_pipeline.py:266: RuntimeWarning: All-NaN slice encountered
  feature_layers.append(np.nan_to_num(np.nanmax(yoy_stack, axis=0), nan=0.0))
/Users/luisdehlwes/Documents/osapiens/makeathon-challenge-2026/.venv/lib/python3.11/site-packages/numpy/lib/nanfunctions.py:1879: RuntimeWarning: Degrees of freedom <= 0 for slice.
  var = nanvar(a, axis=axis, dtype=dtype, out=out, ddof=ddof,
2026-04-18 02:58:01,177 INFO __main__:   18NWG_6_6: 272 features, shape (1002, 1002)
2026-04-18 02:58:01,405 INFO __main__:   18NWG_6_6: fused label — 269764/1004004 positive (26.87%)
2026-04-18 02:58:01,825 INFO __main__:   Sampled 416612 pixels (269764 positive)
2026-04-18 02:58:01,841 INFO __main__: [2/16] Processing 18NWH_1_4
/Users/luisdehlwes/Documents/osapiens/makeathon-challenge-2026/.venv/lib/python3.11/site-packages/numpy/lib/nanfunctions.py:1563: RuntimeWarning: All-NaN slice encountered
  return function_base._ureduce(a,
/Users/luisdehlwes/Documents/osapiens/makeathon-challenge-2026/solution/src/features/temporal.py:22: RuntimeWarning: Mean of empty slice
  "mean":   np.nanmean(time_series, axis=0),
/Users/luisdehlwes/Documents/osapiens/makeathon-challenge-2026/.venv/lib/python3.11/site-packages/numpy/lib/nanfunctions.py:1879: RuntimeWarning: Degrees of freedom <= 0 for slice.
  var = nanvar(a, axis=axis, dtype=dtype, out=out, ddof=ddof,
/Users/luisdehlwes/Documents/osapiens/makeathon-challenge-2026/solution/src/features/temporal.py:50: RuntimeWarning: Mean of empty slice
  y_mean = np.nanmean(flat, axis=0)
/Users/luisdehlwes/Documents/osapiens/makeathon-challenge-2026/solution/src/features/temporal.py:51: RuntimeWarning: Mean of empty slice
  cov = np.nanmean((x[:, None] - x_mean) * (flat - y_mean[None, :]), axis=0)
/Users/luisdehlwes/Documents/osapiens/makeathon-challenge-2026/solution/src/features/temporal.py:71: RuntimeWarning: Mean of empty slice
  base_mean = np.nanmean(baseline, axis=0)
/Users/luisdehlwes/Documents/osapiens/makeathon-challenge-2026/solution/src/features/temporal.py:72: RuntimeWarning: Mean of empty slice
  post_mean = np.nanmean(post, axis=0)
/Users/luisdehlwes/Documents/osapiens/makeathon-challenge-2026/solution/src/features/temporal.py:77: RuntimeWarning: All-NaN slice encountered
  "delta_min": np.nanmin(post, axis=0) - np.nanmin(baseline, axis=0),
/Users/luisdehlwes/Documents/osapiens/makeathon-challenge-2026/solution/src/features/temporal.py:78: RuntimeWarning: All-NaN slice encountered
  "delta_max": np.nanmax(post, axis=0) - np.nanmax(baseline, axis=0),
/Users/luisdehlwes/Documents/osapiens/makeathon-challenge-2026/solution/run_pipeline.py:266: RuntimeWarning: All-NaN slice encountered
  feature_layers.append(np.nan_to_num(np.nanmax(yoy_stack, axis=0), nan=0.0))
/Users/luisdehlwes/Documents/osapiens/makeathon-challenge-2026/.venv/lib/python3.11/site-packages/numpy/lib/nanfunctions.py:1879: RuntimeWarning: Degrees of freedom <= 0 for slice.
  var = nanvar(a, axis=axis, dtype=dtype, out=out, ddof=ddof,
2026-04-18 03:01:04,195 INFO __main__:   18NWH_1_4: 272 features, shape (1002, 1002)
2026-04-18 03:01:04,434 INFO __main__:   18NWH_1_4: fused label — 13673/1004004 positive (1.36%)
2026-04-18 03:01:04,652 INFO __main__:   Sampled 211739 pixels (13673 positive)
2026-04-18 03:01:04,665 INFO __main__: [3/16] Processing 18NWJ_8_9
/Users/luisdehlwes/Documents/osapiens/makeathon-challenge-2026/solution/run_pipeline.py:266: RuntimeWarning: All-NaN slice encountered
  feature_layers.append(np.nan_to_num(np.nanmax(yoy_stack, axis=0), nan=0.0))
/Users/luisdehlwes/Documents/osapiens/makeathon-challenge-2026/.venv/lib/python3.11/site-packages/numpy/lib/nanfunctions.py:1879: RuntimeWarning: Degrees of freedom <= 0 for slice.
  var = nanvar(a, axis=axis, dtype=dtype, out=out, ddof=ddof,
2026-04-18 03:04:09,748 INFO __main__:   18NWJ_8_9: 272 features, shape (1002, 1002)
2026-04-18 03:04:09,979 INFO __main__:   18NWJ_8_9: fused label — 37560/1004004 positive (3.74%)
2026-04-18 03:04:10,217 INFO __main__:   Sampled 230848 pixels (37560 positive)
2026-04-18 03:04:10,230 INFO __main__: [4/16] Processing 18NWM_9_4
/Users/luisdehlwes/Documents/osapiens/makeathon-challenge-2026/.venv/lib/python3.11/site-packages/numpy/lib/nanfunctions.py:1563: RuntimeWarning: All-NaN slice encountered
  return function_base._ureduce(a,
/Users/luisdehlwes/Documents/osapiens/makeathon-challenge-2026/solution/src/features/temporal.py:22: RuntimeWarning: Mean of empty slice
  "mean":   np.nanmean(time_series, axis=0),
/Users/luisdehlwes/Documents/osapiens/makeathon-challenge-2026/.venv/lib/python3.11/site-packages/numpy/lib/nanfunctions.py:1879: RuntimeWarning: Degrees of freedom <= 0 for slice.
  var = nanvar(a, axis=axis, dtype=dtype, out=out, ddof=ddof,
/Users/luisdehlwes/Documents/osapiens/makeathon-challenge-2026/solution/src/features/temporal.py:50: RuntimeWarning: Mean of empty slice
  y_mean = np.nanmean(flat, axis=0)
/Users/luisdehlwes/Documents/osapiens/makeathon-challenge-2026/solution/src/features/temporal.py:51: RuntimeWarning: Mean of empty slice
  cov = np.nanmean((x[:, None] - x_mean) * (flat - y_mean[None, :]), axis=0)
/Users/luisdehlwes/Documents/osapiens/makeathon-challenge-2026/solution/src/features/temporal.py:71: RuntimeWarning: Mean of empty slice
  base_mean = np.nanmean(baseline, axis=0)
/Users/luisdehlwes/Documents/osapiens/makeathon-challenge-2026/solution/src/features/temporal.py:72: RuntimeWarning: Mean of empty slice
  post_mean = np.nanmean(post, axis=0)
/Users/luisdehlwes/Documents/osapiens/makeathon-challenge-2026/solution/src/features/temporal.py:77: RuntimeWarning: All-NaN slice encountered
  "delta_min": np.nanmin(post, axis=0) - np.nanmin(baseline, axis=0),
/Users/luisdehlwes/Documents/osapiens/makeathon-challenge-2026/solution/src/features/temporal.py:78: RuntimeWarning: All-NaN slice encountered
  "delta_max": np.nanmax(post, axis=0) - np.nanmax(baseline, axis=0),
/Users/luisdehlwes/Documents/osapiens/makeathon-challenge-2026/solution/run_pipeline.py:266: RuntimeWarning: All-NaN slice encountered
  feature_layers.append(np.nan_to_num(np.nanmax(yoy_stack, axis=0), nan=0.0))
/Users/luisdehlwes/Documents/osapiens/makeathon-challenge-2026/.venv/lib/python3.11/site-packages/numpy/lib/nanfunctions.py:1879: RuntimeWarning: Degrees of freedom <= 0 for slice.
  var = nanvar(a, axis=axis, dtype=dtype, out=out, ddof=ddof,
2026-04-18 03:04:12,808 INFO __main__:   18NWM_9_4: 272 features, shape (1004, 2)
2026-04-18 03:04:12,825 INFO __main__:   18NWM_9_4: fused label — 0/2008 positive (0.00%)
2026-04-18 03:04:12,825 INFO __main__:   Sampled 401 pixels (0 positive)
2026-04-18 03:04:12,838 INFO __main__: [5/16] Processing 18NXH_6_8
/Users/luisdehlwes/Documents/osapiens/makeathon-challenge-2026/solution/run_pipeline.py:266: RuntimeWarning: All-NaN slice encountered
  feature_layers.append(np.nan_to_num(np.nanmax(yoy_stack, axis=0), nan=0.0))
/Users/luisdehlwes/Documents/osapiens/makeathon-challenge-2026/.venv/lib/python3.11/site-packages/numpy/lib/nanfunctions.py:1879: RuntimeWarning: Degrees of freedom <= 0 for slice.
  var = nanvar(a, axis=axis, dtype=dtype, out=out, ddof=ddof,
2026-04-18 03:07:16,296 INFO __main__:   18NXH_6_8: 272 features, shape (1002, 1002)
2026-04-18 03:07:16,498 INFO __main__:   18NXH_6_8: fused label — 228456/1004004 positive (22.75%)
2026-04-18 03:07:16,885 INFO __main__:   Sampled 383565 pixels (228456 positive)
2026-04-18 03:07:16,898 INFO __main__: [6/16] Processing 18NXJ_7_6
/Users/luisdehlwes/Documents/osapiens/makeathon-challenge-2026/.venv/lib/python3.11/site-packages/numpy/lib/nanfunctions.py:1563: RuntimeWarning: All-NaN slice encountered
  return function_base._ureduce(a,
/Users/luisdehlwes/Documents/osapiens/makeathon-challenge-2026/solution/src/features/temporal.py:22: RuntimeWarning: Mean of empty slice
  "mean":   np.nanmean(time_series, axis=0),
/Users/luisdehlwes/Documents/osapiens/makeathon-challenge-2026/.venv/lib/python3.11/site-packages/numpy/lib/nanfunctions.py:1879: RuntimeWarning: Degrees of freedom <= 0 for slice.
  var = nanvar(a, axis=axis, dtype=dtype, out=out, ddof=ddof,
/Users/luisdehlwes/Documents/osapiens/makeathon-challenge-2026/solution/src/features/temporal.py:50: RuntimeWarning: Mean of empty slice
  y_mean = np.nanmean(flat, axis=0)
/Users/luisdehlwes/Documents/osapiens/makeathon-challenge-2026/solution/src/features/temporal.py:51: RuntimeWarning: Mean of empty slice
  cov = np.nanmean((x[:, None] - x_mean) * (flat - y_mean[None, :]), axis=0)
/Users/luisdehlwes/Documents/osapiens/makeathon-challenge-2026/solution/src/features/temporal.py:71: RuntimeWarning: Mean of empty slice
  base_mean = np.nanmean(baseline, axis=0)
/Users/luisdehlwes/Documents/osapiens/makeathon-challenge-2026/solution/src/features/temporal.py:72: RuntimeWarning: Mean of empty slice
  post_mean = np.nanmean(post, axis=0)
/Users/luisdehlwes/Documents/osapiens/makeathon-challenge-2026/solution/src/features/temporal.py:77: RuntimeWarning: All-NaN slice encountered
  "delta_min": np.nanmin(post, axis=0) - np.nanmin(baseline, axis=0),
/Users/luisdehlwes/Documents/osapiens/makeathon-challenge-2026/solution/src/features/temporal.py:78: RuntimeWarning: All-NaN slice encountered
  "delta_max": np.nanmax(post, axis=0) - np.nanmax(baseline, axis=0),
/Users/luisdehlwes/Documents/osapiens/makeathon-challenge-2026/solution/run_pipeline.py:266: RuntimeWarning: All-NaN slice encountered
  feature_layers.append(np.nan_to_num(np.nanmax(yoy_stack, axis=0), nan=0.0))
/Users/luisdehlwes/Documents/osapiens/makeathon-challenge-2026/.venv/lib/python3.11/site-packages/numpy/lib/nanfunctions.py:1879: RuntimeWarning: Degrees of freedom <= 0 for slice.
  var = nanvar(a, axis=axis, dtype=dtype, out=out, ddof=ddof,
2026-04-18 03:10:20,149 INFO __main__:   18NXJ_7_6: 272 features, shape (1004, 1004)
2026-04-18 03:10:20,435 INFO __main__:   18NXJ_7_6: fused label — 10984/1008016 positive (1.09%)
2026-04-18 03:10:20,651 INFO __main__:   Sampled 210390 pixels (10984 positive)
2026-04-18 03:10:20,666 INFO __main__: [7/16] Processing 18NYH_9_9
/Users/luisdehlwes/Documents/osapiens/makeathon-challenge-2026/solution/src/features/temporal.py:71: RuntimeWarning: Mean of empty slice
  base_mean = np.nanmean(baseline, axis=0)
/Users/luisdehlwes/Documents/osapiens/makeathon-challenge-2026/solution/src/features/temporal.py:77: RuntimeWarning: All-NaN slice encountered
  "delta_min": np.nanmin(post, axis=0) - np.nanmin(baseline, axis=0),
/Users/luisdehlwes/Documents/osapiens/makeathon-challenge-2026/solution/src/features/temporal.py:78: RuntimeWarning: All-NaN slice encountered
  "delta_max": np.nanmax(post, axis=0) - np.nanmax(baseline, axis=0),
/Users/luisdehlwes/Documents/osapiens/makeathon-challenge-2026/solution/run_pipeline.py:266: RuntimeWarning: All-NaN slice encountered
  feature_layers.append(np.nan_to_num(np.nanmax(yoy_stack, axis=0), nan=0.0))
/Users/luisdehlwes/Documents/osapiens/makeathon-challenge-2026/.venv/lib/python3.11/site-packages/numpy/lib/nanfunctions.py:1879: RuntimeWarning: Degrees of freedom <= 0 for slice.
  var = nanvar(a, axis=axis, dtype=dtype, out=out, ddof=ddof,
2026-04-18 03:10:22,793 INFO __main__:   18NYH_9_9: 272 features, shape (6, 4)
2026-04-18 03:10:22,808 INFO __main__:   18NYH_9_9: fused label — 0/24 positive (0.00%)
2026-04-18 03:10:22,808 INFO __main__:   Sampled 4 pixels (0 positive)
2026-04-18 03:10:22,821 INFO __main__: [8/16] Processing 19NBD_4_4
/Users/luisdehlwes/Documents/osapiens/makeathon-challenge-2026/.venv/lib/python3.11/site-packages/numpy/lib/nanfunctions.py:1563: RuntimeWarning: All-NaN slice encountered
  return function_base._ureduce(a,
/Users/luisdehlwes/Documents/osapiens/makeathon-challenge-2026/solution/src/features/temporal.py:22: RuntimeWarning: Mean of empty slice
  "mean":   np.nanmean(time_series, axis=0),
/Users/luisdehlwes/Documents/osapiens/makeathon-challenge-2026/.venv/lib/python3.11/site-packages/numpy/lib/nanfunctions.py:1879: RuntimeWarning: Degrees of freedom <= 0 for slice.
  var = nanvar(a, axis=axis, dtype=dtype, out=out, ddof=ddof,
/Users/luisdehlwes/Documents/osapiens/makeathon-challenge-2026/solution/src/features/temporal.py:50: RuntimeWarning: Mean of empty slice
  y_mean = np.nanmean(flat, axis=0)
/Users/luisdehlwes/Documents/osapiens/makeathon-challenge-2026/solution/src/features/temporal.py:51: RuntimeWarning: Mean of empty slice
  cov = np.nanmean((x[:, None] - x_mean) * (flat - y_mean[None, :]), axis=0)
/Users/luisdehlwes/Documents/osapiens/makeathon-challenge-2026/solution/src/features/temporal.py:71: RuntimeWarning: Mean of empty slice
  base_mean = np.nanmean(baseline, axis=0)
/Users/luisdehlwes/Documents/osapiens/makeathon-challenge-2026/solution/src/features/temporal.py:72: RuntimeWarning: Mean of empty slice
  post_mean = np.nanmean(post, axis=0)
/Users/luisdehlwes/Documents/osapiens/makeathon-challenge-2026/solution/src/features/temporal.py:77: RuntimeWarning: All-NaN slice encountered
  "delta_min": np.nanmin(post, axis=0) - np.nanmin(baseline, axis=0),
/Users/luisdehlwes/Documents/osapiens/makeathon-challenge-2026/solution/src/features/temporal.py:78: RuntimeWarning: All-NaN slice encountered
  "delta_max": np.nanmax(post, axis=0) - np.nanmax(baseline, axis=0),
/Users/luisdehlwes/Documents/osapiens/makeathon-challenge-2026/solution/run_pipeline.py:266: RuntimeWarning: All-NaN slice encountered
  feature_layers.append(np.nan_to_num(np.nanmax(yoy_stack, axis=0), nan=0.0))
/Users/luisdehlwes/Documents/osapiens/makeathon-challenge-2026/.venv/lib/python3.11/site-packages/numpy/lib/nanfunctions.py:1879: RuntimeWarning: Degrees of freedom <= 0 for slice.
  var = nanvar(a, axis=axis, dtype=dtype, out=out, ddof=ddof,
2026-04-18 03:13:23,594 INFO __main__:   19NBD_4_4: 272 features, shape (1006, 1006)
2026-04-18 03:13:23,852 INFO __main__:   19NBD_4_4: fused label — 52776/1012036 positive (5.21%)
2026-04-18 03:13:24,100 INFO __main__:   Sampled 244628 pixels (52776 positive)
2026-04-18 03:13:24,112 INFO __main__: [9/16] Processing 47QMB_0_8
/Users/luisdehlwes/Documents/osapiens/makeathon-challenge-2026/.venv/lib/python3.11/site-packages/numpy/lib/nanfunctions.py:1563: RuntimeWarning: All-NaN slice encountered
  return function_base._ureduce(a,
/Users/luisdehlwes/Documents/osapiens/makeathon-challenge-2026/solution/src/features/temporal.py:22: RuntimeWarning: Mean of empty slice
  "mean":   np.nanmean(time_series, axis=0),
/Users/luisdehlwes/Documents/osapiens/makeathon-challenge-2026/.venv/lib/python3.11/site-packages/numpy/lib/nanfunctions.py:1879: RuntimeWarning: Degrees of freedom <= 0 for slice.
  var = nanvar(a, axis=axis, dtype=dtype, out=out, ddof=ddof,
/Users/luisdehlwes/Documents/osapiens/makeathon-challenge-2026/solution/src/features/temporal.py:50: RuntimeWarning: Mean of empty slice
  y_mean = np.nanmean(flat, axis=0)
/Users/luisdehlwes/Documents/osapiens/makeathon-challenge-2026/solution/src/features/temporal.py:51: RuntimeWarning: Mean of empty slice
  cov = np.nanmean((x[:, None] - x_mean) * (flat - y_mean[None, :]), axis=0)
/Users/luisdehlwes/Documents/osapiens/makeathon-challenge-2026/solution/src/features/temporal.py:71: RuntimeWarning: Mean of empty slice
  base_mean = np.nanmean(baseline, axis=0)
/Users/luisdehlwes/Documents/osapiens/makeathon-challenge-2026/solution/src/features/temporal.py:72: RuntimeWarning: Mean of empty slice
  post_mean = np.nanmean(post, axis=0)
/Users/luisdehlwes/Documents/osapiens/makeathon-challenge-2026/solution/src/features/temporal.py:77: RuntimeWarning: All-NaN slice encountered
  "delta_min": np.nanmin(post, axis=0) - np.nanmin(baseline, axis=0),
/Users/luisdehlwes/Documents/osapiens/makeathon-challenge-2026/solution/src/features/temporal.py:78: RuntimeWarning: All-NaN slice encountered
  "delta_max": np.nanmax(post, axis=0) - np.nanmax(baseline, axis=0),
/Users/luisdehlwes/Documents/osapiens/makeathon-challenge-2026/solution/run_pipeline.py:266: RuntimeWarning: All-NaN slice encountered
  feature_layers.append(np.nan_to_num(np.nanmax(yoy_stack, axis=0), nan=0.0))
/Users/luisdehlwes/Documents/osapiens/makeathon-challenge-2026/.venv/lib/python3.11/site-packages/numpy/lib/nanfunctions.py:1879: RuntimeWarning: Degrees of freedom <= 0 for slice.
  var = nanvar(a, axis=axis, dtype=dtype, out=out, ddof=ddof,
2026-04-18 03:16:29,591 INFO __main__:   47QMB_0_8: 272 features, shape (1012, 986)
2026-04-18 03:16:29,848 INFO rasterio._env: GDAL signalled an error: err_no=4, msg='/Users/luisdehlwes/Documents/osapiens/makeathon-challenge-2026/data/makeathon-challenge/labels/train/glads2/glads2_47QMB_0_8_alert.tif: No such file or directory'
2026-04-18 03:16:29,883 INFO __main__:   47QMB_0_8: fused label — 14125/997832 positive (1.42%)
2026-04-18 03:16:30,103 INFO __main__:   Sampled 210866 pixels (14125 positive)
2026-04-18 03:16:30,125 INFO __main__: [10/16] Processing 47QQV_2_4
/Users/luisdehlwes/Documents/osapiens/makeathon-challenge-2026/.venv/lib/python3.11/site-packages/numpy/lib/nanfunctions.py:1563: RuntimeWarning: All-NaN slice encountered
  return function_base._ureduce(a,
/Users/luisdehlwes/Documents/osapiens/makeathon-challenge-2026/solution/src/features/temporal.py:22: RuntimeWarning: Mean of empty slice
  "mean":   np.nanmean(time_series, axis=0),
/Users/luisdehlwes/Documents/osapiens/makeathon-challenge-2026/.venv/lib/python3.11/site-packages/numpy/lib/nanfunctions.py:1879: RuntimeWarning: Degrees of freedom <= 0 for slice.
  var = nanvar(a, axis=axis, dtype=dtype, out=out, ddof=ddof,
/Users/luisdehlwes/Documents/osapiens/makeathon-challenge-2026/solution/src/features/temporal.py:50: RuntimeWarning: Mean of empty slice
  y_mean = np.nanmean(flat, axis=0)
/Users/luisdehlwes/Documents/osapiens/makeathon-challenge-2026/solution/src/features/temporal.py:51: RuntimeWarning: Mean of empty slice
  cov = np.nanmean((x[:, None] - x_mean) * (flat - y_mean[None, :]), axis=0)
/Users/luisdehlwes/Documents/osapiens/makeathon-challenge-2026/solution/src/features/temporal.py:71: RuntimeWarning: Mean of empty slice
  base_mean = np.nanmean(baseline, axis=0)
/Users/luisdehlwes/Documents/osapiens/makeathon-challenge-2026/solution/src/features/temporal.py:72: RuntimeWarning: Mean of empty slice
  post_mean = np.nanmean(post, axis=0)
/Users/luisdehlwes/Documents/osapiens/makeathon-challenge-2026/solution/src/features/temporal.py:77: RuntimeWarning: All-NaN slice encountered
  "delta_min": np.nanmin(post, axis=0) - np.nanmin(baseline, axis=0),
/Users/luisdehlwes/Documents/osapiens/makeathon-challenge-2026/solution/src/features/temporal.py:78: RuntimeWarning: All-NaN slice encountered
  "delta_max": np.nanmax(post, axis=0) - np.nanmax(baseline, axis=0),
/Users/luisdehlwes/Documents/osapiens/makeathon-challenge-2026/solution/run_pipeline.py:266: RuntimeWarning: All-NaN slice encountered
  feature_layers.append(np.nan_to_num(np.nanmax(yoy_stack, axis=0), nan=0.0))
/Users/luisdehlwes/Documents/osapiens/makeathon-challenge-2026/.venv/lib/python3.11/site-packages/numpy/lib/nanfunctions.py:1879: RuntimeWarning: Degrees of freedom <= 0 for slice.
  var = nanvar(a, axis=axis, dtype=dtype, out=out, ddof=ddof,
2026-04-18 03:19:44,735 INFO __main__:   47QQV_2_4: 272 features, shape (1024, 1023)
2026-04-18 03:19:45,038 INFO rasterio._env: GDAL signalled an error: err_no=4, msg='/Users/luisdehlwes/Documents/osapiens/makeathon-challenge-2026/data/makeathon-challenge/labels/train/glads2/glads2_47QQV_2_4_alert.tif: No such file or directory'
2026-04-18 03:19:45,077 INFO __main__:   47QQV_2_4: fused label — 14389/1047552 positive (1.37%)
2026-04-18 03:19:45,313 INFO __main__:   Sampled 221021 pixels (14389 positive)
2026-04-18 03:19:45,333 INFO __main__: [11/16] Processing 48PUT_0_8
/Users/luisdehlwes/Documents/osapiens/makeathon-challenge-2026/.venv/lib/python3.11/site-packages/numpy/lib/nanfunctions.py:1563: RuntimeWarning: All-NaN slice encountered
  return function_base._ureduce(a,
/Users/luisdehlwes/Documents/osapiens/makeathon-challenge-2026/solution/src/features/temporal.py:22: RuntimeWarning: Mean of empty slice
  "mean":   np.nanmean(time_series, axis=0),
/Users/luisdehlwes/Documents/osapiens/makeathon-challenge-2026/.venv/lib/python3.11/site-packages/numpy/lib/nanfunctions.py:1879: RuntimeWarning: Degrees of freedom <= 0 for slice.
  var = nanvar(a, axis=axis, dtype=dtype, out=out, ddof=ddof,
/Users/luisdehlwes/Documents/osapiens/makeathon-challenge-2026/solution/src/features/temporal.py:50: RuntimeWarning: Mean of empty slice
  y_mean = np.nanmean(flat, axis=0)
/Users/luisdehlwes/Documents/osapiens/makeathon-challenge-2026/solution/src/features/temporal.py:51: RuntimeWarning: Mean of empty slice
  cov = np.nanmean((x[:, None] - x_mean) * (flat - y_mean[None, :]), axis=0)
/Users/luisdehlwes/Documents/osapiens/makeathon-challenge-2026/solution/src/features/temporal.py:71: RuntimeWarning: Mean of empty slice
  base_mean = np.nanmean(baseline, axis=0)
/Users/luisdehlwes/Documents/osapiens/makeathon-challenge-2026/solution/src/features/temporal.py:72: RuntimeWarning: Mean of empty slice
  post_mean = np.nanmean(post, axis=0)
/Users/luisdehlwes/Documents/osapiens/makeathon-challenge-2026/solution/src/features/temporal.py:77: RuntimeWarning: All-NaN slice encountered
  "delta_min": np.nanmin(post, axis=0) - np.nanmin(baseline, axis=0),
/Users/luisdehlwes/Documents/osapiens/makeathon-challenge-2026/solution/src/features/temporal.py:78: RuntimeWarning: All-NaN slice encountered
  "delta_max": np.nanmax(post, axis=0) - np.nanmax(baseline, axis=0),
/Users/luisdehlwes/Documents/osapiens/makeathon-challenge-2026/solution/run_pipeline.py:266: RuntimeWarning: All-NaN slice encountered
  feature_layers.append(np.nan_to_num(np.nanmax(yoy_stack, axis=0), nan=0.0))
/Users/luisdehlwes/Documents/osapiens/makeathon-challenge-2026/.venv/lib/python3.11/site-packages/numpy/lib/nanfunctions.py:1879: RuntimeWarning: Degrees of freedom <= 0 for slice.
  var = nanvar(a, axis=axis, dtype=dtype, out=out, ddof=ddof,
2026-04-18 03:22:55,042 INFO __main__:   48PUT_0_8: 272 features, shape (1012, 1006)
2026-04-18 03:22:55,259 INFO rasterio._env: GDAL signalled an error: err_no=4, msg='/Users/luisdehlwes/Documents/osapiens/makeathon-challenge-2026/data/makeathon-challenge/labels/train/glads2/glads2_48PUT_0_8_alert.tif: No such file or directory'
2026-04-18 03:22:55,294 INFO __main__:   48PUT_0_8: fused label — 115306/1018072 positive (11.33%)
2026-04-18 03:22:55,594 INFO __main__:   Sampled 295859 pixels (115306 positive)
2026-04-18 03:22:55,607 INFO __main__: [12/16] Processing 48PWV_7_8
/Users/luisdehlwes/Documents/osapiens/makeathon-challenge-2026/.venv/lib/python3.11/site-packages/numpy/lib/nanfunctions.py:1563: RuntimeWarning: All-NaN slice encountered
  return function_base._ureduce(a,
/Users/luisdehlwes/Documents/osapiens/makeathon-challenge-2026/solution/src/features/temporal.py:22: RuntimeWarning: Mean of empty slice
  "mean":   np.nanmean(time_series, axis=0),
/Users/luisdehlwes/Documents/osapiens/makeathon-challenge-2026/.venv/lib/python3.11/site-packages/numpy/lib/nanfunctions.py:1879: RuntimeWarning: Degrees of freedom <= 0 for slice.
  var = nanvar(a, axis=axis, dtype=dtype, out=out, ddof=ddof,
/Users/luisdehlwes/Documents/osapiens/makeathon-challenge-2026/solution/src/features/temporal.py:50: RuntimeWarning: Mean of empty slice
  y_mean = np.nanmean(flat, axis=0)
/Users/luisdehlwes/Documents/osapiens/makeathon-challenge-2026/solution/src/features/temporal.py:51: RuntimeWarning: Mean of empty slice
  cov = np.nanmean((x[:, None] - x_mean) * (flat - y_mean[None, :]), axis=0)
/Users/luisdehlwes/Documents/osapiens/makeathon-challenge-2026/solution/src/features/temporal.py:71: RuntimeWarning: Mean of empty slice
  base_mean = np.nanmean(baseline, axis=0)
/Users/luisdehlwes/Documents/osapiens/makeathon-challenge-2026/solution/src/features/temporal.py:72: RuntimeWarning: Mean of empty slice
  post_mean = np.nanmean(post, axis=0)
/Users/luisdehlwes/Documents/osapiens/makeathon-challenge-2026/solution/src/features/temporal.py:77: RuntimeWarning: All-NaN slice encountered
  "delta_min": np.nanmin(post, axis=0) - np.nanmin(baseline, axis=0),
/Users/luisdehlwes/Documents/osapiens/makeathon-challenge-2026/solution/src/features/temporal.py:78: RuntimeWarning: All-NaN slice encountered
  "delta_max": np.nanmax(post, axis=0) - np.nanmax(baseline, axis=0),
/Users/luisdehlwes/Documents/osapiens/makeathon-challenge-2026/solution/run_pipeline.py:266: RuntimeWarning: All-NaN slice encountered
  feature_layers.append(np.nan_to_num(np.nanmax(yoy_stack, axis=0), nan=0.0))
/Users/luisdehlwes/Documents/osapiens/makeathon-challenge-2026/.venv/lib/python3.11/site-packages/numpy/lib/nanfunctions.py:1879: RuntimeWarning: Degrees of freedom <= 0 for slice.
  var = nanvar(a, axis=axis, dtype=dtype, out=out, ddof=ddof,
2026-04-18 03:26:03,901 INFO __main__:   48PWV_7_8: 272 features, shape (1006, 1006)
2026-04-18 03:26:04,193 INFO rasterio._env: GDAL signalled an error: err_no=4, msg='/Users/luisdehlwes/Documents/osapiens/makeathon-challenge-2026/data/makeathon-challenge/labels/train/glads2/glads2_48PWV_7_8_alert.tif: No such file or directory'
2026-04-18 03:26:04,229 INFO __main__:   48PWV_7_8: fused label — 544498/1012036 positive (53.80%)
2026-04-18 03:26:04,876 INFO __main__:   Sampled 638005 pixels (544498 positive)
2026-04-18 03:26:04,891 INFO __main__: [13/16] Processing 48PXC_7_7
/Users/luisdehlwes/Documents/osapiens/makeathon-challenge-2026/.venv/lib/python3.11/site-packages/numpy/lib/nanfunctions.py:1563: RuntimeWarning: All-NaN slice encountered
  return function_base._ureduce(a,
/Users/luisdehlwes/Documents/osapiens/makeathon-challenge-2026/solution/src/features/temporal.py:22: RuntimeWarning: Mean of empty slice
  "mean":   np.nanmean(time_series, axis=0),
/Users/luisdehlwes/Documents/osapiens/makeathon-challenge-2026/.venv/lib/python3.11/site-packages/numpy/lib/nanfunctions.py:1879: RuntimeWarning: Degrees of freedom <= 0 for slice.
  var = nanvar(a, axis=axis, dtype=dtype, out=out, ddof=ddof,
/Users/luisdehlwes/Documents/osapiens/makeathon-challenge-2026/solution/src/features/temporal.py:50: RuntimeWarning: Mean of empty slice
  y_mean = np.nanmean(flat, axis=0)
/Users/luisdehlwes/Documents/osapiens/makeathon-challenge-2026/solution/src/features/temporal.py:51: RuntimeWarning: Mean of empty slice
  cov = np.nanmean((x[:, None] - x_mean) * (flat - y_mean[None, :]), axis=0)
/Users/luisdehlwes/Documents/osapiens/makeathon-challenge-2026/solution/src/features/temporal.py:71: RuntimeWarning: Mean of empty slice
  base_mean = np.nanmean(baseline, axis=0)
/Users/luisdehlwes/Documents/osapiens/makeathon-challenge-2026/solution/src/features/temporal.py:72: RuntimeWarning: Mean of empty slice
  post_mean = np.nanmean(post, axis=0)
/Users/luisdehlwes/Documents/osapiens/makeathon-challenge-2026/solution/src/features/temporal.py:77: RuntimeWarning: All-NaN slice encountered
  "delta_min": np.nanmin(post, axis=0) - np.nanmin(baseline, axis=0),
/Users/luisdehlwes/Documents/osapiens/makeathon-challenge-2026/solution/src/features/temporal.py:78: RuntimeWarning: All-NaN slice encountered
  "delta_max": np.nanmax(post, axis=0) - np.nanmax(baseline, axis=0),
/Users/luisdehlwes/Documents/osapiens/makeathon-challenge-2026/solution/run_pipeline.py:266: RuntimeWarning: All-NaN slice encountered
  feature_layers.append(np.nan_to_num(np.nanmax(yoy_stack, axis=0), nan=0.0))
/Users/luisdehlwes/Documents/osapiens/makeathon-challenge-2026/.venv/lib/python3.11/site-packages/numpy/lib/nanfunctions.py:1879: RuntimeWarning: Degrees of freedom <= 0 for slice.
  var = nanvar(a, axis=axis, dtype=dtype, out=out, ddof=ddof,
2026-04-18 03:29:14,772 INFO __main__:   48PXC_7_7: 272 features, shape (1016, 1016)
2026-04-18 03:29:15,006 INFO rasterio._env: GDAL signalled an error: err_no=4, msg='/Users/luisdehlwes/Documents/osapiens/makeathon-challenge-2026/data/makeathon-challenge/labels/train/glads2/glads2_48PXC_7_7_alert.tif: No such file or directory'
2026-04-18 03:29:15,044 INFO __main__:   48PXC_7_7: fused label — 173088/1032256 positive (16.77%)
2026-04-18 03:29:15,393 INFO __main__:   Sampled 344921 pixels (173088 positive)
2026-04-18 03:29:15,406 INFO __main__: [14/16] Processing 48PYB_3_6
/Users/luisdehlwes/Documents/osapiens/makeathon-challenge-2026/.venv/lib/python3.11/site-packages/numpy/lib/nanfunctions.py:1563: RuntimeWarning: All-NaN slice encountered
  return function_base._ureduce(a,
/Users/luisdehlwes/Documents/osapiens/makeathon-challenge-2026/solution/src/features/temporal.py:22: RuntimeWarning: Mean of empty slice
  "mean":   np.nanmean(time_series, axis=0),
/Users/luisdehlwes/Documents/osapiens/makeathon-challenge-2026/.venv/lib/python3.11/site-packages/numpy/lib/nanfunctions.py:1879: RuntimeWarning: Degrees of freedom <= 0 for slice.
  var = nanvar(a, axis=axis, dtype=dtype, out=out, ddof=ddof,
/Users/luisdehlwes/Documents/osapiens/makeathon-challenge-2026/solution/src/features/temporal.py:50: RuntimeWarning: Mean of empty slice
  y_mean = np.nanmean(flat, axis=0)
/Users/luisdehlwes/Documents/osapiens/makeathon-challenge-2026/solution/src/features/temporal.py:51: RuntimeWarning: Mean of empty slice
  cov = np.nanmean((x[:, None] - x_mean) * (flat - y_mean[None, :]), axis=0)
/Users/luisdehlwes/Documents/osapiens/makeathon-challenge-2026/solution/src/features/temporal.py:71: RuntimeWarning: Mean of empty slice
  base_mean = np.nanmean(baseline, axis=0)
/Users/luisdehlwes/Documents/osapiens/makeathon-challenge-2026/solution/src/features/temporal.py:72: RuntimeWarning: Mean of empty slice
  post_mean = np.nanmean(post, axis=0)
/Users/luisdehlwes/Documents/osapiens/makeathon-challenge-2026/solution/src/features/temporal.py:77: RuntimeWarning: All-NaN slice encountered
  "delta_min": np.nanmin(post, axis=0) - np.nanmin(baseline, axis=0),
/Users/luisdehlwes/Documents/osapiens/makeathon-challenge-2026/solution/src/features/temporal.py:78: RuntimeWarning: All-NaN slice encountered
  "delta_max": np.nanmax(post, axis=0) - np.nanmax(baseline, axis=0),
/Users/luisdehlwes/Documents/osapiens/makeathon-challenge-2026/solution/run_pipeline.py:266: RuntimeWarning: All-NaN slice encountered
  feature_layers.append(np.nan_to_num(np.nanmax(yoy_stack, axis=0), nan=0.0))
/Users/luisdehlwes/Documents/osapiens/makeathon-challenge-2026/.venv/lib/python3.11/site-packages/numpy/lib/nanfunctions.py:1879: RuntimeWarning: Degrees of freedom <= 0 for slice.
  var = nanvar(a, axis=axis, dtype=dtype, out=out, ddof=ddof,
2026-04-18 03:32:26,141 INFO __main__:   48PYB_3_6: 272 features, shape (1020, 1020)
2026-04-18 03:32:26,339 INFO rasterio._env: GDAL signalled an error: err_no=4, msg='/Users/luisdehlwes/Documents/osapiens/makeathon-challenge-2026/data/makeathon-challenge/labels/train/glads2/glads2_48PYB_3_6_alert.tif: No such file or directory'
2026-04-18 03:32:26,378 INFO __main__:   48PYB_3_6: fused label — 256650/1040400 positive (24.67%)
2026-04-18 03:32:26,800 INFO __main__:   Sampled 413400 pixels (256650 positive)
2026-04-18 03:32:26,815 INFO __main__: [15/16] Processing 48QVE_3_0
/Users/luisdehlwes/Documents/osapiens/makeathon-challenge-2026/.venv/lib/python3.11/site-packages/numpy/lib/nanfunctions.py:1563: RuntimeWarning: All-NaN slice encountered
  return function_base._ureduce(a,
/Users/luisdehlwes/Documents/osapiens/makeathon-challenge-2026/solution/src/features/temporal.py:22: RuntimeWarning: Mean of empty slice
  "mean":   np.nanmean(time_series, axis=0),
/Users/luisdehlwes/Documents/osapiens/makeathon-challenge-2026/.venv/lib/python3.11/site-packages/numpy/lib/nanfunctions.py:1879: RuntimeWarning: Degrees of freedom <= 0 for slice.
  var = nanvar(a, axis=axis, dtype=dtype, out=out, ddof=ddof,
/Users/luisdehlwes/Documents/osapiens/makeathon-challenge-2026/solution/src/features/temporal.py:50: RuntimeWarning: Mean of empty slice
  y_mean = np.nanmean(flat, axis=0)
/Users/luisdehlwes/Documents/osapiens/makeathon-challenge-2026/solution/src/features/temporal.py:51: RuntimeWarning: Mean of empty slice
  cov = np.nanmean((x[:, None] - x_mean) * (flat - y_mean[None, :]), axis=0)
/Users/luisdehlwes/Documents/osapiens/makeathon-challenge-2026/solution/src/features/temporal.py:71: RuntimeWarning: Mean of empty slice
  base_mean = np.nanmean(baseline, axis=0)
/Users/luisdehlwes/Documents/osapiens/makeathon-challenge-2026/solution/src/features/temporal.py:72: RuntimeWarning: Mean of empty slice
  post_mean = np.nanmean(post, axis=0)
/Users/luisdehlwes/Documents/osapiens/makeathon-challenge-2026/solution/src/features/temporal.py:77: RuntimeWarning: All-NaN slice encountered
  "delta_min": np.nanmin(post, axis=0) - np.nanmin(baseline, axis=0),
/Users/luisdehlwes/Documents/osapiens/makeathon-challenge-2026/solution/src/features/temporal.py:78: RuntimeWarning: All-NaN slice encountered
  "delta_max": np.nanmax(post, axis=0) - np.nanmax(baseline, axis=0),
/Users/luisdehlwes/Documents/osapiens/makeathon-challenge-2026/solution/run_pipeline.py:266: RuntimeWarning: All-NaN slice encountered
  feature_layers.append(np.nan_to_num(np.nanmax(yoy_stack, axis=0), nan=0.0))
/Users/luisdehlwes/Documents/osapiens/makeathon-challenge-2026/.venv/lib/python3.11/site-packages/numpy/lib/nanfunctions.py:1879: RuntimeWarning: Degrees of freedom <= 0 for slice.
  var = nanvar(a, axis=axis, dtype=dtype, out=out, ddof=ddof,
2026-04-18 03:35:34,512 INFO __main__:   48QVE_3_0: 272 features, shape (1008, 1008)
2026-04-18 03:35:34,772 INFO rasterio._env: GDAL signalled an error: err_no=4, msg='/Users/luisdehlwes/Documents/osapiens/makeathon-challenge-2026/data/makeathon-challenge/labels/train/glads2/glads2_48QVE_3_0_alert.tif: No such file or directory'
2026-04-18 03:35:34,809 INFO __main__:   48QVE_3_0: fused label — 198555/1016064 positive (19.54%)
2026-04-18 03:35:35,178 INFO __main__:   Sampled 362056 pixels (198555 positive)
2026-04-18 03:35:35,190 INFO __main__: [16/16] Processing 48QWD_2_2
/Users/luisdehlwes/Documents/osapiens/makeathon-challenge-2026/.venv/lib/python3.11/site-packages/numpy/lib/nanfunctions.py:1563: RuntimeWarning: All-NaN slice encountered
  return function_base._ureduce(a,
/Users/luisdehlwes/Documents/osapiens/makeathon-challenge-2026/solution/src/features/temporal.py:22: RuntimeWarning: Mean of empty slice
  "mean":   np.nanmean(time_series, axis=0),
/Users/luisdehlwes/Documents/osapiens/makeathon-challenge-2026/.venv/lib/python3.11/site-packages/numpy/lib/nanfunctions.py:1879: RuntimeWarning: Degrees of freedom <= 0 for slice.
  var = nanvar(a, axis=axis, dtype=dtype, out=out, ddof=ddof,
/Users/luisdehlwes/Documents/osapiens/makeathon-challenge-2026/solution/src/features/temporal.py:50: RuntimeWarning: Mean of empty slice
  y_mean = np.nanmean(flat, axis=0)
/Users/luisdehlwes/Documents/osapiens/makeathon-challenge-2026/solution/src/features/temporal.py:51: RuntimeWarning: Mean of empty slice
  cov = np.nanmean((x[:, None] - x_mean) * (flat - y_mean[None, :]), axis=0)
/Users/luisdehlwes/Documents/osapiens/makeathon-challenge-2026/solution/src/features/temporal.py:71: RuntimeWarning: Mean of empty slice
  base_mean = np.nanmean(baseline, axis=0)
/Users/luisdehlwes/Documents/osapiens/makeathon-challenge-2026/solution/src/features/temporal.py:72: RuntimeWarning: Mean of empty slice
  post_mean = np.nanmean(post, axis=0)
/Users/luisdehlwes/Documents/osapiens/makeathon-challenge-2026/solution/src/features/temporal.py:77: RuntimeWarning: All-NaN slice encountered
  "delta_min": np.nanmin(post, axis=0) - np.nanmin(baseline, axis=0),
/Users/luisdehlwes/Documents/osapiens/makeathon-challenge-2026/solution/src/features/temporal.py:78: RuntimeWarning: All-NaN slice encountered
  "delta_max": np.nanmax(post, axis=0) - np.nanmax(baseline, axis=0),
/Users/luisdehlwes/Documents/osapiens/makeathon-challenge-2026/solution/run_pipeline.py:266: RuntimeWarning: All-NaN slice encountered
  feature_layers.append(np.nan_to_num(np.nanmax(yoy_stack, axis=0), nan=0.0))
/Users/luisdehlwes/Documents/osapiens/makeathon-challenge-2026/.venv/lib/python3.11/site-packages/numpy/lib/nanfunctions.py:1879: RuntimeWarning: Degrees of freedom <= 0 for slice.
  var = nanvar(a, axis=axis, dtype=dtype, out=out, ddof=ddof,
2026-04-18 03:38:41,508 INFO __main__:   48QWD_2_2: 272 features, shape (1004, 1003)
2026-04-18 03:38:41,803 INFO rasterio._env: GDAL signalled an error: err_no=4, msg='/Users/luisdehlwes/Documents/osapiens/makeathon-challenge-2026/data/makeathon-challenge/labels/train/glads2/glads2_48QWD_2_2_alert.tif: No such file or directory'
2026-04-18 03:38:41,838 INFO __main__:   48QWD_2_2: fused label — 189078/1007012 positive (18.78%)
2026-04-18 03:38:42,194 INFO __main__:   Sampled 352664 pixels (189078 positive)
2026-04-18 03:38:42,981 INFO __main__: 
Total training pixels: 4536979 (272 features)
2026-04-18 03:38:42,983 INFO __main__: Positive rate: 0.4670
2026-04-18 03:38:42,983 INFO __main__: 
── Step 3: Training LightGBM ──
2026-04-18 03:38:44,229 INFO __main__: Train: 3629583 | Val: 907396
2026-04-18 04:02:02,810 INFO __main__: Model saved to /Users/luisdehlwes/Documents/osapiens/makeathon-challenge-2026/solution/outputs/lgbm_model.pkl
2026-04-18 04:02:36,897 INFO __main__: Validation: F1=0.9680 | Precision=0.9583 | Recall=0.9780 | Threshold=0.56
2026-04-18 04:02:36,957 INFO __main__: 
── Step 4: Inference on Test Tiles ──
2026-04-18 04:02:36,957 INFO __main__: [1/5] Predicting 18NVJ_1_6
/Users/luisdehlwes/Documents/osapiens/makeathon-challenge-2026/.venv/lib/python3.11/site-packages/numpy/lib/nanfunctions.py:1563: RuntimeWarning: All-NaN slice encountered
  return function_base._ureduce(a,
/Users/luisdehlwes/Documents/osapiens/makeathon-challenge-2026/solution/src/features/temporal.py:22: RuntimeWarning: Mean of empty slice
  "mean":   np.nanmean(time_series, axis=0),
/Users/luisdehlwes/Documents/osapiens/makeathon-challenge-2026/.venv/lib/python3.11/site-packages/numpy/lib/nanfunctions.py:1879: RuntimeWarning: Degrees of freedom <= 0 for slice.
  var = nanvar(a, axis=axis, dtype=dtype, out=out, ddof=ddof,
/Users/luisdehlwes/Documents/osapiens/makeathon-challenge-2026/solution/src/features/temporal.py:50: RuntimeWarning: Mean of empty slice
  y_mean = np.nanmean(flat, axis=0)
/Users/luisdehlwes/Documents/osapiens/makeathon-challenge-2026/solution/src/features/temporal.py:51: RuntimeWarning: Mean of empty slice
  cov = np.nanmean((x[:, None] - x_mean) * (flat - y_mean[None, :]), axis=0)
/Users/luisdehlwes/Documents/osapiens/makeathon-challenge-2026/solution/src/features/temporal.py:71: RuntimeWarning: Mean of empty slice
  base_mean = np.nanmean(baseline, axis=0)
/Users/luisdehlwes/Documents/osapiens/makeathon-challenge-2026/solution/src/features/temporal.py:72: RuntimeWarning: Mean of empty slice
  post_mean = np.nanmean(post, axis=0)
/Users/luisdehlwes/Documents/osapiens/makeathon-challenge-2026/solution/src/features/temporal.py:77: RuntimeWarning: All-NaN slice encountered
  "delta_min": np.nanmin(post, axis=0) - np.nanmin(baseline, axis=0),
/Users/luisdehlwes/Documents/osapiens/makeathon-challenge-2026/solution/src/features/temporal.py:78: RuntimeWarning: All-NaN slice encountered
  "delta_max": np.nanmax(post, axis=0) - np.nanmax(baseline, axis=0),
/Users/luisdehlwes/Documents/osapiens/makeathon-challenge-2026/solution/run_pipeline.py:266: RuntimeWarning: All-NaN slice encountered
  feature_layers.append(np.nan_to_num(np.nanmax(yoy_stack, axis=0), nan=0.0))
/Users/luisdehlwes/Documents/osapiens/makeathon-challenge-2026/.venv/lib/python3.11/site-packages/numpy/lib/nanfunctions.py:1879: RuntimeWarning: Degrees of freedom <= 0 for slice.
  var = nanvar(a, axis=axis, dtype=dtype, out=out, ddof=ddof,
2026-04-18 04:05:46,803 INFO __main__:   18NVJ_1_6: 272 features, shape (1002, 1002)
2026-04-18 04:06:13,566 INFO solution.src.inference.predict: Saved prediction: /Users/luisdehlwes/Documents/osapiens/makeathon-challenge-2026/solution/outputs/predictions/pred_18NVJ_1_6.tif
2026-04-18 04:06:13,566 INFO __main__:   18NVJ_1_6: 0 deforestation pixels (0.00%)
2026-04-18 04:06:13,588 INFO __main__: [2/5] Predicting 18NYH_2_1
/Users/luisdehlwes/Documents/osapiens/makeathon-challenge-2026/.venv/lib/python3.11/site-packages/numpy/lib/nanfunctions.py:1563: RuntimeWarning: All-NaN slice encountered
  return function_base._ureduce(a,
/Users/luisdehlwes/Documents/osapiens/makeathon-challenge-2026/solution/src/features/temporal.py:22: RuntimeWarning: Mean of empty slice
  "mean":   np.nanmean(time_series, axis=0),
/Users/luisdehlwes/Documents/osapiens/makeathon-challenge-2026/.venv/lib/python3.11/site-packages/numpy/lib/nanfunctions.py:1879: RuntimeWarning: Degrees of freedom <= 0 for slice.
  var = nanvar(a, axis=axis, dtype=dtype, out=out, ddof=ddof,
/Users/luisdehlwes/Documents/osapiens/makeathon-challenge-2026/solution/src/features/temporal.py:50: RuntimeWarning: Mean of empty slice
  y_mean = np.nanmean(flat, axis=0)
/Users/luisdehlwes/Documents/osapiens/makeathon-challenge-2026/solution/src/features/temporal.py:51: RuntimeWarning: Mean of empty slice
  cov = np.nanmean((x[:, None] - x_mean) * (flat - y_mean[None, :]), axis=0)
/Users/luisdehlwes/Documents/osapiens/makeathon-challenge-2026/solution/src/features/temporal.py:71: RuntimeWarning: Mean of empty slice
  base_mean = np.nanmean(baseline, axis=0)
/Users/luisdehlwes/Documents/osapiens/makeathon-challenge-2026/solution/src/features/temporal.py:72: RuntimeWarning: Mean of empty slice
  post_mean = np.nanmean(post, axis=0)
/Users/luisdehlwes/Documents/osapiens/makeathon-challenge-2026/solution/src/features/temporal.py:77: RuntimeWarning: All-NaN slice encountered
  "delta_min": np.nanmin(post, axis=0) - np.nanmin(baseline, axis=0),
/Users/luisdehlwes/Documents/osapiens/makeathon-challenge-2026/solution/src/features/temporal.py:78: RuntimeWarning: All-NaN slice encountered
  "delta_max": np.nanmax(post, axis=0) - np.nanmax(baseline, axis=0),
/Users/luisdehlwes/Documents/osapiens/makeathon-challenge-2026/solution/run_pipeline.py:266: RuntimeWarning: All-NaN slice encountered
  feature_layers.append(np.nan_to_num(np.nanmax(yoy_stack, axis=0), nan=0.0))
/Users/luisdehlwes/Documents/osapiens/makeathon-challenge-2026/.venv/lib/python3.11/site-packages/numpy/lib/nanfunctions.py:1879: RuntimeWarning: Degrees of freedom <= 0 for slice.
  var = nanvar(a, axis=axis, dtype=dtype, out=out, ddof=ddof,
2026-04-18 04:09:24,135 INFO __main__:   18NYH_2_1: 272 features, shape (1004, 1004)
2026-04-18 04:09:52,966 INFO solution.src.inference.predict: Saved prediction: /Users/luisdehlwes/Documents/osapiens/makeathon-challenge-2026/solution/outputs/predictions/pred_18NYH_2_1.tif
2026-04-18 04:09:52,967 INFO __main__:   18NYH_2_1: 80699 deforestation pixels (8.01%)
2026-04-18 04:09:52,986 INFO __main__: [3/5] Predicting 33NTE_5_1
/Users/luisdehlwes/Documents/osapiens/makeathon-challenge-2026/.venv/lib/python3.11/site-packages/numpy/lib/nanfunctions.py:1563: RuntimeWarning: All-NaN slice encountered
  return function_base._ureduce(a,
/Users/luisdehlwes/Documents/osapiens/makeathon-challenge-2026/solution/src/features/temporal.py:22: RuntimeWarning: Mean of empty slice
  "mean":   np.nanmean(time_series, axis=0),
/Users/luisdehlwes/Documents/osapiens/makeathon-challenge-2026/.venv/lib/python3.11/site-packages/numpy/lib/nanfunctions.py:1879: RuntimeWarning: Degrees of freedom <= 0 for slice.
  var = nanvar(a, axis=axis, dtype=dtype, out=out, ddof=ddof,
/Users/luisdehlwes/Documents/osapiens/makeathon-challenge-2026/solution/src/features/temporal.py:50: RuntimeWarning: Mean of empty slice
  y_mean = np.nanmean(flat, axis=0)
/Users/luisdehlwes/Documents/osapiens/makeathon-challenge-2026/solution/src/features/temporal.py:51: RuntimeWarning: Mean of empty slice
  cov = np.nanmean((x[:, None] - x_mean) * (flat - y_mean[None, :]), axis=0)
/Users/luisdehlwes/Documents/osapiens/makeathon-challenge-2026/solution/src/features/temporal.py:71: RuntimeWarning: Mean of empty slice
  base_mean = np.nanmean(baseline, axis=0)
/Users/luisdehlwes/Documents/osapiens/makeathon-challenge-2026/solution/src/features/temporal.py:72: RuntimeWarning: Mean of empty slice
  post_mean = np.nanmean(post, axis=0)
/Users/luisdehlwes/Documents/osapiens/makeathon-challenge-2026/solution/src/features/temporal.py:77: RuntimeWarning: All-NaN slice encountered
  "delta_min": np.nanmin(post, axis=0) - np.nanmin(baseline, axis=0),
/Users/luisdehlwes/Documents/osapiens/makeathon-challenge-2026/solution/src/features/temporal.py:78: RuntimeWarning: All-NaN slice encountered
  "delta_max": np.nanmax(post, axis=0) - np.nanmax(baseline, axis=0),
/Users/luisdehlwes/Documents/osapiens/makeathon-challenge-2026/solution/run_pipeline.py:266: RuntimeWarning: All-NaN slice encountered
  feature_layers.append(np.nan_to_num(np.nanmax(yoy_stack, axis=0), nan=0.0))
/Users/luisdehlwes/Documents/osapiens/makeathon-challenge-2026/.venv/lib/python3.11/site-packages/numpy/lib/nanfunctions.py:1879: RuntimeWarning: Degrees of freedom <= 0 for slice.
  var = nanvar(a, axis=axis, dtype=dtype, out=out, ddof=ddof,
2026-04-18 04:13:04,790 INFO __main__:   33NTE_5_1: 272 features, shape (1006, 1007)
2026-04-18 04:13:31,488 INFO solution.src.inference.predict: Saved prediction: /Users/luisdehlwes/Documents/osapiens/makeathon-challenge-2026/solution/outputs/predictions/pred_33NTE_5_1.tif
2026-04-18 04:13:31,488 INFO __main__:   33NTE_5_1: 42732 deforestation pixels (4.22%)
2026-04-18 04:13:31,507 INFO __main__: [4/5] Predicting 47QMA_6_2
/Users/luisdehlwes/Documents/osapiens/makeathon-challenge-2026/.venv/lib/python3.11/site-packages/numpy/lib/nanfunctions.py:1563: RuntimeWarning: All-NaN slice encountered
  return function_base._ureduce(a,
/Users/luisdehlwes/Documents/osapiens/makeathon-challenge-2026/solution/src/features/temporal.py:22: RuntimeWarning: Mean of empty slice
  "mean":   np.nanmean(time_series, axis=0),
/Users/luisdehlwes/Documents/osapiens/makeathon-challenge-2026/.venv/lib/python3.11/site-packages/numpy/lib/nanfunctions.py:1879: RuntimeWarning: Degrees of freedom <= 0 for slice.
  var = nanvar(a, axis=axis, dtype=dtype, out=out, ddof=ddof,
/Users/luisdehlwes/Documents/osapiens/makeathon-challenge-2026/solution/src/features/temporal.py:50: RuntimeWarning: Mean of empty slice
  y_mean = np.nanmean(flat, axis=0)
/Users/luisdehlwes/Documents/osapiens/makeathon-challenge-2026/solution/src/features/temporal.py:51: RuntimeWarning: Mean of empty slice
  cov = np.nanmean((x[:, None] - x_mean) * (flat - y_mean[None, :]), axis=0)
/Users/luisdehlwes/Documents/osapiens/makeathon-challenge-2026/solution/src/features/temporal.py:71: RuntimeWarning: Mean of empty slice
  base_mean = np.nanmean(baseline, axis=0)
/Users/luisdehlwes/Documents/osapiens/makeathon-challenge-2026/solution/src/features/temporal.py:72: RuntimeWarning: Mean of empty slice
  post_mean = np.nanmean(post, axis=0)
/Users/luisdehlwes/Documents/osapiens/makeathon-challenge-2026/solution/src/features/temporal.py:77: RuntimeWarning: All-NaN slice encountered
  "delta_min": np.nanmin(post, axis=0) - np.nanmin(baseline, axis=0),
/Users/luisdehlwes/Documents/osapiens/makeathon-challenge-2026/solution/src/features/temporal.py:78: RuntimeWarning: All-NaN slice encountered
  "delta_max": np.nanmax(post, axis=0) - np.nanmax(baseline, axis=0),
/Users/luisdehlwes/Documents/osapiens/makeathon-challenge-2026/solution/run_pipeline.py:266: RuntimeWarning: All-NaN slice encountered
  feature_layers.append(np.nan_to_num(np.nanmax(yoy_stack, axis=0), nan=0.0))
/Users/luisdehlwes/Documents/osapiens/makeathon-challenge-2026/.venv/lib/python3.11/site-packages/numpy/lib/nanfunctions.py:1879: RuntimeWarning: Degrees of freedom <= 0 for slice.
  var = nanvar(a, axis=axis, dtype=dtype, out=out, ddof=ddof,
2026-04-18 04:16:38,498 INFO __main__:   47QMA_6_2: 272 features, shape (1004, 1005)
2026-04-18 04:17:06,709 INFO solution.src.inference.predict: Saved prediction: /Users/luisdehlwes/Documents/osapiens/makeathon-challenge-2026/solution/outputs/predictions/pred_47QMA_6_2.tif
2026-04-18 04:17:06,709 INFO __main__:   47QMA_6_2: 20470 deforestation pixels (2.03%)
2026-04-18 04:17:06,727 INFO __main__: [5/5] Predicting 48PWA_0_6
/Users/luisdehlwes/Documents/osapiens/makeathon-challenge-2026/solution/run_pipeline.py:266: RuntimeWarning: All-NaN slice encountered
  feature_layers.append(np.nan_to_num(np.nanmax(yoy_stack, axis=0), nan=0.0))
/Users/luisdehlwes/Documents/osapiens/makeathon-challenge-2026/.venv/lib/python3.11/site-packages/numpy/lib/nanfunctions.py:1879: RuntimeWarning: Degrees of freedom <= 0 for slice.
  var = nanvar(a, axis=axis, dtype=dtype, out=out, ddof=ddof,
2026-04-18 04:20:13,833 INFO __main__:   48PWA_0_6: 272 features, shape (1002, 977)
2026-04-18 04:20:42,699 INFO solution.src.inference.predict: Saved prediction: /Users/luisdehlwes/Documents/osapiens/makeathon-challenge-2026/solution/outputs/predictions/pred_48PWA_0_6.tif
2026-04-18 04:20:42,699 INFO __main__:   48PWA_0_6: 187256 deforestation pixels (19.13%)
2026-04-18 04:20:42,720 INFO __main__: 
── Step 5: Generating Submission ──
2026-04-18 04:20:42,723 WARNING solution.src.inference.submit:   pred_18NVJ_1_6: skipped — No deforestation pixels (value=1) found in /Users/luisdehlwes/Documents/osapiens/makeathon-challenge-2026/solution/outputs/predictions/pred_18NVJ_1_6.tif. Ensure the raster has been binarised before calling this function.
2026-04-18 04:20:42,802 INFO solution.src.inference.submit:   pred_18NYH_2_1: 136 polygons
2026-04-18 04:20:42,865 INFO solution.src.inference.submit:   pred_33NTE_5_1: 172 polygons
2026-04-18 04:20:42,921 INFO solution.src.inference.submit:   pred_47QMA_6_2: 136 polygons
2026-04-18 04:20:43,032 INFO solution.src.inference.submit:   pred_48PWA_0_6: 267 polygons
2026-04-18 04:20:43,092 INFO solution.src.inference.submit: Submission saved: /Users/luisdehlwes/Documents/osapiens/makeathon-challenge-2026/solution/outputs/submissions/submission.geojson (711 total polygons)
2026-04-18 04:20:43,093 INFO __main__: 
Submission file: /Users/luisdehlwes/Documents/osapiens/makeathon-challenge-2026/solution/outputs/submissions/submission.geojson
2026-04-18 04:20:43,093 INFO __main__: ============================================================
2026-04-18 04:20:43,093 INFO __main__:   Pipeline complete!
2026-04-18 04:20:43,093 INFO __main__: ============================================================
Training until validation scores don't improve for 50 rounds
[100]	train's binary_logloss: 0.145647	val's binary_logloss: 0.149656
[200]	train's binary_logloss: 0.122786	val's binary_logloss: 0.130559
[300]	train's binary_logloss: 0.110017	val's binary_logloss: 0.121132
[400]	train's binary_logloss: 0.101417	val's binary_logloss: 0.115634
[500]	train's binary_logloss: 0.0947629	val's binary_logloss: 0.111807
[600]	train's binary_logloss: 0.0888961	val's binary_logloss: 0.108569
[700]	train's binary_logloss: 0.0837872	val's binary_logloss: 0.105891
[800]	train's binary_logloss: 0.0791752	val's binary_logloss: 0.103546
[900]	train's binary_logloss: 0.0749382	val's binary_logloss: 0.101368
[1000]	train's binary_logloss: 0.0712216	val's binary_logloss: 0.0995817
[1100]	train's binary_logloss: 0.0675783	val's binary_logloss: 0.0977724
[1200]	train's binary_logloss: 0.0642929	val's binary_logloss: 0.0962047
[1300]	train's binary_logloss: 0.0612928	val's binary_logloss: 0.0947693
[1400]	train's binary_logloss: 0.0583857	val's binary_logloss: 0.0934213
[1500]	train's binary_logloss: 0.055593	val's binary_logloss: 0.0921083
[1600]	train's binary_logloss: 0.0530656	val's binary_logloss: 0.0909973
[1700]	train's binary_logloss: 0.050696	val's binary_logloss: 0.0899336
[1800]	train's binary_logloss: 0.0483599	val's binary_logloss: 0.0888419
[1900]	train's binary_logloss: 0.0461534	val's binary_logloss: 0.0878481
[2000]	train's binary_logloss: 0.0441093	val's binary_logloss: 0.086915
[2100]	train's binary_logloss: 0.0421338	val's binary_logloss: 0.0860165
[2200]	train's binary_logloss: 0.040282	val's binary_logloss: 0.0851617
[2300]	train's binary_logloss: 0.0385838	val's binary_logloss: 0.0844732
[2400]	train's binary_logloss: 0.036968	val's binary_logloss: 0.0837704
[2500]	train's binary_logloss: 0.0353677	val's binary_logloss: 0.083102
[2600]	train's binary_logloss: 0.0339075	val's binary_logloss: 0.0825036
[2700]	train's binary_logloss: 0.0325012	val's binary_logloss: 0.0818894
[2800]	train's binary_logloss: 0.0311295	val's binary_logloss: 0.0812937
[2900]	train's binary_logloss: 0.0297947	val's binary_logloss: 0.0807228
[3000]	train's binary_logloss: 0.0285129	val's binary_logloss: 0.0801728
Did not meet early stopping. Best iteration is:
[3000]	train's binary_logloss: 0.0285129	val's binary_logloss: 0.0801728
