2026-04-17 23:18:58,045 INFO __main__: ============================================================
2026-04-17 23:18:58,045 INFO __main__:   Deforestation Detection Pipeline
2026-04-17 23:18:58,045 INFO __main__: ============================================================
2026-04-17 23:18:58,077 INFO __main__: Train tiles: 16 | Test tiles: 5
2026-04-17 23:18:58,077 INFO __main__: 
── Step 2: Feature Engineering & Label Fusion ──
2026-04-17 23:18:58,077 INFO __main__: [1/16] Processing 18NWG_6_6
/Users/luisdehlwes/Documents/osapiens/makeathon-challenge-2026/solution/run_pipeline.py:181: RuntimeWarning: Mean of empty slice
  pooled = np.nanmean(aef_base_reproj[g*group_size:(g+1)*group_size], axis=0)
2026-04-17 23:19:17,585 INFO __main__:   18NWG_6_6: 54 features, shape (1002, 1002)
2026-04-17 23:19:17,660 INFO __main__:   18NWG_6_6: fused label — 269764/1004004 positive (26.87%)
2026-04-17 23:19:17,674 INFO __main__:   Sampled 50200 pixels (13382 positive)
2026-04-17 23:19:17,689 INFO __main__: [2/16] Processing 18NWH_1_4
/Users/luisdehlwes/Documents/osapiens/makeathon-challenge-2026/solution/src/features/temporal.py:19: RuntimeWarning: Mean of empty slice
  "mean": np.nanmean(time_series, axis=0),
/Users/luisdehlwes/Documents/osapiens/makeathon-challenge-2026/.venv/lib/python3.11/site-packages/numpy/lib/nanfunctions.py:1879: RuntimeWarning: Degrees of freedom <= 0 for slice.
  var = nanvar(a, axis=axis, dtype=dtype, out=out, ddof=ddof,
/Users/luisdehlwes/Documents/osapiens/makeathon-challenge-2026/solution/src/features/temporal.py:21: RuntimeWarning: All-NaN slice encountered
  "min": np.nanmin(time_series, axis=0),
/Users/luisdehlwes/Documents/osapiens/makeathon-challenge-2026/solution/src/features/temporal.py:22: RuntimeWarning: All-NaN slice encountered
  "max": np.nanmax(time_series, axis=0),
/Users/luisdehlwes/Documents/osapiens/makeathon-challenge-2026/solution/src/features/temporal.py:23: RuntimeWarning: All-NaN slice encountered
  "median": np.nanmedian(time_series, axis=0),
/Users/luisdehlwes/Documents/osapiens/makeathon-challenge-2026/solution/src/features/temporal.py:24: RuntimeWarning: All-NaN slice encountered
  "range": np.nanmax(time_series, axis=0) - np.nanmin(time_series, axis=0),
/Users/luisdehlwes/Documents/osapiens/makeathon-challenge-2026/solution/src/features/temporal.py:43: RuntimeWarning: Mean of empty slice
  y_mean = np.nanmean(flat, axis=0)
/Users/luisdehlwes/Documents/osapiens/makeathon-challenge-2026/solution/src/features/temporal.py:44: RuntimeWarning: Mean of empty slice
  cov = np.nanmean((x[:, None] - x_mean) * (flat - y_mean[None, :]), axis=0)
/Users/luisdehlwes/Documents/osapiens/makeathon-challenge-2026/solution/src/features/temporal.py:64: RuntimeWarning: Mean of empty slice
  base_mean = np.nanmean(baseline, axis=0)
/Users/luisdehlwes/Documents/osapiens/makeathon-challenge-2026/solution/src/features/temporal.py:65: RuntimeWarning: Mean of empty slice
  post_mean = np.nanmean(post, axis=0)
/Users/luisdehlwes/Documents/osapiens/makeathon-challenge-2026/solution/src/features/temporal.py:70: RuntimeWarning: All-NaN slice encountered
  "delta_min": np.nanmin(post, axis=0) - np.nanmin(baseline, axis=0),
/Users/luisdehlwes/Documents/osapiens/makeathon-challenge-2026/solution/src/features/temporal.py:71: RuntimeWarning: All-NaN slice encountered
  "delta_max": np.nanmax(post, axis=0) - np.nanmax(baseline, axis=0),
/Users/luisdehlwes/Documents/osapiens/makeathon-challenge-2026/solution/run_pipeline.py:181: RuntimeWarning: Mean of empty slice
  pooled = np.nanmean(aef_base_reproj[g*group_size:(g+1)*group_size], axis=0)
2026-04-17 23:19:36,465 INFO __main__:   18NWH_1_4: 54 features, shape (1002, 1002)
2026-04-17 23:19:36,551 INFO __main__:   18NWH_1_4: fused label — 13673/1004004 positive (1.36%)
2026-04-17 23:19:36,563 INFO __main__:   Sampled 50200 pixels (646 positive)
2026-04-17 23:19:36,577 INFO __main__: [3/16] Processing 18NWJ_8_9
/Users/luisdehlwes/Documents/osapiens/makeathon-challenge-2026/solution/run_pipeline.py:181: RuntimeWarning: Mean of empty slice
  pooled = np.nanmean(aef_base_reproj[g*group_size:(g+1)*group_size], axis=0)
2026-04-17 23:19:55,671 INFO __main__:   18NWJ_8_9: 54 features, shape (1002, 1002)
2026-04-17 23:19:55,754 INFO __main__:   18NWJ_8_9: fused label — 37560/1004004 positive (3.74%)
2026-04-17 23:19:55,770 INFO __main__:   Sampled 50200 pixels (1869 positive)
2026-04-17 23:19:55,785 INFO __main__: [4/16] Processing 18NWM_9_4
/Users/luisdehlwes/Documents/osapiens/makeathon-challenge-2026/solution/src/features/temporal.py:19: RuntimeWarning: Mean of empty slice
  "mean": np.nanmean(time_series, axis=0),
/Users/luisdehlwes/Documents/osapiens/makeathon-challenge-2026/.venv/lib/python3.11/site-packages/numpy/lib/nanfunctions.py:1879: RuntimeWarning: Degrees of freedom <= 0 for slice.
  var = nanvar(a, axis=axis, dtype=dtype, out=out, ddof=ddof,
/Users/luisdehlwes/Documents/osapiens/makeathon-challenge-2026/solution/src/features/temporal.py:21: RuntimeWarning: All-NaN slice encountered
  "min": np.nanmin(time_series, axis=0),
/Users/luisdehlwes/Documents/osapiens/makeathon-challenge-2026/solution/src/features/temporal.py:22: RuntimeWarning: All-NaN slice encountered
  "max": np.nanmax(time_series, axis=0),
/Users/luisdehlwes/Documents/osapiens/makeathon-challenge-2026/solution/src/features/temporal.py:23: RuntimeWarning: All-NaN slice encountered
  "median": np.nanmedian(time_series, axis=0),
/Users/luisdehlwes/Documents/osapiens/makeathon-challenge-2026/solution/src/features/temporal.py:24: RuntimeWarning: All-NaN slice encountered
  "range": np.nanmax(time_series, axis=0) - np.nanmin(time_series, axis=0),
/Users/luisdehlwes/Documents/osapiens/makeathon-challenge-2026/solution/src/features/temporal.py:43: RuntimeWarning: Mean of empty slice
  y_mean = np.nanmean(flat, axis=0)
/Users/luisdehlwes/Documents/osapiens/makeathon-challenge-2026/solution/src/features/temporal.py:44: RuntimeWarning: Mean of empty slice
  cov = np.nanmean((x[:, None] - x_mean) * (flat - y_mean[None, :]), axis=0)
/Users/luisdehlwes/Documents/osapiens/makeathon-challenge-2026/solution/src/features/temporal.py:64: RuntimeWarning: Mean of empty slice
  base_mean = np.nanmean(baseline, axis=0)
/Users/luisdehlwes/Documents/osapiens/makeathon-challenge-2026/solution/src/features/temporal.py:65: RuntimeWarning: Mean of empty slice
  post_mean = np.nanmean(post, axis=0)
/Users/luisdehlwes/Documents/osapiens/makeathon-challenge-2026/solution/src/features/temporal.py:70: RuntimeWarning: All-NaN slice encountered
  "delta_min": np.nanmin(post, axis=0) - np.nanmin(baseline, axis=0),
/Users/luisdehlwes/Documents/osapiens/makeathon-challenge-2026/solution/src/features/temporal.py:71: RuntimeWarning: All-NaN slice encountered
  "delta_max": np.nanmax(post, axis=0) - np.nanmax(baseline, axis=0),
/Users/luisdehlwes/Documents/osapiens/makeathon-challenge-2026/solution/run_pipeline.py:181: RuntimeWarning: Mean of empty slice
  pooled = np.nanmean(aef_base_reproj[g*group_size:(g+1)*group_size], axis=0)
2026-04-17 23:19:57,236 INFO __main__:   18NWM_9_4: 54 features, shape (1004, 2)
2026-04-17 23:19:57,252 INFO __main__:   18NWM_9_4: fused label — 0/2008 positive (0.00%)
2026-04-17 23:19:57,252 INFO __main__:   Sampled 100 pixels (0 positive)
2026-04-17 23:19:57,267 INFO __main__: [5/16] Processing 18NXH_6_8
/Users/luisdehlwes/Documents/osapiens/makeathon-challenge-2026/solution/run_pipeline.py:181: RuntimeWarning: Mean of empty slice
  pooled = np.nanmean(aef_base_reproj[g*group_size:(g+1)*group_size], axis=0)
2026-04-17 23:20:15,980 INFO __main__:   18NXH_6_8: 54 features, shape (1002, 1002)
2026-04-17 23:20:16,062 INFO __main__:   18NXH_6_8: fused label — 228456/1004004 positive (22.75%)
2026-04-17 23:20:16,074 INFO __main__:   Sampled 50200 pixels (11487 positive)
2026-04-17 23:20:16,089 INFO __main__: [6/16] Processing 18NXJ_7_6
/Users/luisdehlwes/Documents/osapiens/makeathon-challenge-2026/solution/src/features/temporal.py:19: RuntimeWarning: Mean of empty slice
  "mean": np.nanmean(time_series, axis=0),
/Users/luisdehlwes/Documents/osapiens/makeathon-challenge-2026/.venv/lib/python3.11/site-packages/numpy/lib/nanfunctions.py:1879: RuntimeWarning: Degrees of freedom <= 0 for slice.
  var = nanvar(a, axis=axis, dtype=dtype, out=out, ddof=ddof,
/Users/luisdehlwes/Documents/osapiens/makeathon-challenge-2026/solution/src/features/temporal.py:21: RuntimeWarning: All-NaN slice encountered
  "min": np.nanmin(time_series, axis=0),
/Users/luisdehlwes/Documents/osapiens/makeathon-challenge-2026/solution/src/features/temporal.py:22: RuntimeWarning: All-NaN slice encountered
  "max": np.nanmax(time_series, axis=0),
/Users/luisdehlwes/Documents/osapiens/makeathon-challenge-2026/solution/src/features/temporal.py:23: RuntimeWarning: All-NaN slice encountered
  "median": np.nanmedian(time_series, axis=0),
/Users/luisdehlwes/Documents/osapiens/makeathon-challenge-2026/solution/src/features/temporal.py:24: RuntimeWarning: All-NaN slice encountered
  "range": np.nanmax(time_series, axis=0) - np.nanmin(time_series, axis=0),
/Users/luisdehlwes/Documents/osapiens/makeathon-challenge-2026/solution/src/features/temporal.py:43: RuntimeWarning: Mean of empty slice
  y_mean = np.nanmean(flat, axis=0)
/Users/luisdehlwes/Documents/osapiens/makeathon-challenge-2026/solution/src/features/temporal.py:44: RuntimeWarning: Mean of empty slice
  cov = np.nanmean((x[:, None] - x_mean) * (flat - y_mean[None, :]), axis=0)
/Users/luisdehlwes/Documents/osapiens/makeathon-challenge-2026/solution/src/features/temporal.py:64: RuntimeWarning: Mean of empty slice
  base_mean = np.nanmean(baseline, axis=0)
/Users/luisdehlwes/Documents/osapiens/makeathon-challenge-2026/solution/src/features/temporal.py:65: RuntimeWarning: Mean of empty slice
  post_mean = np.nanmean(post, axis=0)
/Users/luisdehlwes/Documents/osapiens/makeathon-challenge-2026/solution/src/features/temporal.py:70: RuntimeWarning: All-NaN slice encountered
  "delta_min": np.nanmin(post, axis=0) - np.nanmin(baseline, axis=0),
/Users/luisdehlwes/Documents/osapiens/makeathon-challenge-2026/solution/src/features/temporal.py:71: RuntimeWarning: All-NaN slice encountered
  "delta_max": np.nanmax(post, axis=0) - np.nanmax(baseline, axis=0),
/Users/luisdehlwes/Documents/osapiens/makeathon-challenge-2026/solution/run_pipeline.py:181: RuntimeWarning: Mean of empty slice
  pooled = np.nanmean(aef_base_reproj[g*group_size:(g+1)*group_size], axis=0)
2026-04-17 23:20:34,169 INFO __main__:   18NXJ_7_6: 54 features, shape (1004, 1004)
2026-04-17 23:20:34,266 INFO __main__:   18NXJ_7_6: fused label — 10984/1008016 positive (1.09%)
2026-04-17 23:20:34,279 INFO __main__:   Sampled 50400 pixels (503 positive)
2026-04-17 23:20:34,295 INFO __main__: [7/16] Processing 18NYH_9_9
/Users/luisdehlwes/Documents/osapiens/makeathon-challenge-2026/solution/src/features/temporal.py:64: RuntimeWarning: Mean of empty slice
  base_mean = np.nanmean(baseline, axis=0)
/Users/luisdehlwes/Documents/osapiens/makeathon-challenge-2026/solution/src/features/temporal.py:70: RuntimeWarning: All-NaN slice encountered
  "delta_min": np.nanmin(post, axis=0) - np.nanmin(baseline, axis=0),
/Users/luisdehlwes/Documents/osapiens/makeathon-challenge-2026/solution/src/features/temporal.py:71: RuntimeWarning: All-NaN slice encountered
  "delta_max": np.nanmax(post, axis=0) - np.nanmax(baseline, axis=0),
/Users/luisdehlwes/Documents/osapiens/makeathon-challenge-2026/solution/run_pipeline.py:181: RuntimeWarning: Mean of empty slice
  pooled = np.nanmean(aef_base_reproj[g*group_size:(g+1)*group_size], axis=0)
2026-04-17 23:20:35,764 INFO __main__:   18NYH_9_9: 54 features, shape (6, 4)
2026-04-17 23:20:35,778 INFO __main__:   18NYH_9_9: fused label — 0/24 positive (0.00%)
2026-04-17 23:20:35,778 INFO __main__:   Sampled 1 pixels (0 positive)
2026-04-17 23:20:35,793 INFO __main__: [8/16] Processing 19NBD_4_4
/Users/luisdehlwes/Documents/osapiens/makeathon-challenge-2026/solution/src/features/temporal.py:19: RuntimeWarning: Mean of empty slice
  "mean": np.nanmean(time_series, axis=0),
/Users/luisdehlwes/Documents/osapiens/makeathon-challenge-2026/.venv/lib/python3.11/site-packages/numpy/lib/nanfunctions.py:1879: RuntimeWarning: Degrees of freedom <= 0 for slice.
  var = nanvar(a, axis=axis, dtype=dtype, out=out, ddof=ddof,
/Users/luisdehlwes/Documents/osapiens/makeathon-challenge-2026/solution/src/features/temporal.py:21: RuntimeWarning: All-NaN slice encountered
  "min": np.nanmin(time_series, axis=0),
/Users/luisdehlwes/Documents/osapiens/makeathon-challenge-2026/solution/src/features/temporal.py:22: RuntimeWarning: All-NaN slice encountered
  "max": np.nanmax(time_series, axis=0),
/Users/luisdehlwes/Documents/osapiens/makeathon-challenge-2026/solution/src/features/temporal.py:23: RuntimeWarning: All-NaN slice encountered
  "median": np.nanmedian(time_series, axis=0),
/Users/luisdehlwes/Documents/osapiens/makeathon-challenge-2026/solution/src/features/temporal.py:24: RuntimeWarning: All-NaN slice encountered
  "range": np.nanmax(time_series, axis=0) - np.nanmin(time_series, axis=0),
/Users/luisdehlwes/Documents/osapiens/makeathon-challenge-2026/solution/src/features/temporal.py:43: RuntimeWarning: Mean of empty slice
  y_mean = np.nanmean(flat, axis=0)
/Users/luisdehlwes/Documents/osapiens/makeathon-challenge-2026/solution/src/features/temporal.py:44: RuntimeWarning: Mean of empty slice
  cov = np.nanmean((x[:, None] - x_mean) * (flat - y_mean[None, :]), axis=0)
/Users/luisdehlwes/Documents/osapiens/makeathon-challenge-2026/solution/src/features/temporal.py:64: RuntimeWarning: Mean of empty slice
  base_mean = np.nanmean(baseline, axis=0)
/Users/luisdehlwes/Documents/osapiens/makeathon-challenge-2026/solution/src/features/temporal.py:65: RuntimeWarning: Mean of empty slice
  post_mean = np.nanmean(post, axis=0)
/Users/luisdehlwes/Documents/osapiens/makeathon-challenge-2026/solution/src/features/temporal.py:70: RuntimeWarning: All-NaN slice encountered
  "delta_min": np.nanmin(post, axis=0) - np.nanmin(baseline, axis=0),
/Users/luisdehlwes/Documents/osapiens/makeathon-challenge-2026/solution/src/features/temporal.py:71: RuntimeWarning: All-NaN slice encountered
  "delta_max": np.nanmax(post, axis=0) - np.nanmax(baseline, axis=0),
/Users/luisdehlwes/Documents/osapiens/makeathon-challenge-2026/solution/run_pipeline.py:181: RuntimeWarning: Mean of empty slice
  pooled = np.nanmean(aef_base_reproj[g*group_size:(g+1)*group_size], axis=0)
2026-04-17 23:20:50,590 INFO __main__:   19NBD_4_4: 54 features, shape (1006, 1006)
2026-04-17 23:20:50,673 INFO __main__:   19NBD_4_4: fused label — 52776/1012036 positive (5.21%)
2026-04-17 23:20:50,684 INFO __main__:   Sampled 50601 pixels (2578 positive)
2026-04-17 23:20:50,700 INFO __main__: [9/16] Processing 47QMB_0_8
/Users/luisdehlwes/Documents/osapiens/makeathon-challenge-2026/solution/src/features/temporal.py:19: RuntimeWarning: Mean of empty slice
  "mean": np.nanmean(time_series, axis=0),
/Users/luisdehlwes/Documents/osapiens/makeathon-challenge-2026/.venv/lib/python3.11/site-packages/numpy/lib/nanfunctions.py:1879: RuntimeWarning: Degrees of freedom <= 0 for slice.
  var = nanvar(a, axis=axis, dtype=dtype, out=out, ddof=ddof,
/Users/luisdehlwes/Documents/osapiens/makeathon-challenge-2026/solution/src/features/temporal.py:21: RuntimeWarning: All-NaN slice encountered
  "min": np.nanmin(time_series, axis=0),
/Users/luisdehlwes/Documents/osapiens/makeathon-challenge-2026/solution/src/features/temporal.py:22: RuntimeWarning: All-NaN slice encountered
  "max": np.nanmax(time_series, axis=0),
/Users/luisdehlwes/Documents/osapiens/makeathon-challenge-2026/solution/src/features/temporal.py:23: RuntimeWarning: All-NaN slice encountered
  "median": np.nanmedian(time_series, axis=0),
/Users/luisdehlwes/Documents/osapiens/makeathon-challenge-2026/solution/src/features/temporal.py:24: RuntimeWarning: All-NaN slice encountered
  "range": np.nanmax(time_series, axis=0) - np.nanmin(time_series, axis=0),
/Users/luisdehlwes/Documents/osapiens/makeathon-challenge-2026/solution/src/features/temporal.py:43: RuntimeWarning: Mean of empty slice
  y_mean = np.nanmean(flat, axis=0)
/Users/luisdehlwes/Documents/osapiens/makeathon-challenge-2026/solution/src/features/temporal.py:44: RuntimeWarning: Mean of empty slice
  cov = np.nanmean((x[:, None] - x_mean) * (flat - y_mean[None, :]), axis=0)
/Users/luisdehlwes/Documents/osapiens/makeathon-challenge-2026/solution/src/features/temporal.py:64: RuntimeWarning: Mean of empty slice
  base_mean = np.nanmean(baseline, axis=0)
/Users/luisdehlwes/Documents/osapiens/makeathon-challenge-2026/solution/src/features/temporal.py:65: RuntimeWarning: Mean of empty slice
  post_mean = np.nanmean(post, axis=0)
/Users/luisdehlwes/Documents/osapiens/makeathon-challenge-2026/solution/src/features/temporal.py:70: RuntimeWarning: All-NaN slice encountered
  "delta_min": np.nanmin(post, axis=0) - np.nanmin(baseline, axis=0),
/Users/luisdehlwes/Documents/osapiens/makeathon-challenge-2026/solution/src/features/temporal.py:71: RuntimeWarning: All-NaN slice encountered
  "delta_max": np.nanmax(post, axis=0) - np.nanmax(baseline, axis=0),
/Users/luisdehlwes/Documents/osapiens/makeathon-challenge-2026/solution/run_pipeline.py:181: RuntimeWarning: Mean of empty slice
  pooled = np.nanmean(aef_base_reproj[g*group_size:(g+1)*group_size], axis=0)
2026-04-17 23:21:13,982 INFO __main__:   47QMB_0_8: 54 features, shape (1012, 986)
2026-04-17 23:21:14,048 INFO rasterio._env: GDAL signalled an error: err_no=4, msg='/Users/luisdehlwes/Documents/osapiens/makeathon-challenge-2026/data/makeathon-challenge/labels/train/glads2/glads2_47QMB_0_8_alert.tif: No such file or directory'
2026-04-17 23:21:14,084 INFO __main__:   47QMB_0_8: fused label — 514/997832 positive (0.05%)
2026-04-17 23:21:14,096 INFO __main__:   Sampled 49891 pixels (27 positive)
2026-04-17 23:21:14,112 INFO __main__: [10/16] Processing 47QQV_2_4
/Users/luisdehlwes/Documents/osapiens/makeathon-challenge-2026/solution/src/features/temporal.py:19: RuntimeWarning: Mean of empty slice
  "mean": np.nanmean(time_series, axis=0),
/Users/luisdehlwes/Documents/osapiens/makeathon-challenge-2026/.venv/lib/python3.11/site-packages/numpy/lib/nanfunctions.py:1879: RuntimeWarning: Degrees of freedom <= 0 for slice.
  var = nanvar(a, axis=axis, dtype=dtype, out=out, ddof=ddof,
/Users/luisdehlwes/Documents/osapiens/makeathon-challenge-2026/solution/src/features/temporal.py:21: RuntimeWarning: All-NaN slice encountered
  "min": np.nanmin(time_series, axis=0),
/Users/luisdehlwes/Documents/osapiens/makeathon-challenge-2026/solution/src/features/temporal.py:22: RuntimeWarning: All-NaN slice encountered
  "max": np.nanmax(time_series, axis=0),
/Users/luisdehlwes/Documents/osapiens/makeathon-challenge-2026/solution/src/features/temporal.py:23: RuntimeWarning: All-NaN slice encountered
  "median": np.nanmedian(time_series, axis=0),
/Users/luisdehlwes/Documents/osapiens/makeathon-challenge-2026/solution/src/features/temporal.py:24: RuntimeWarning: All-NaN slice encountered
  "range": np.nanmax(time_series, axis=0) - np.nanmin(time_series, axis=0),
/Users/luisdehlwes/Documents/osapiens/makeathon-challenge-2026/solution/src/features/temporal.py:43: RuntimeWarning: Mean of empty slice
  y_mean = np.nanmean(flat, axis=0)
/Users/luisdehlwes/Documents/osapiens/makeathon-challenge-2026/solution/src/features/temporal.py:44: RuntimeWarning: Mean of empty slice
  cov = np.nanmean((x[:, None] - x_mean) * (flat - y_mean[None, :]), axis=0)
/Users/luisdehlwes/Documents/osapiens/makeathon-challenge-2026/solution/src/features/temporal.py:64: RuntimeWarning: Mean of empty slice
  base_mean = np.nanmean(baseline, axis=0)
/Users/luisdehlwes/Documents/osapiens/makeathon-challenge-2026/solution/src/features/temporal.py:65: RuntimeWarning: Mean of empty slice
  post_mean = np.nanmean(post, axis=0)
/Users/luisdehlwes/Documents/osapiens/makeathon-challenge-2026/solution/src/features/temporal.py:70: RuntimeWarning: All-NaN slice encountered
  "delta_min": np.nanmin(post, axis=0) - np.nanmin(baseline, axis=0),
/Users/luisdehlwes/Documents/osapiens/makeathon-challenge-2026/solution/src/features/temporal.py:71: RuntimeWarning: All-NaN slice encountered
  "delta_max": np.nanmax(post, axis=0) - np.nanmax(baseline, axis=0),
/Users/luisdehlwes/Documents/osapiens/makeathon-challenge-2026/solution/run_pipeline.py:181: RuntimeWarning: Mean of empty slice
  pooled = np.nanmean(aef_base_reproj[g*group_size:(g+1)*group_size], axis=0)
2026-04-17 23:21:38,842 INFO __main__:   47QQV_2_4: 54 features, shape (1024, 1023)
2026-04-17 23:21:38,921 INFO rasterio._env: GDAL signalled an error: err_no=4, msg='/Users/luisdehlwes/Documents/osapiens/makeathon-challenge-2026/data/makeathon-challenge/labels/train/glads2/glads2_47QQV_2_4_alert.tif: No such file or directory'
2026-04-17 23:21:38,961 INFO __main__:   47QQV_2_4: fused label — 327/1047552 positive (0.03%)
2026-04-17 23:21:38,976 INFO __main__:   Sampled 52377 pixels (16 positive)
2026-04-17 23:21:38,991 INFO __main__: [11/16] Processing 48PUT_0_8
/Users/luisdehlwes/Documents/osapiens/makeathon-challenge-2026/solution/src/features/temporal.py:19: RuntimeWarning: Mean of empty slice
  "mean": np.nanmean(time_series, axis=0),
/Users/luisdehlwes/Documents/osapiens/makeathon-challenge-2026/.venv/lib/python3.11/site-packages/numpy/lib/nanfunctions.py:1879: RuntimeWarning: Degrees of freedom <= 0 for slice.
  var = nanvar(a, axis=axis, dtype=dtype, out=out, ddof=ddof,
/Users/luisdehlwes/Documents/osapiens/makeathon-challenge-2026/solution/src/features/temporal.py:21: RuntimeWarning: All-NaN slice encountered
  "min": np.nanmin(time_series, axis=0),
/Users/luisdehlwes/Documents/osapiens/makeathon-challenge-2026/solution/src/features/temporal.py:22: RuntimeWarning: All-NaN slice encountered
  "max": np.nanmax(time_series, axis=0),
/Users/luisdehlwes/Documents/osapiens/makeathon-challenge-2026/solution/src/features/temporal.py:23: RuntimeWarning: All-NaN slice encountered
  "median": np.nanmedian(time_series, axis=0),
/Users/luisdehlwes/Documents/osapiens/makeathon-challenge-2026/solution/src/features/temporal.py:24: RuntimeWarning: All-NaN slice encountered
  "range": np.nanmax(time_series, axis=0) - np.nanmin(time_series, axis=0),
/Users/luisdehlwes/Documents/osapiens/makeathon-challenge-2026/solution/src/features/temporal.py:43: RuntimeWarning: Mean of empty slice
  y_mean = np.nanmean(flat, axis=0)
/Users/luisdehlwes/Documents/osapiens/makeathon-challenge-2026/solution/src/features/temporal.py:44: RuntimeWarning: Mean of empty slice
  cov = np.nanmean((x[:, None] - x_mean) * (flat - y_mean[None, :]), axis=0)
/Users/luisdehlwes/Documents/osapiens/makeathon-challenge-2026/solution/src/features/temporal.py:64: RuntimeWarning: Mean of empty slice
  base_mean = np.nanmean(baseline, axis=0)
/Users/luisdehlwes/Documents/osapiens/makeathon-challenge-2026/solution/src/features/temporal.py:65: RuntimeWarning: Mean of empty slice
  post_mean = np.nanmean(post, axis=0)
/Users/luisdehlwes/Documents/osapiens/makeathon-challenge-2026/solution/src/features/temporal.py:70: RuntimeWarning: All-NaN slice encountered
  "delta_min": np.nanmin(post, axis=0) - np.nanmin(baseline, axis=0),
/Users/luisdehlwes/Documents/osapiens/makeathon-challenge-2026/solution/src/features/temporal.py:71: RuntimeWarning: All-NaN slice encountered
  "delta_max": np.nanmax(post, axis=0) - np.nanmax(baseline, axis=0),
/Users/luisdehlwes/Documents/osapiens/makeathon-challenge-2026/solution/run_pipeline.py:181: RuntimeWarning: Mean of empty slice
  pooled = np.nanmean(aef_base_reproj[g*group_size:(g+1)*group_size], axis=0)
2026-04-17 23:22:02,498 INFO __main__:   48PUT_0_8: 54 features, shape (1012, 1006)
2026-04-17 23:22:02,549 INFO rasterio._env: GDAL signalled an error: err_no=4, msg='/Users/luisdehlwes/Documents/osapiens/makeathon-challenge-2026/data/makeathon-challenge/labels/train/glads2/glads2_48PUT_0_8_alert.tif: No such file or directory'
2026-04-17 23:22:02,585 INFO __main__:   48PUT_0_8: fused label — 22152/1018072 positive (2.18%)
2026-04-17 23:22:02,599 INFO __main__:   Sampled 50903 pixels (1134 positive)
2026-04-17 23:22:02,614 INFO __main__: [12/16] Processing 48PWV_7_8
/Users/luisdehlwes/Documents/osapiens/makeathon-challenge-2026/solution/src/features/temporal.py:19: RuntimeWarning: Mean of empty slice
  "mean": np.nanmean(time_series, axis=0),
/Users/luisdehlwes/Documents/osapiens/makeathon-challenge-2026/.venv/lib/python3.11/site-packages/numpy/lib/nanfunctions.py:1879: RuntimeWarning: Degrees of freedom <= 0 for slice.
  var = nanvar(a, axis=axis, dtype=dtype, out=out, ddof=ddof,
/Users/luisdehlwes/Documents/osapiens/makeathon-challenge-2026/solution/src/features/temporal.py:21: RuntimeWarning: All-NaN slice encountered
  "min": np.nanmin(time_series, axis=0),
/Users/luisdehlwes/Documents/osapiens/makeathon-challenge-2026/solution/src/features/temporal.py:22: RuntimeWarning: All-NaN slice encountered
  "max": np.nanmax(time_series, axis=0),
/Users/luisdehlwes/Documents/osapiens/makeathon-challenge-2026/solution/src/features/temporal.py:23: RuntimeWarning: All-NaN slice encountered
  "median": np.nanmedian(time_series, axis=0),
/Users/luisdehlwes/Documents/osapiens/makeathon-challenge-2026/solution/src/features/temporal.py:24: RuntimeWarning: All-NaN slice encountered
  "range": np.nanmax(time_series, axis=0) - np.nanmin(time_series, axis=0),
/Users/luisdehlwes/Documents/osapiens/makeathon-challenge-2026/solution/src/features/temporal.py:43: RuntimeWarning: Mean of empty slice
  y_mean = np.nanmean(flat, axis=0)
/Users/luisdehlwes/Documents/osapiens/makeathon-challenge-2026/solution/src/features/temporal.py:44: RuntimeWarning: Mean of empty slice
  cov = np.nanmean((x[:, None] - x_mean) * (flat - y_mean[None, :]), axis=0)
/Users/luisdehlwes/Documents/osapiens/makeathon-challenge-2026/solution/src/features/temporal.py:64: RuntimeWarning: Mean of empty slice
  base_mean = np.nanmean(baseline, axis=0)
/Users/luisdehlwes/Documents/osapiens/makeathon-challenge-2026/solution/src/features/temporal.py:65: RuntimeWarning: Mean of empty slice
  post_mean = np.nanmean(post, axis=0)
/Users/luisdehlwes/Documents/osapiens/makeathon-challenge-2026/solution/src/features/temporal.py:70: RuntimeWarning: All-NaN slice encountered
  "delta_min": np.nanmin(post, axis=0) - np.nanmin(baseline, axis=0),
/Users/luisdehlwes/Documents/osapiens/makeathon-challenge-2026/solution/src/features/temporal.py:71: RuntimeWarning: All-NaN slice encountered
  "delta_max": np.nanmax(post, axis=0) - np.nanmax(baseline, axis=0),
/Users/luisdehlwes/Documents/osapiens/makeathon-challenge-2026/solution/run_pipeline.py:181: RuntimeWarning: Mean of empty slice
  pooled = np.nanmean(aef_base_reproj[g*group_size:(g+1)*group_size], axis=0)
2026-04-17 23:22:25,316 INFO __main__:   48PWV_7_8: 54 features, shape (1006, 1006)
2026-04-17 23:22:25,358 INFO rasterio._env: GDAL signalled an error: err_no=4, msg='/Users/luisdehlwes/Documents/osapiens/makeathon-challenge-2026/data/makeathon-challenge/labels/train/glads2/glads2_48PWV_7_8_alert.tif: No such file or directory'
2026-04-17 23:22:25,394 INFO __main__:   48PWV_7_8: fused label — 247684/1012036 positive (24.47%)
2026-04-17 23:22:25,406 INFO __main__:   Sampled 50601 pixels (12330 positive)
2026-04-17 23:22:25,421 INFO __main__: [13/16] Processing 48PXC_7_7
/Users/luisdehlwes/Documents/osapiens/makeathon-challenge-2026/solution/src/features/temporal.py:19: RuntimeWarning: Mean of empty slice
  "mean": np.nanmean(time_series, axis=0),
/Users/luisdehlwes/Documents/osapiens/makeathon-challenge-2026/.venv/lib/python3.11/site-packages/numpy/lib/nanfunctions.py:1879: RuntimeWarning: Degrees of freedom <= 0 for slice.
  var = nanvar(a, axis=axis, dtype=dtype, out=out, ddof=ddof,
/Users/luisdehlwes/Documents/osapiens/makeathon-challenge-2026/solution/src/features/temporal.py:21: RuntimeWarning: All-NaN slice encountered
  "min": np.nanmin(time_series, axis=0),
/Users/luisdehlwes/Documents/osapiens/makeathon-challenge-2026/solution/src/features/temporal.py:22: RuntimeWarning: All-NaN slice encountered
  "max": np.nanmax(time_series, axis=0),
/Users/luisdehlwes/Documents/osapiens/makeathon-challenge-2026/solution/src/features/temporal.py:23: RuntimeWarning: All-NaN slice encountered
  "median": np.nanmedian(time_series, axis=0),
/Users/luisdehlwes/Documents/osapiens/makeathon-challenge-2026/solution/src/features/temporal.py:24: RuntimeWarning: All-NaN slice encountered
  "range": np.nanmax(time_series, axis=0) - np.nanmin(time_series, axis=0),
/Users/luisdehlwes/Documents/osapiens/makeathon-challenge-2026/solution/src/features/temporal.py:43: RuntimeWarning: Mean of empty slice
  y_mean = np.nanmean(flat, axis=0)
/Users/luisdehlwes/Documents/osapiens/makeathon-challenge-2026/solution/src/features/temporal.py:44: RuntimeWarning: Mean of empty slice
  cov = np.nanmean((x[:, None] - x_mean) * (flat - y_mean[None, :]), axis=0)
/Users/luisdehlwes/Documents/osapiens/makeathon-challenge-2026/solution/src/features/temporal.py:64: RuntimeWarning: Mean of empty slice
  base_mean = np.nanmean(baseline, axis=0)
/Users/luisdehlwes/Documents/osapiens/makeathon-challenge-2026/solution/src/features/temporal.py:65: RuntimeWarning: Mean of empty slice
  post_mean = np.nanmean(post, axis=0)
/Users/luisdehlwes/Documents/osapiens/makeathon-challenge-2026/solution/src/features/temporal.py:70: RuntimeWarning: All-NaN slice encountered
  "delta_min": np.nanmin(post, axis=0) - np.nanmin(baseline, axis=0),
/Users/luisdehlwes/Documents/osapiens/makeathon-challenge-2026/solution/src/features/temporal.py:71: RuntimeWarning: All-NaN slice encountered
  "delta_max": np.nanmax(post, axis=0) - np.nanmax(baseline, axis=0),
/Users/luisdehlwes/Documents/osapiens/makeathon-challenge-2026/solution/run_pipeline.py:181: RuntimeWarning: Mean of empty slice
  pooled = np.nanmean(aef_base_reproj[g*group_size:(g+1)*group_size], axis=0)
2026-04-17 23:22:47,889 INFO __main__:   48PXC_7_7: 54 features, shape (1016, 1016)
2026-04-17 23:22:47,953 INFO rasterio._env: GDAL signalled an error: err_no=4, msg='/Users/luisdehlwes/Documents/osapiens/makeathon-challenge-2026/data/makeathon-challenge/labels/train/glads2/glads2_48PXC_7_7_alert.tif: No such file or directory'
2026-04-17 23:22:47,991 INFO __main__:   48PXC_7_7: fused label — 66287/1032256 positive (6.42%)
2026-04-17 23:22:48,003 INFO __main__:   Sampled 51612 pixels (3292 positive)
2026-04-17 23:22:48,019 INFO __main__: [14/16] Processing 48PYB_3_6
/Users/luisdehlwes/Documents/osapiens/makeathon-challenge-2026/solution/src/features/temporal.py:19: RuntimeWarning: Mean of empty slice
  "mean": np.nanmean(time_series, axis=0),
/Users/luisdehlwes/Documents/osapiens/makeathon-challenge-2026/.venv/lib/python3.11/site-packages/numpy/lib/nanfunctions.py:1879: RuntimeWarning: Degrees of freedom <= 0 for slice.
  var = nanvar(a, axis=axis, dtype=dtype, out=out, ddof=ddof,
/Users/luisdehlwes/Documents/osapiens/makeathon-challenge-2026/solution/src/features/temporal.py:21: RuntimeWarning: All-NaN slice encountered
  "min": np.nanmin(time_series, axis=0),
/Users/luisdehlwes/Documents/osapiens/makeathon-challenge-2026/solution/src/features/temporal.py:22: RuntimeWarning: All-NaN slice encountered
  "max": np.nanmax(time_series, axis=0),
/Users/luisdehlwes/Documents/osapiens/makeathon-challenge-2026/solution/src/features/temporal.py:23: RuntimeWarning: All-NaN slice encountered
  "median": np.nanmedian(time_series, axis=0),
/Users/luisdehlwes/Documents/osapiens/makeathon-challenge-2026/solution/src/features/temporal.py:24: RuntimeWarning: All-NaN slice encountered
  "range": np.nanmax(time_series, axis=0) - np.nanmin(time_series, axis=0),
/Users/luisdehlwes/Documents/osapiens/makeathon-challenge-2026/solution/src/features/temporal.py:43: RuntimeWarning: Mean of empty slice
  y_mean = np.nanmean(flat, axis=0)
/Users/luisdehlwes/Documents/osapiens/makeathon-challenge-2026/solution/src/features/temporal.py:44: RuntimeWarning: Mean of empty slice
  cov = np.nanmean((x[:, None] - x_mean) * (flat - y_mean[None, :]), axis=0)
/Users/luisdehlwes/Documents/osapiens/makeathon-challenge-2026/solution/src/features/temporal.py:64: RuntimeWarning: Mean of empty slice
  base_mean = np.nanmean(baseline, axis=0)
/Users/luisdehlwes/Documents/osapiens/makeathon-challenge-2026/solution/src/features/temporal.py:65: RuntimeWarning: Mean of empty slice
  post_mean = np.nanmean(post, axis=0)
/Users/luisdehlwes/Documents/osapiens/makeathon-challenge-2026/solution/src/features/temporal.py:70: RuntimeWarning: All-NaN slice encountered
  "delta_min": np.nanmin(post, axis=0) - np.nanmin(baseline, axis=0),
/Users/luisdehlwes/Documents/osapiens/makeathon-challenge-2026/solution/src/features/temporal.py:71: RuntimeWarning: All-NaN slice encountered
  "delta_max": np.nanmax(post, axis=0) - np.nanmax(baseline, axis=0),
/Users/luisdehlwes/Documents/osapiens/makeathon-challenge-2026/solution/run_pipeline.py:181: RuntimeWarning: Mean of empty slice
  pooled = np.nanmean(aef_base_reproj[g*group_size:(g+1)*group_size], axis=0)
2026-04-17 23:23:09,186 INFO __main__:   48PYB_3_6: 54 features, shape (1020, 1020)
2026-04-17 23:23:09,247 INFO rasterio._env: GDAL signalled an error: err_no=4, msg='/Users/luisdehlwes/Documents/osapiens/makeathon-challenge-2026/data/makeathon-challenge/labels/train/glads2/glads2_48PYB_3_6_alert.tif: No such file or directory'
2026-04-17 23:23:09,285 INFO __main__:   48PYB_3_6: fused label — 117790/1040400 positive (11.32%)
2026-04-17 23:23:09,298 INFO __main__:   Sampled 52020 pixels (5911 positive)
2026-04-17 23:23:09,314 INFO __main__: [15/16] Processing 48QVE_3_0
/Users/luisdehlwes/Documents/osapiens/makeathon-challenge-2026/solution/src/features/temporal.py:19: RuntimeWarning: Mean of empty slice
  "mean": np.nanmean(time_series, axis=0),
/Users/luisdehlwes/Documents/osapiens/makeathon-challenge-2026/.venv/lib/python3.11/site-packages/numpy/lib/nanfunctions.py:1879: RuntimeWarning: Degrees of freedom <= 0 for slice.
  var = nanvar(a, axis=axis, dtype=dtype, out=out, ddof=ddof,
/Users/luisdehlwes/Documents/osapiens/makeathon-challenge-2026/solution/src/features/temporal.py:21: RuntimeWarning: All-NaN slice encountered
  "min": np.nanmin(time_series, axis=0),
/Users/luisdehlwes/Documents/osapiens/makeathon-challenge-2026/solution/src/features/temporal.py:22: RuntimeWarning: All-NaN slice encountered
  "max": np.nanmax(time_series, axis=0),
/Users/luisdehlwes/Documents/osapiens/makeathon-challenge-2026/solution/src/features/temporal.py:23: RuntimeWarning: All-NaN slice encountered
  "median": np.nanmedian(time_series, axis=0),
/Users/luisdehlwes/Documents/osapiens/makeathon-challenge-2026/solution/src/features/temporal.py:24: RuntimeWarning: All-NaN slice encountered
  "range": np.nanmax(time_series, axis=0) - np.nanmin(time_series, axis=0),
/Users/luisdehlwes/Documents/osapiens/makeathon-challenge-2026/solution/src/features/temporal.py:43: RuntimeWarning: Mean of empty slice
  y_mean = np.nanmean(flat, axis=0)
/Users/luisdehlwes/Documents/osapiens/makeathon-challenge-2026/solution/src/features/temporal.py:44: RuntimeWarning: Mean of empty slice
  cov = np.nanmean((x[:, None] - x_mean) * (flat - y_mean[None, :]), axis=0)
/Users/luisdehlwes/Documents/osapiens/makeathon-challenge-2026/solution/src/features/temporal.py:64: RuntimeWarning: Mean of empty slice
  base_mean = np.nanmean(baseline, axis=0)
/Users/luisdehlwes/Documents/osapiens/makeathon-challenge-2026/solution/src/features/temporal.py:65: RuntimeWarning: Mean of empty slice
  post_mean = np.nanmean(post, axis=0)
/Users/luisdehlwes/Documents/osapiens/makeathon-challenge-2026/solution/src/features/temporal.py:70: RuntimeWarning: All-NaN slice encountered
  "delta_min": np.nanmin(post, axis=0) - np.nanmin(baseline, axis=0),
/Users/luisdehlwes/Documents/osapiens/makeathon-challenge-2026/solution/src/features/temporal.py:71: RuntimeWarning: All-NaN slice encountered
  "delta_max": np.nanmax(post, axis=0) - np.nanmax(baseline, axis=0),
/Users/luisdehlwes/Documents/osapiens/makeathon-challenge-2026/solution/run_pipeline.py:181: RuntimeWarning: Mean of empty slice
  pooled = np.nanmean(aef_base_reproj[g*group_size:(g+1)*group_size], axis=0)
2026-04-17 23:23:31,240 INFO __main__:   48QVE_3_0: 54 features, shape (1008, 1008)
2026-04-17 23:23:31,290 INFO rasterio._env: GDAL signalled an error: err_no=4, msg='/Users/luisdehlwes/Documents/osapiens/makeathon-challenge-2026/data/makeathon-challenge/labels/train/glads2/glads2_48QVE_3_0_alert.tif: No such file or directory'
2026-04-17 23:23:31,327 INFO __main__:   48QVE_3_0: fused label — 68081/1016064 positive (6.70%)
2026-04-17 23:23:31,343 INFO __main__:   Sampled 50803 pixels (3388 positive)
2026-04-17 23:23:31,358 INFO __main__: [16/16] Processing 48QWD_2_2
/Users/luisdehlwes/Documents/osapiens/makeathon-challenge-2026/solution/src/features/temporal.py:19: RuntimeWarning: Mean of empty slice
  "mean": np.nanmean(time_series, axis=0),
/Users/luisdehlwes/Documents/osapiens/makeathon-challenge-2026/.venv/lib/python3.11/site-packages/numpy/lib/nanfunctions.py:1879: RuntimeWarning: Degrees of freedom <= 0 for slice.
  var = nanvar(a, axis=axis, dtype=dtype, out=out, ddof=ddof,
/Users/luisdehlwes/Documents/osapiens/makeathon-challenge-2026/solution/src/features/temporal.py:21: RuntimeWarning: All-NaN slice encountered
  "min": np.nanmin(time_series, axis=0),
/Users/luisdehlwes/Documents/osapiens/makeathon-challenge-2026/solution/src/features/temporal.py:22: RuntimeWarning: All-NaN slice encountered
  "max": np.nanmax(time_series, axis=0),
/Users/luisdehlwes/Documents/osapiens/makeathon-challenge-2026/solution/src/features/temporal.py:23: RuntimeWarning: All-NaN slice encountered
  "median": np.nanmedian(time_series, axis=0),
/Users/luisdehlwes/Documents/osapiens/makeathon-challenge-2026/solution/src/features/temporal.py:24: RuntimeWarning: All-NaN slice encountered
  "range": np.nanmax(time_series, axis=0) - np.nanmin(time_series, axis=0),
/Users/luisdehlwes/Documents/osapiens/makeathon-challenge-2026/solution/src/features/temporal.py:43: RuntimeWarning: Mean of empty slice
  y_mean = np.nanmean(flat, axis=0)
/Users/luisdehlwes/Documents/osapiens/makeathon-challenge-2026/solution/src/features/temporal.py:44: RuntimeWarning: Mean of empty slice
  cov = np.nanmean((x[:, None] - x_mean) * (flat - y_mean[None, :]), axis=0)
/Users/luisdehlwes/Documents/osapiens/makeathon-challenge-2026/solution/src/features/temporal.py:64: RuntimeWarning: Mean of empty slice
  base_mean = np.nanmean(baseline, axis=0)
/Users/luisdehlwes/Documents/osapiens/makeathon-challenge-2026/solution/src/features/temporal.py:65: RuntimeWarning: Mean of empty slice
  post_mean = np.nanmean(post, axis=0)
/Users/luisdehlwes/Documents/osapiens/makeathon-challenge-2026/solution/src/features/temporal.py:70: RuntimeWarning: All-NaN slice encountered
  "delta_min": np.nanmin(post, axis=0) - np.nanmin(baseline, axis=0),
/Users/luisdehlwes/Documents/osapiens/makeathon-challenge-2026/solution/src/features/temporal.py:71: RuntimeWarning: All-NaN slice encountered
  "delta_max": np.nanmax(post, axis=0) - np.nanmax(baseline, axis=0),
/Users/luisdehlwes/Documents/osapiens/makeathon-challenge-2026/solution/run_pipeline.py:181: RuntimeWarning: Mean of empty slice
  pooled = np.nanmean(aef_base_reproj[g*group_size:(g+1)*group_size], axis=0)
2026-04-17 23:23:52,522 INFO __main__:   48QWD_2_2: 54 features, shape (1004, 1003)
2026-04-17 23:23:52,572 INFO rasterio._env: GDAL signalled an error: err_no=4, msg='/Users/luisdehlwes/Documents/osapiens/makeathon-challenge-2026/data/makeathon-challenge/labels/train/glads2/glads2_48QWD_2_2_alert.tif: No such file or directory'
2026-04-17 23:23:52,608 INFO __main__:   48QWD_2_2: fused label — 59729/1007012 positive (5.93%)
2026-04-17 23:23:52,619 INFO __main__:   Sampled 50350 pixels (3021 positive)
2026-04-17 23:23:52,642 INFO __main__: 
Total training pixels: 710459 (54 features)
2026-04-17 23:23:52,643 INFO __main__: Positive rate: 0.0839
2026-04-17 23:23:52,643 INFO __main__: 
── Step 3: Training LightGBM ──
2026-04-17 23:23:52,693 INFO __main__: Train: 568367 | Val: 142092
2026-04-17 23:24:22,687 INFO __main__: Model saved to /Users/luisdehlwes/Documents/osapiens/makeathon-challenge-2026/solution/outputs/lgbm_model.pkl
2026-04-17 23:24:23,771 INFO __main__: Validation: F1=0.8100 | Precision=0.8196 | Recall=0.8006
2026-04-17 23:24:23,792 INFO __main__: 
── Step 4: Inference on Test Tiles ──
2026-04-17 23:24:23,792 INFO __main__: [1/5] Predicting 18NVJ_1_6
/Users/luisdehlwes/Documents/osapiens/makeathon-challenge-2026/solution/src/features/temporal.py:19: RuntimeWarning: Mean of empty slice
  "mean": np.nanmean(time_series, axis=0),
/Users/luisdehlwes/Documents/osapiens/makeathon-challenge-2026/.venv/lib/python3.11/site-packages/numpy/lib/nanfunctions.py:1879: RuntimeWarning: Degrees of freedom <= 0 for slice.
  var = nanvar(a, axis=axis, dtype=dtype, out=out, ddof=ddof,
/Users/luisdehlwes/Documents/osapiens/makeathon-challenge-2026/solution/src/features/temporal.py:21: RuntimeWarning: All-NaN slice encountered
  "min": np.nanmin(time_series, axis=0),
/Users/luisdehlwes/Documents/osapiens/makeathon-challenge-2026/solution/src/features/temporal.py:22: RuntimeWarning: All-NaN slice encountered
  "max": np.nanmax(time_series, axis=0),
/Users/luisdehlwes/Documents/osapiens/makeathon-challenge-2026/solution/src/features/temporal.py:23: RuntimeWarning: All-NaN slice encountered
  "median": np.nanmedian(time_series, axis=0),
/Users/luisdehlwes/Documents/osapiens/makeathon-challenge-2026/solution/src/features/temporal.py:24: RuntimeWarning: All-NaN slice encountered
  "range": np.nanmax(time_series, axis=0) - np.nanmin(time_series, axis=0),
/Users/luisdehlwes/Documents/osapiens/makeathon-challenge-2026/solution/src/features/temporal.py:43: RuntimeWarning: Mean of empty slice
  y_mean = np.nanmean(flat, axis=0)
/Users/luisdehlwes/Documents/osapiens/makeathon-challenge-2026/solution/src/features/temporal.py:44: RuntimeWarning: Mean of empty slice
  cov = np.nanmean((x[:, None] - x_mean) * (flat - y_mean[None, :]), axis=0)
/Users/luisdehlwes/Documents/osapiens/makeathon-challenge-2026/solution/src/features/temporal.py:64: RuntimeWarning: Mean of empty slice
  base_mean = np.nanmean(baseline, axis=0)
/Users/luisdehlwes/Documents/osapiens/makeathon-challenge-2026/solution/src/features/temporal.py:65: RuntimeWarning: Mean of empty slice
  post_mean = np.nanmean(post, axis=0)
/Users/luisdehlwes/Documents/osapiens/makeathon-challenge-2026/solution/src/features/temporal.py:70: RuntimeWarning: All-NaN slice encountered
  "delta_min": np.nanmin(post, axis=0) - np.nanmin(baseline, axis=0),
/Users/luisdehlwes/Documents/osapiens/makeathon-challenge-2026/solution/src/features/temporal.py:71: RuntimeWarning: All-NaN slice encountered
  "delta_max": np.nanmax(post, axis=0) - np.nanmax(baseline, axis=0),
/Users/luisdehlwes/Documents/osapiens/makeathon-challenge-2026/solution/run_pipeline.py:181: RuntimeWarning: Mean of empty slice
  pooled = np.nanmean(aef_base_reproj[g*group_size:(g+1)*group_size], axis=0)
2026-04-17 23:24:43,222 INFO __main__:   18NVJ_1_6: 54 features, shape (1002, 1002)
2026-04-17 23:24:48,756 INFO solution.src.inference.predict: Saved prediction: /Users/luisdehlwes/Documents/osapiens/makeathon-challenge-2026/solution/outputs/predictions/pred_18NVJ_1_6.tif
2026-04-17 23:24:48,757 INFO __main__:   18NVJ_1_6: 0 deforestation pixels (0.00%)
2026-04-17 23:24:48,778 INFO __main__: [2/5] Predicting 18NYH_2_1
/Users/luisdehlwes/Documents/osapiens/makeathon-challenge-2026/solution/src/features/temporal.py:19: RuntimeWarning: Mean of empty slice
  "mean": np.nanmean(time_series, axis=0),
/Users/luisdehlwes/Documents/osapiens/makeathon-challenge-2026/.venv/lib/python3.11/site-packages/numpy/lib/nanfunctions.py:1879: RuntimeWarning: Degrees of freedom <= 0 for slice.
  var = nanvar(a, axis=axis, dtype=dtype, out=out, ddof=ddof,
/Users/luisdehlwes/Documents/osapiens/makeathon-challenge-2026/solution/src/features/temporal.py:21: RuntimeWarning: All-NaN slice encountered
  "min": np.nanmin(time_series, axis=0),
/Users/luisdehlwes/Documents/osapiens/makeathon-challenge-2026/solution/src/features/temporal.py:22: RuntimeWarning: All-NaN slice encountered
  "max": np.nanmax(time_series, axis=0),
/Users/luisdehlwes/Documents/osapiens/makeathon-challenge-2026/solution/src/features/temporal.py:23: RuntimeWarning: All-NaN slice encountered
  "median": np.nanmedian(time_series, axis=0),
/Users/luisdehlwes/Documents/osapiens/makeathon-challenge-2026/solution/src/features/temporal.py:24: RuntimeWarning: All-NaN slice encountered
  "range": np.nanmax(time_series, axis=0) - np.nanmin(time_series, axis=0),
/Users/luisdehlwes/Documents/osapiens/makeathon-challenge-2026/solution/src/features/temporal.py:43: RuntimeWarning: Mean of empty slice
  y_mean = np.nanmean(flat, axis=0)
/Users/luisdehlwes/Documents/osapiens/makeathon-challenge-2026/solution/src/features/temporal.py:44: RuntimeWarning: Mean of empty slice
  cov = np.nanmean((x[:, None] - x_mean) * (flat - y_mean[None, :]), axis=0)
/Users/luisdehlwes/Documents/osapiens/makeathon-challenge-2026/solution/src/features/temporal.py:64: RuntimeWarning: Mean of empty slice
  base_mean = np.nanmean(baseline, axis=0)
/Users/luisdehlwes/Documents/osapiens/makeathon-challenge-2026/solution/src/features/temporal.py:65: RuntimeWarning: Mean of empty slice
  post_mean = np.nanmean(post, axis=0)
/Users/luisdehlwes/Documents/osapiens/makeathon-challenge-2026/solution/src/features/temporal.py:70: RuntimeWarning: All-NaN slice encountered
  "delta_min": np.nanmin(post, axis=0) - np.nanmin(baseline, axis=0),
/Users/luisdehlwes/Documents/osapiens/makeathon-challenge-2026/solution/src/features/temporal.py:71: RuntimeWarning: All-NaN slice encountered
  "delta_max": np.nanmax(post, axis=0) - np.nanmax(baseline, axis=0),
/Users/luisdehlwes/Documents/osapiens/makeathon-challenge-2026/solution/run_pipeline.py:181: RuntimeWarning: Mean of empty slice
  pooled = np.nanmean(aef_base_reproj[g*group_size:(g+1)*group_size], axis=0)
2026-04-17 23:25:07,688 INFO __main__:   18NYH_2_1: 54 features, shape (1004, 1004)
2026-04-17 23:25:13,188 INFO solution.src.inference.predict: Saved prediction: /Users/luisdehlwes/Documents/osapiens/makeathon-challenge-2026/solution/outputs/predictions/pred_18NYH_2_1.tif
2026-04-17 23:25:13,189 INFO __main__:   18NYH_2_1: 53462 deforestation pixels (5.30%)
2026-04-17 23:25:13,209 INFO __main__: [3/5] Predicting 33NTE_5_1
/Users/luisdehlwes/Documents/osapiens/makeathon-challenge-2026/solution/src/features/temporal.py:19: RuntimeWarning: Mean of empty slice
  "mean": np.nanmean(time_series, axis=0),
/Users/luisdehlwes/Documents/osapiens/makeathon-challenge-2026/.venv/lib/python3.11/site-packages/numpy/lib/nanfunctions.py:1879: RuntimeWarning: Degrees of freedom <= 0 for slice.
  var = nanvar(a, axis=axis, dtype=dtype, out=out, ddof=ddof,
/Users/luisdehlwes/Documents/osapiens/makeathon-challenge-2026/solution/src/features/temporal.py:21: RuntimeWarning: All-NaN slice encountered
  "min": np.nanmin(time_series, axis=0),
/Users/luisdehlwes/Documents/osapiens/makeathon-challenge-2026/solution/src/features/temporal.py:22: RuntimeWarning: All-NaN slice encountered
  "max": np.nanmax(time_series, axis=0),
/Users/luisdehlwes/Documents/osapiens/makeathon-challenge-2026/solution/src/features/temporal.py:23: RuntimeWarning: All-NaN slice encountered
  "median": np.nanmedian(time_series, axis=0),
/Users/luisdehlwes/Documents/osapiens/makeathon-challenge-2026/solution/src/features/temporal.py:24: RuntimeWarning: All-NaN slice encountered
  "range": np.nanmax(time_series, axis=0) - np.nanmin(time_series, axis=0),
/Users/luisdehlwes/Documents/osapiens/makeathon-challenge-2026/solution/src/features/temporal.py:43: RuntimeWarning: Mean of empty slice
  y_mean = np.nanmean(flat, axis=0)
/Users/luisdehlwes/Documents/osapiens/makeathon-challenge-2026/solution/src/features/temporal.py:44: RuntimeWarning: Mean of empty slice
  cov = np.nanmean((x[:, None] - x_mean) * (flat - y_mean[None, :]), axis=0)
/Users/luisdehlwes/Documents/osapiens/makeathon-challenge-2026/solution/src/features/temporal.py:64: RuntimeWarning: Mean of empty slice
  base_mean = np.nanmean(baseline, axis=0)
/Users/luisdehlwes/Documents/osapiens/makeathon-challenge-2026/solution/src/features/temporal.py:65: RuntimeWarning: Mean of empty slice
  post_mean = np.nanmean(post, axis=0)
/Users/luisdehlwes/Documents/osapiens/makeathon-challenge-2026/solution/src/features/temporal.py:70: RuntimeWarning: All-NaN slice encountered
  "delta_min": np.nanmin(post, axis=0) - np.nanmin(baseline, axis=0),
/Users/luisdehlwes/Documents/osapiens/makeathon-challenge-2026/solution/src/features/temporal.py:71: RuntimeWarning: All-NaN slice encountered
  "delta_max": np.nanmax(post, axis=0) - np.nanmax(baseline, axis=0),
/Users/luisdehlwes/Documents/osapiens/makeathon-challenge-2026/solution/run_pipeline.py:181: RuntimeWarning: Mean of empty slice
  pooled = np.nanmean(aef_base_reproj[g*group_size:(g+1)*group_size], axis=0)
2026-04-17 23:25:31,039 INFO __main__:   33NTE_5_1: 54 features, shape (1006, 1007)
2026-04-17 23:25:36,416 INFO solution.src.inference.predict: Saved prediction: /Users/luisdehlwes/Documents/osapiens/makeathon-challenge-2026/solution/outputs/predictions/pred_33NTE_5_1.tif
2026-04-17 23:25:36,416 INFO __main__:   33NTE_5_1: 9880 deforestation pixels (0.98%)
2026-04-17 23:25:36,437 INFO __main__: [4/5] Predicting 47QMA_6_2
/Users/luisdehlwes/Documents/osapiens/makeathon-challenge-2026/solution/src/features/temporal.py:19: RuntimeWarning: Mean of empty slice
  "mean": np.nanmean(time_series, axis=0),
/Users/luisdehlwes/Documents/osapiens/makeathon-challenge-2026/.venv/lib/python3.11/site-packages/numpy/lib/nanfunctions.py:1879: RuntimeWarning: Degrees of freedom <= 0 for slice.
  var = nanvar(a, axis=axis, dtype=dtype, out=out, ddof=ddof,
/Users/luisdehlwes/Documents/osapiens/makeathon-challenge-2026/solution/src/features/temporal.py:21: RuntimeWarning: All-NaN slice encountered
  "min": np.nanmin(time_series, axis=0),
/Users/luisdehlwes/Documents/osapiens/makeathon-challenge-2026/solution/src/features/temporal.py:22: RuntimeWarning: All-NaN slice encountered
  "max": np.nanmax(time_series, axis=0),
/Users/luisdehlwes/Documents/osapiens/makeathon-challenge-2026/solution/src/features/temporal.py:23: RuntimeWarning: All-NaN slice encountered
  "median": np.nanmedian(time_series, axis=0),
/Users/luisdehlwes/Documents/osapiens/makeathon-challenge-2026/solution/src/features/temporal.py:24: RuntimeWarning: All-NaN slice encountered
  "range": np.nanmax(time_series, axis=0) - np.nanmin(time_series, axis=0),
/Users/luisdehlwes/Documents/osapiens/makeathon-challenge-2026/solution/src/features/temporal.py:43: RuntimeWarning: Mean of empty slice
  y_mean = np.nanmean(flat, axis=0)
/Users/luisdehlwes/Documents/osapiens/makeathon-challenge-2026/solution/src/features/temporal.py:44: RuntimeWarning: Mean of empty slice
  cov = np.nanmean((x[:, None] - x_mean) * (flat - y_mean[None, :]), axis=0)
/Users/luisdehlwes/Documents/osapiens/makeathon-challenge-2026/solution/src/features/temporal.py:64: RuntimeWarning: Mean of empty slice
  base_mean = np.nanmean(baseline, axis=0)
/Users/luisdehlwes/Documents/osapiens/makeathon-challenge-2026/solution/src/features/temporal.py:65: RuntimeWarning: Mean of empty slice
  post_mean = np.nanmean(post, axis=0)
/Users/luisdehlwes/Documents/osapiens/makeathon-challenge-2026/solution/src/features/temporal.py:70: RuntimeWarning: All-NaN slice encountered
  "delta_min": np.nanmin(post, axis=0) - np.nanmin(baseline, axis=0),
/Users/luisdehlwes/Documents/osapiens/makeathon-challenge-2026/solution/src/features/temporal.py:71: RuntimeWarning: All-NaN slice encountered
  "delta_max": np.nanmax(post, axis=0) - np.nanmax(baseline, axis=0),
/Users/luisdehlwes/Documents/osapiens/makeathon-challenge-2026/solution/run_pipeline.py:181: RuntimeWarning: Mean of empty slice
  pooled = np.nanmean(aef_base_reproj[g*group_size:(g+1)*group_size], axis=0)
2026-04-17 23:25:55,682 INFO __main__:   47QMA_6_2: 42 features, shape (1004, 1005)
[LightGBM] [Fatal] The number of features in data (42) is not the same as it was in training data (54).
You can set ``predict_disable_shape_check=true`` to discard this error, but please be aware what you are doing.
Training until validation scores don't improve for 50 rounds
[100]	train's binary_logloss: 0.0692456	val's binary_logloss: 0.079546
[200]	train's binary_logloss: 0.0585007	val's binary_logloss: 0.076656
[300]	train's binary_logloss: 0.0515156	val's binary_logloss: 0.0756735
[400]	train's binary_logloss: 0.0457817	val's binary_logloss: 0.0749496
[500]	train's binary_logloss: 0.040973	val's binary_logloss: 0.0745111
[600]	train's binary_logloss: 0.0368329	val's binary_logloss: 0.074293
[700]	train's binary_logloss: 0.0331426	val's binary_logloss: 0.0740861
[800]	train's binary_logloss: 0.0298869	val's binary_logloss: 0.0740718
[900]	train's binary_logloss: 0.0268968	val's binary_logloss: 0.0740356
Early stopping, best iteration is:
[860]	train's binary_logloss: 0.0280465	val's binary_logloss: 0.0739847
Traceback (most recent call last):
  File "/Users/luisdehlwes/Documents/osapiens/makeathon-challenge-2026/solution/run_pipeline.py", line 432, in <module>
    main()
  File "/Users/luisdehlwes/Documents/osapiens/makeathon-challenge-2026/solution/run_pipeline.py", line 398, in main
    pred = predict_tile_gbm(model, features, threshold=0.5)
           ^^^^^^^^^^^^^^^^^^^^^^^^^^^^^^^^^^^^^^^^^^^^^^^^
  File "/Users/luisdehlwes/Documents/osapiens/makeathon-challenge-2026/solution/src/inference/predict.py", line 31, in predict_tile_gbm
    probs = model.predict(X, num_iteration=model.best_iteration)
            ^^^^^^^^^^^^^^^^^^^^^^^^^^^^^^^^^^^^^^^^^^^^^^^^^^^^
  File "/Users/luisdehlwes/Documents/osapiens/makeathon-challenge-2026/.venv/lib/python3.11/site-packages/lightgbm/basic.py", line 4767, in predict
    return predictor.predict(
           ^^^^^^^^^^^^^^^^^^
  File "/Users/luisdehlwes/Documents/osapiens/makeathon-challenge-2026/.venv/lib/python3.11/site-packages/lightgbm/basic.py", line 1204, in predict
    preds, nrow = self.__pred_for_np2d(
                  ^^^^^^^^^^^^^^^^^^^^^
  File "/Users/luisdehlwes/Documents/osapiens/makeathon-challenge-2026/.venv/lib/python3.11/site-packages/lightgbm/basic.py", line 1361, in __pred_for_np2d
    return self.__inner_predict_np2d(
           ^^^^^^^^^^^^^^^^^^^^^^^^^^
  File "/Users/luisdehlwes/Documents/osapiens/makeathon-challenge-2026/.venv/lib/python3.11/site-packages/lightgbm/basic.py", line 1307, in __inner_predict_np2d
    _safe_call(
  File "/Users/luisdehlwes/Documents/osapiens/makeathon-challenge-2026/.venv/lib/python3.11/site-packages/lightgbm/basic.py", line 313, in _safe_call
    raise LightGBMError(_LIB.LGBM_GetLastError().decode("utf-8"))
lightgbm.basic.LightGBMError: The number of features in data (42) is not the same as it was in training data (54).
You can set ``predict_disable_shape_check=true`` to discard this error, but please be aware what you are doing.
